{"/mnt/c/Users/cozuna/Desktop/rapigoo-app/api/apiClient.js": {"path":"/mnt/c/Users/cozuna/Desktop/rapigoo-app/api/apiClient.js","statementMap":{"0":{"start":{"line":5,"column":18},"end":{"line":8,"column":2}},"1":{"start":{"line":10,"column":0},"end":{"line":22,"column":2}},"2":{"start":{"line":12,"column":18},"end":{"line":12,"column":53}},"3":{"start":{"line":13,"column":4},"end":{"line":18,"column":5}},"4":{"start":{"line":14,"column":6},"end":{"line":14,"column":55}},"5":{"start":{"line":15,"column":6},"end":{"line":15,"column":86}},"6":{"start":{"line":17,"column":6},"end":{"line":17,"column":48}},"7":{"start":{"line":19,"column":4},"end":{"line":19,"column":18}},"8":{"start":{"line":21,"column":9},"end":{"line":21,"column":28}},"9":{"start":{"line":24,"column":0},"end":{"line":34,"column":2}},"10":{"start":{"line":25,"column":9},"end":{"line":25,"column":12}},"11":{"start":{"line":27,"column":4},"end":{"line":31,"column":5}},"12":{"start":{"line":28,"column":6},"end":{"line":28,"column":69}},"13":{"start":{"line":29,"column":6},"end":{"line":29,"column":39}},"14":{"start":{"line":30,"column":6},"end":{"line":30,"column":42}},"15":{"start":{"line":32,"column":4},"end":{"line":32,"column":31}}},"fnMap":{"0":{"name":"(anonymous_0)","decl":{"start":{"line":11,"column":2},"end":{"line":11,"column":3}},"loc":{"start":{"line":11,"column":18},"end":{"line":20,"column":3}},"line":11},"1":{"name":"(anonymous_1)","decl":{"start":{"line":21,"column":2},"end":{"line":21,"column":3}},"loc":{"start":{"line":21,"column":9},"end":{"line":21,"column":28}},"line":21},"2":{"name":"(anonymous_2)","decl":{"start":{"line":25,"column":2},"end":{"line":25,"column":3}},"loc":{"start":{"line":25,"column":9},"end":{"line":25,"column":12}},"line":25},"3":{"name":"(anonymous_3)","decl":{"start":{"line":26,"column":2},"end":{"line":26,"column":3}},"loc":{"start":{"line":26,"column":9},"end":{"line":33,"column":3}},"line":26}},"branchMap":{"0":{"loc":{"start":{"line":13,"column":4},"end":{"line":18,"column":5}},"type":"if","locations":[{"start":{"line":13,"column":4},"end":{"line":18,"column":5}},{"start":{"line":16,"column":11},"end":{"line":18,"column":5}}],"line":13},"1":{"loc":{"start":{"line":27,"column":4},"end":{"line":31,"column":5}},"type":"if","locations":[{"start":{"line":27,"column":4},"end":{"line":31,"column":5}},{"start":{},"end":{}}],"line":27}},"s":{"0":0,"1":0,"2":0,"3":0,"4":0,"5":0,"6":0,"7":0,"8":0,"9":0,"10":0,"11":0,"12":0,"13":0,"14":0,"15":0},"f":{"0":0,"1":0,"2":0,"3":0},"b":{"0":[0,0],"1":[0,0]}}
,"/mnt/c/Users/cozuna/Desktop/rapigoo-app/api/auth.js": {"path":"/mnt/c/Users/cozuna/Desktop/rapigoo-app/api/auth.js","statementMap":{"0":{"start":{"line":5,"column":28},"end":{"line":12,"column":1}},"1":{"start":{"line":6,"column":19},"end":{"line":10,"column":4}},"2":{"start":{"line":11,"column":2},"end":{"line":11,"column":23}},"3":{"start":{"line":15,"column":25},"end":{"line":26,"column":1}},"4":{"start":{"line":16,"column":2},"end":{"line":16,"column":49}},"5":{"start":{"line":18,"column":19},"end":{"line":21,"column":4}},"6":{"start":{"line":23,"column":2},"end":{"line":23,"column":50}},"7":{"start":{"line":24,"column":2},"end":{"line":24,"column":59}},"8":{"start":{"line":25,"column":2},"end":{"line":25,"column":28}},"9":{"start":{"line":29,"column":26},"end":{"line":31,"column":1}},"10":{"start":{"line":30,"column":2},"end":{"line":30,"column":41}},"11":{"start":{"line":34,"column":30},"end":{"line":37,"column":1}},"12":{"start":{"line":35,"column":19},"end":{"line":35,"column":52}},"13":{"start":{"line":36,"column":2},"end":{"line":36,"column":23}},"14":{"start":{"line":40,"column":33},"end":{"line":43,"column":1}},"15":{"start":{"line":41,"column":19},"end":{"line":41,"column":68}},"16":{"start":{"line":42,"column":2},"end":{"line":42,"column":23}},"17":{"start":{"line":46,"column":30},"end":{"line":49,"column":1}},"18":{"start":{"line":47,"column":19},"end":{"line":47,"column":78}},"19":{"start":{"line":48,"column":2},"end":{"line":48,"column":23}},"20":{"start":{"line":52,"column":31},"end":{"line":79,"column":1}},"21":{"start":{"line":53,"column":17},"end":{"line":53,"column":19}},"22":{"start":{"line":54,"column":18},"end":{"line":54,"column":20}},"23":{"start":{"line":55,"column":13},"end":{"line":55,"column":15}},"24":{"start":{"line":57,"column":2},"end":{"line":70,"column":3}},"25":{"start":{"line":58,"column":4},"end":{"line":58,"column":39}},"26":{"start":{"line":59,"column":4},"end":{"line":59,"column":27}},"27":{"start":{"line":60,"column":9},"end":{"line":70,"column":3}},"28":{"start":{"line":61,"column":4},"end":{"line":61,"column":37}},"29":{"start":{"line":62,"column":18},"end":{"line":62,"column":53}},"30":{"start":{"line":63,"column":4},"end":{"line":63,"column":46}},"31":{"start":{"line":64,"column":4},"end":{"line":64,"column":37}},"32":{"start":{"line":65,"column":9},"end":{"line":70,"column":3}},"33":{"start":{"line":66,"column":4},"end":{"line":66,"column":35}},"34":{"start":{"line":67,"column":4},"end":{"line":67,"column":27}},"35":{"start":{"line":69,"column":4},"end":{"line":69,"column":41}},"36":{"start":{"line":72,"column":19},"end":{"line":72,"column":79}},"37":{"start":{"line":74,"column":2},"end":{"line":77,"column":3}},"38":{"start":{"line":75,"column":28},"end":{"line":75,"column":41}},"39":{"start":{"line":76,"column":4},"end":{"line":76,"column":27}},"40":{"start":{"line":78,"column":2},"end":{"line":78,"column":27}},"41":{"start":{"line":82,"column":38},"end":{"line":95,"column":1}},"42":{"start":{"line":83,"column":18},"end":{"line":83,"column":20}},"43":{"start":{"line":85,"column":2},"end":{"line":88,"column":3}},"44":{"start":{"line":86,"column":18},"end":{"line":86,"column":53}},"45":{"start":{"line":87,"column":4},"end":{"line":87,"column":46}},"46":{"start":{"line":90,"column":19},"end":{"line":93,"column":3}},"47":{"start":{"line":94,"column":2},"end":{"line":94,"column":23}},"48":{"start":{"line":98,"column":30},"end":{"line":101,"column":1}},"49":{"start":{"line":99,"column":19},"end":{"line":99,"column":75}},"50":{"start":{"line":100,"column":2},"end":{"line":100,"column":23}},"51":{"start":{"line":104,"column":29},"end":{"line":110,"column":1}},"52":{"start":{"line":105,"column":19},"end":{"line":108,"column":4}},"53":{"start":{"line":109,"column":2},"end":{"line":109,"column":23}}},"fnMap":{"0":{"name":"(anonymous_0)","decl":{"start":{"line":5,"column":28},"end":{"line":5,"column":29}},"loc":{"start":{"line":5,"column":65},"end":{"line":12,"column":1}},"line":5},"1":{"name":"(anonymous_1)","decl":{"start":{"line":15,"column":25},"end":{"line":15,"column":26}},"loc":{"start":{"line":15,"column":56},"end":{"line":26,"column":1}},"line":15},"2":{"name":"(anonymous_2)","decl":{"start":{"line":29,"column":26},"end":{"line":29,"column":27}},"loc":{"start":{"line":29,"column":38},"end":{"line":31,"column":1}},"line":29},"3":{"name":"(anonymous_3)","decl":{"start":{"line":34,"column":30},"end":{"line":34,"column":31}},"loc":{"start":{"line":34,"column":42},"end":{"line":37,"column":1}},"line":34},"4":{"name":"(anonymous_4)","decl":{"start":{"line":40,"column":33},"end":{"line":40,"column":34}},"loc":{"start":{"line":40,"column":49},"end":{"line":43,"column":1}},"line":40},"5":{"name":"(anonymous_5)","decl":{"start":{"line":46,"column":30},"end":{"line":46,"column":31}},"loc":{"start":{"line":46,"column":50},"end":{"line":49,"column":1}},"line":46},"6":{"name":"(anonymous_6)","decl":{"start":{"line":52,"column":31},"end":{"line":52,"column":32}},"loc":{"start":{"line":52,"column":80},"end":{"line":79,"column":1}},"line":52},"7":{"name":"(anonymous_7)","decl":{"start":{"line":82,"column":38},"end":{"line":82,"column":39}},"loc":{"start":{"line":82,"column":68},"end":{"line":95,"column":1}},"line":82},"8":{"name":"(anonymous_8)","decl":{"start":{"line":98,"column":30},"end":{"line":98,"column":31}},"loc":{"start":{"line":98,"column":47},"end":{"line":101,"column":1}},"line":98},"9":{"name":"(anonymous_9)","decl":{"start":{"line":104,"column":29},"end":{"line":104,"column":30}},"loc":{"start":{"line":104,"column":63},"end":{"line":110,"column":1}},"line":104}},"branchMap":{"0":{"loc":{"start":{"line":52,"column":53},"end":{"line":52,"column":73}},"type":"default-arg","locations":[{"start":{"line":52,"column":63},"end":{"line":52,"column":73}}],"line":52},"1":{"loc":{"start":{"line":57,"column":2},"end":{"line":70,"column":3}},"type":"if","locations":[{"start":{"line":57,"column":2},"end":{"line":70,"column":3}},{"start":{"line":60,"column":9},"end":{"line":70,"column":3}}],"line":57},"2":{"loc":{"start":{"line":60,"column":9},"end":{"line":70,"column":3}},"type":"if","locations":[{"start":{"line":60,"column":9},"end":{"line":70,"column":3}},{"start":{"line":65,"column":9},"end":{"line":70,"column":3}}],"line":60},"3":{"loc":{"start":{"line":65,"column":9},"end":{"line":70,"column":3}},"type":"if","locations":[{"start":{"line":65,"column":9},"end":{"line":70,"column":3}},{"start":{"line":68,"column":9},"end":{"line":70,"column":3}}],"line":65},"4":{"loc":{"start":{"line":74,"column":2},"end":{"line":77,"column":3}},"type":"if","locations":[{"start":{"line":74,"column":2},"end":{"line":77,"column":3}},{"start":{},"end":{}}],"line":74},"5":{"loc":{"start":{"line":85,"column":2},"end":{"line":88,"column":3}},"type":"if","locations":[{"start":{"line":85,"column":2},"end":{"line":88,"column":3}},{"start":{},"end":{}}],"line":85}},"s":{"0":0,"1":0,"2":0,"3":0,"4":0,"5":0,"6":0,"7":0,"8":0,"9":0,"10":0,"11":0,"12":0,"13":0,"14":0,"15":0,"16":0,"17":0,"18":0,"19":0,"20":0,"21":0,"22":0,"23":0,"24":0,"25":0,"26":0,"27":0,"28":0,"29":0,"30":0,"31":0,"32":0,"33":0,"34":0,"35":0,"36":0,"37":0,"38":0,"39":0,"40":0,"41":0,"42":0,"43":0,"44":0,"45":0,"46":0,"47":0,"48":0,"49":0,"50":0,"51":0,"52":0,"53":0},"f":{"0":0,"1":0,"2":0,"3":0,"4":0,"5":0,"6":0,"7":0,"8":0,"9":0},"b":{"0":[0],"1":[0,0],"2":[0,0],"3":[0,0],"4":[0,0],"5":[0,0]}}
,"/mnt/c/Users/cozuna/Desktop/rapigoo-app/api/merchant.js": {"path":"/mnt/c/Users/cozuna/Desktop/rapigoo-app/api/merchant.js","statementMap":{"0":{"start":{"line":5,"column":32},"end":{"line":9,"column":1}},"1":{"start":{"line":6,"column":19},"end":{"line":6,"column":88}},"2":{"start":{"line":7,"column":2},"end":{"line":7,"column":51}},"3":{"start":{"line":7,"column":21},"end":{"line":7,"column":51}},"4":{"start":{"line":8,"column":2},"end":{"line":8,"column":14}},"5":{"start":{"line":12,"column":34},"end":{"line":21,"column":1}},"6":{"start":{"line":13,"column":19},"end":{"line":13,"column":91}},"7":{"start":{"line":15,"column":2},"end":{"line":15,"column":73}},"8":{"start":{"line":15,"column":33},"end":{"line":15,"column":73}},"9":{"start":{"line":17,"column":2},"end":{"line":17,"column":50}},"10":{"start":{"line":18,"column":2},"end":{"line":18,"column":64}},"11":{"start":{"line":20,"column":2},"end":{"line":20,"column":48}},"12":{"start":{"line":24,"column":29},"end":{"line":33,"column":1}},"13":{"start":{"line":25,"column":19},"end":{"line":25,"column":79}},"14":{"start":{"line":27,"column":2},"end":{"line":27,"column":66}},"15":{"start":{"line":27,"column":33},"end":{"line":27,"column":66}},"16":{"start":{"line":29,"column":2},"end":{"line":29,"column":50}},"17":{"start":{"line":30,"column":2},"end":{"line":30,"column":64}},"18":{"start":{"line":32,"column":2},"end":{"line":32,"column":48}},"19":{"start":{"line":36,"column":35},"end":{"line":57,"column":1}},"20":{"start":{"line":45,"column":19},"end":{"line":53,"column":4}},"21":{"start":{"line":55,"column":2},"end":{"line":55,"column":51}},"22":{"start":{"line":55,"column":21},"end":{"line":55,"column":51}},"23":{"start":{"line":56,"column":2},"end":{"line":56,"column":14}},"24":{"start":{"line":60,"column":38},"end":{"line":64,"column":1}},"25":{"start":{"line":61,"column":19},"end":{"line":61,"column":81}},"26":{"start":{"line":62,"column":2},"end":{"line":62,"column":51}},"27":{"start":{"line":62,"column":21},"end":{"line":62,"column":51}},"28":{"start":{"line":63,"column":2},"end":{"line":63,"column":19}},"29":{"start":{"line":67,"column":40},"end":{"line":71,"column":1}},"30":{"start":{"line":68,"column":19},"end":{"line":68,"column":72}},"31":{"start":{"line":69,"column":2},"end":{"line":69,"column":51}},"32":{"start":{"line":69,"column":21},"end":{"line":69,"column":51}},"33":{"start":{"line":70,"column":2},"end":{"line":70,"column":19}}},"fnMap":{"0":{"name":"(anonymous_0)","decl":{"start":{"line":5,"column":32},"end":{"line":5,"column":33}},"loc":{"start":{"line":5,"column":69},"end":{"line":9,"column":1}},"line":5},"1":{"name":"(anonymous_1)","decl":{"start":{"line":12,"column":34},"end":{"line":12,"column":35}},"loc":{"start":{"line":12,"column":61},"end":{"line":21,"column":1}},"line":12},"2":{"name":"(anonymous_2)","decl":{"start":{"line":24,"column":29},"end":{"line":24,"column":30}},"loc":{"start":{"line":24,"column":60},"end":{"line":33,"column":1}},"line":24},"3":{"name":"(anonymous_3)","decl":{"start":{"line":36,"column":35},"end":{"line":36,"column":36}},"loc":{"start":{"line":44,"column":6},"end":{"line":57,"column":1}},"line":44},"4":{"name":"(anonymous_4)","decl":{"start":{"line":60,"column":38},"end":{"line":60,"column":39}},"loc":{"start":{"line":60,"column":58},"end":{"line":64,"column":1}},"line":60},"5":{"name":"(anonymous_5)","decl":{"start":{"line":67,"column":40},"end":{"line":67,"column":41}},"loc":{"start":{"line":67,"column":62},"end":{"line":71,"column":1}},"line":67}},"branchMap":{"0":{"loc":{"start":{"line":7,"column":2},"end":{"line":7,"column":51}},"type":"if","locations":[{"start":{"line":7,"column":2},"end":{"line":7,"column":51}},{"start":{},"end":{}}],"line":7},"1":{"loc":{"start":{"line":15,"column":2},"end":{"line":15,"column":73}},"type":"if","locations":[{"start":{"line":15,"column":2},"end":{"line":15,"column":73}},{"start":{},"end":{}}],"line":15},"2":{"loc":{"start":{"line":15,"column":6},"end":{"line":15,"column":31}},"type":"binary-expr","locations":[{"start":{"line":15,"column":6},"end":{"line":15,"column":17}},{"start":{"line":15,"column":21},"end":{"line":15,"column":31}}],"line":15},"3":{"loc":{"start":{"line":27,"column":2},"end":{"line":27,"column":66}},"type":"if","locations":[{"start":{"line":27,"column":2},"end":{"line":27,"column":66}},{"start":{},"end":{}}],"line":27},"4":{"loc":{"start":{"line":27,"column":6},"end":{"line":27,"column":31}},"type":"binary-expr","locations":[{"start":{"line":27,"column":6},"end":{"line":27,"column":17}},{"start":{"line":27,"column":21},"end":{"line":27,"column":31}}],"line":27},"5":{"loc":{"start":{"line":55,"column":2},"end":{"line":55,"column":51}},"type":"if","locations":[{"start":{"line":55,"column":2},"end":{"line":55,"column":51}},{"start":{},"end":{}}],"line":55},"6":{"loc":{"start":{"line":62,"column":2},"end":{"line":62,"column":51}},"type":"if","locations":[{"start":{"line":62,"column":2},"end":{"line":62,"column":51}},{"start":{},"end":{}}],"line":62},"7":{"loc":{"start":{"line":69,"column":2},"end":{"line":69,"column":51}},"type":"if","locations":[{"start":{"line":69,"column":2},"end":{"line":69,"column":51}},{"start":{},"end":{}}],"line":69}},"s":{"0":0,"1":0,"2":0,"3":0,"4":0,"5":0,"6":0,"7":0,"8":0,"9":0,"10":0,"11":0,"12":0,"13":0,"14":0,"15":0,"16":0,"17":0,"18":0,"19":0,"20":0,"21":0,"22":0,"23":0,"24":0,"25":0,"26":0,"27":0,"28":0,"29":0,"30":0,"31":0,"32":0,"33":0},"f":{"0":0,"1":0,"2":0,"3":0,"4":0,"5":0},"b":{"0":[0,0],"1":[0,0],"2":[0,0],"3":[0,0],"4":[0,0],"5":[0,0],"6":[0,0],"7":[0,0]}}
,"/mnt/c/Users/cozuna/Desktop/rapigoo-app/api/serviceApi.js": {"path":"/mnt/c/Users/cozuna/Desktop/rapigoo-app/api/serviceApi.js","statementMap":{"0":{"start":{"line":4,"column":2},"end":{"line":12,"column":3}},"1":{"start":{"line":5,"column":21},"end":{"line":5,"column":58}},"2":{"start":{"line":6,"column":4},"end":{"line":6,"column":53}},"3":{"start":{"line":6,"column":23},"end":{"line":6,"column":53}},"4":{"start":{"line":7,"column":4},"end":{"line":7,"column":21}},"5":{"start":{"line":9,"column":16},"end":{"line":9,"column":58}},"6":{"start":{"line":10,"column":4},"end":{"line":10,"column":43}},"7":{"start":{"line":11,"column":4},"end":{"line":11,"column":25}},"8":{"start":{"line":23,"column":2},"end":{"line":51,"column":3}},"9":{"start":{"line":24,"column":4},"end":{"line":30,"column":7}},"10":{"start":{"line":32,"column":4},"end":{"line":34,"column":5}},"11":{"start":{"line":33,"column":6},"end":{"line":33,"column":59}},"12":{"start":{"line":36,"column":21},"end":{"line":43,"column":6}},"13":{"start":{"line":45,"column":4},"end":{"line":45,"column":53}},"14":{"start":{"line":45,"column":23},"end":{"line":45,"column":53}},"15":{"start":{"line":46,"column":4},"end":{"line":46,"column":24}},"16":{"start":{"line":48,"column":16},"end":{"line":48,"column":58}},"17":{"start":{"line":49,"column":4},"end":{"line":49,"column":51}},"18":{"start":{"line":50,"column":4},"end":{"line":50,"column":25}},"19":{"start":{"line":55,"column":2},"end":{"line":63,"column":3}},"20":{"start":{"line":56,"column":21},"end":{"line":56,"column":67}},"21":{"start":{"line":57,"column":4},"end":{"line":57,"column":53}},"22":{"start":{"line":57,"column":23},"end":{"line":57,"column":53}},"23":{"start":{"line":58,"column":4},"end":{"line":58,"column":21}},"24":{"start":{"line":60,"column":16},"end":{"line":60,"column":58}},"25":{"start":{"line":61,"column":4},"end":{"line":61,"column":51}},"26":{"start":{"line":62,"column":4},"end":{"line":62,"column":25}},"27":{"start":{"line":67,"column":2},"end":{"line":75,"column":3}},"28":{"start":{"line":68,"column":21},"end":{"line":68,"column":74}},"29":{"start":{"line":69,"column":4},"end":{"line":69,"column":53}},"30":{"start":{"line":69,"column":23},"end":{"line":69,"column":53}},"31":{"start":{"line":70,"column":4},"end":{"line":70,"column":21}},"32":{"start":{"line":72,"column":16},"end":{"line":72,"column":58}},"33":{"start":{"line":73,"column":4},"end":{"line":73,"column":54}},"34":{"start":{"line":74,"column":4},"end":{"line":74,"column":25}}},"fnMap":{"0":{"name":"getMyServices","decl":{"start":{"line":3,"column":22},"end":{"line":3,"column":35}},"loc":{"start":{"line":3,"column":38},"end":{"line":13,"column":1}},"line":3},"1":{"name":"createOrUpdateService","decl":{"start":{"line":15,"column":22},"end":{"line":15,"column":43}},"loc":{"start":{"line":22,"column":3},"end":{"line":52,"column":1}},"line":22},"2":{"name":"getServicesByMerchant","decl":{"start":{"line":54,"column":22},"end":{"line":54,"column":43}},"loc":{"start":{"line":54,"column":56},"end":{"line":64,"column":1}},"line":54},"3":{"name":"getMerchantPublicProfile","decl":{"start":{"line":66,"column":22},"end":{"line":66,"column":46}},"loc":{"start":{"line":66,"column":59},"end":{"line":76,"column":1}},"line":66}},"branchMap":{"0":{"loc":{"start":{"line":6,"column":4},"end":{"line":6,"column":53}},"type":"if","locations":[{"start":{"line":6,"column":4},"end":{"line":6,"column":53}},{"start":{},"end":{}}],"line":6},"1":{"loc":{"start":{"line":9,"column":16},"end":{"line":9,"column":58}},"type":"binary-expr","locations":[{"start":{"line":9,"column":16},"end":{"line":9,"column":43}},{"start":{"line":9,"column":47},"end":{"line":9,"column":58}}],"line":9},"2":{"loc":{"start":{"line":32,"column":4},"end":{"line":34,"column":5}},"type":"if","locations":[{"start":{"line":32,"column":4},"end":{"line":34,"column":5}},{"start":{},"end":{}}],"line":32},"3":{"loc":{"start":{"line":32,"column":8},"end":{"line":32,"column":63}},"type":"binary-expr","locations":[{"start":{"line":32,"column":8},"end":{"line":32,"column":14}},{"start":{"line":32,"column":18},"end":{"line":32,"column":24}},{"start":{"line":32,"column":28},"end":{"line":32,"column":34}},{"start":{"line":32,"column":38},"end":{"line":32,"column":47}},{"start":{"line":32,"column":51},"end":{"line":32,"column":63}}],"line":32},"4":{"loc":{"start":{"line":45,"column":4},"end":{"line":45,"column":53}},"type":"if","locations":[{"start":{"line":45,"column":4},"end":{"line":45,"column":53}},{"start":{},"end":{}}],"line":45},"5":{"loc":{"start":{"line":48,"column":16},"end":{"line":48,"column":58}},"type":"binary-expr","locations":[{"start":{"line":48,"column":16},"end":{"line":48,"column":43}},{"start":{"line":48,"column":47},"end":{"line":48,"column":58}}],"line":48},"6":{"loc":{"start":{"line":57,"column":4},"end":{"line":57,"column":53}},"type":"if","locations":[{"start":{"line":57,"column":4},"end":{"line":57,"column":53}},{"start":{},"end":{}}],"line":57},"7":{"loc":{"start":{"line":60,"column":16},"end":{"line":60,"column":58}},"type":"binary-expr","locations":[{"start":{"line":60,"column":16},"end":{"line":60,"column":43}},{"start":{"line":60,"column":47},"end":{"line":60,"column":58}}],"line":60},"8":{"loc":{"start":{"line":69,"column":4},"end":{"line":69,"column":53}},"type":"if","locations":[{"start":{"line":69,"column":4},"end":{"line":69,"column":53}},{"start":{},"end":{}}],"line":69},"9":{"loc":{"start":{"line":72,"column":16},"end":{"line":72,"column":58}},"type":"binary-expr","locations":[{"start":{"line":72,"column":16},"end":{"line":72,"column":43}},{"start":{"line":72,"column":47},"end":{"line":72,"column":58}}],"line":72}},"s":{"0":0,"1":0,"2":0,"3":0,"4":0,"5":0,"6":0,"7":0,"8":0,"9":0,"10":0,"11":0,"12":0,"13":0,"14":0,"15":0,"16":0,"17":0,"18":0,"19":0,"20":0,"21":0,"22":0,"23":0,"24":0,"25":0,"26":0,"27":0,"28":0,"29":0,"30":0,"31":0,"32":0,"33":0,"34":0},"f":{"0":0,"1":0,"2":0,"3":0},"b":{"0":[0,0],"1":[0,0],"2":[0,0],"3":[0,0,0,0,0],"4":[0,0],"5":[0,0],"6":[0,0],"7":[0,0],"8":[0,0],"9":[0,0]}}
,"/mnt/c/Users/cozuna/Desktop/rapigoo-app/components/AddServiceScreen.js": {"path":"/mnt/c/Users/cozuna/Desktop/rapigoo-app/components/AddServiceScreen.js","statementMap":{"0":{"start":{"line":18,"column":25},"end":{"line":157,"column":1}},"1":{"start":{"line":19,"column":21},"end":{"line":19,"column":36}},"2":{"start":{"line":20,"column":16},"end":{"line":20,"column":26}},"3":{"start":{"line":21,"column":26},"end":{"line":21,"column":46}},"4":{"start":{"line":23,"column":18},"end":{"line":23,"column":41}},"5":{"start":{"line":25,"column":28},"end":{"line":25,"column":40}},"6":{"start":{"line":26,"column":28},"end":{"line":26,"column":40}},"7":{"start":{"line":27,"column":28},"end":{"line":27,"column":40}},"8":{"start":{"line":28,"column":34},"end":{"line":28,"column":46}},"9":{"start":{"line":29,"column":40},"end":{"line":29,"column":52}},"10":{"start":{"line":31,"column":2},"end":{"line":40,"column":21}},"11":{"start":{"line":32,"column":4},"end":{"line":39,"column":5}},"12":{"start":{"line":33,"column":26},"end":{"line":33,"column":38}},"13":{"start":{"line":34,"column":6},"end":{"line":34,"column":30}},"14":{"start":{"line":35,"column":6},"end":{"line":35,"column":30}},"15":{"start":{"line":36,"column":6},"end":{"line":36,"column":41}},"16":{"start":{"line":37,"column":6},"end":{"line":37,"column":36}},"17":{"start":{"line":38,"column":6},"end":{"line":38,"column":42}},"18":{"start":{"line":42,"column":20},"end":{"line":51,"column":3}},"19":{"start":{"line":43,"column":19},"end":{"line":46,"column":6}},"20":{"start":{"line":48,"column":4},"end":{"line":50,"column":5}},"21":{"start":{"line":49,"column":6},"end":{"line":49,"column":37}},"22":{"start":{"line":53,"column":21},"end":{"line":91,"column":3}},"23":{"start":{"line":54,"column":4},"end":{"line":56,"column":5}},"24":{"start":{"line":55,"column":6},"end":{"line":55,"column":85}},"25":{"start":{"line":59,"column":23},"end":{"line":59,"column":48}},"26":{"start":{"line":60,"column":4},"end":{"line":62,"column":5}},"27":{"start":{"line":61,"column":6},"end":{"line":61,"column":94}},"28":{"start":{"line":64,"column":4},"end":{"line":90,"column":5}},"29":{"start":{"line":65,"column":6},"end":{"line":72,"column":9}},"30":{"start":{"line":74,"column":6},"end":{"line":74,"column":81}},"31":{"start":{"line":75,"column":6},"end":{"line":75,"column":26}},"32":{"start":{"line":77,"column":16},"end":{"line":77,"column":29}},"33":{"start":{"line":79,"column":6},"end":{"line":87,"column":7}},"34":{"start":{"line":80,"column":8},"end":{"line":80,"column":66}},"35":{"start":{"line":81,"column":13},"end":{"line":87,"column":7}},"36":{"start":{"line":82,"column":8},"end":{"line":82,"column":48}},"37":{"start":{"line":83,"column":13},"end":{"line":87,"column":7}},"38":{"start":{"line":84,"column":8},"end":{"line":84,"column":53}},"39":{"start":{"line":85,"column":13},"end":{"line":87,"column":7}},"40":{"start":{"line":86,"column":8},"end":{"line":86,"column":63}},"41":{"start":{"line":89,"column":6},"end":{"line":89,"column":68}},"42":{"start":{"line":93,"column":2},"end":{"line":156,"column":4}},"43":{"start":{"line":95,"column":65},"end":{"line":95,"column":84}},"44":{"start":{"line":159,"column":15},"end":{"line":223,"column":2}}},"fnMap":{"0":{"name":"(anonymous_0)","decl":{"start":{"line":18,"column":25},"end":{"line":18,"column":26}},"loc":{"start":{"line":18,"column":31},"end":{"line":157,"column":1}},"line":18},"1":{"name":"(anonymous_1)","decl":{"start":{"line":31,"column":12},"end":{"line":31,"column":13}},"loc":{"start":{"line":31,"column":18},"end":{"line":40,"column":3}},"line":31},"2":{"name":"(anonymous_2)","decl":{"start":{"line":42,"column":20},"end":{"line":42,"column":21}},"loc":{"start":{"line":42,"column":32},"end":{"line":51,"column":3}},"line":42},"3":{"name":"(anonymous_3)","decl":{"start":{"line":53,"column":21},"end":{"line":53,"column":22}},"loc":{"start":{"line":53,"column":33},"end":{"line":91,"column":3}},"line":53},"4":{"name":"(anonymous_4)","decl":{"start":{"line":95,"column":59},"end":{"line":95,"column":60}},"loc":{"start":{"line":95,"column":65},"end":{"line":95,"column":84}},"line":95}},"branchMap":{"0":{"loc":{"start":{"line":32,"column":4},"end":{"line":39,"column":5}},"type":"if","locations":[{"start":{"line":32,"column":4},"end":{"line":39,"column":5}},{"start":{},"end":{}}],"line":32},"1":{"loc":{"start":{"line":48,"column":4},"end":{"line":50,"column":5}},"type":"if","locations":[{"start":{"line":48,"column":4},"end":{"line":50,"column":5}},{"start":{},"end":{}}],"line":48},"2":{"loc":{"start":{"line":54,"column":4},"end":{"line":56,"column":5}},"type":"if","locations":[{"start":{"line":54,"column":4},"end":{"line":56,"column":5}},{"start":{},"end":{}}],"line":54},"3":{"loc":{"start":{"line":54,"column":8},"end":{"line":54,"column":63}},"type":"binary-expr","locations":[{"start":{"line":54,"column":8},"end":{"line":54,"column":14}},{"start":{"line":54,"column":18},"end":{"line":54,"column":24}},{"start":{"line":54,"column":28},"end":{"line":54,"column":34}},{"start":{"line":54,"column":38},"end":{"line":54,"column":47}},{"start":{"line":54,"column":51},"end":{"line":54,"column":63}}],"line":54},"4":{"loc":{"start":{"line":60,"column":4},"end":{"line":62,"column":5}},"type":"if","locations":[{"start":{"line":60,"column":4},"end":{"line":62,"column":5}},{"start":{},"end":{}}],"line":60},"5":{"loc":{"start":{"line":66,"column":12},"end":{"line":66,"column":58}},"type":"cond-expr","locations":[{"start":{"line":66,"column":22},"end":{"line":66,"column":46}},{"start":{"line":66,"column":49},"end":{"line":66,"column":58}}],"line":66},"6":{"loc":{"start":{"line":74,"column":27},"end":{"line":74,"column":79}},"type":"cond-expr","locations":[{"start":{"line":74,"column":37},"end":{"line":74,"column":59}},{"start":{"line":74,"column":62},"end":{"line":74,"column":79}}],"line":74},"7":{"loc":{"start":{"line":79,"column":6},"end":{"line":87,"column":7}},"type":"if","locations":[{"start":{"line":79,"column":6},"end":{"line":87,"column":7}},{"start":{"line":81,"column":13},"end":{"line":87,"column":7}}],"line":79},"8":{"loc":{"start":{"line":79,"column":10},"end":{"line":79,"column":65}},"type":"binary-expr","locations":[{"start":{"line":79,"column":10},"end":{"line":79,"column":39}},{"start":{"line":79,"column":43},"end":{"line":79,"column":65}}],"line":79},"9":{"loc":{"start":{"line":81,"column":13},"end":{"line":87,"column":7}},"type":"if","locations":[{"start":{"line":81,"column":13},"end":{"line":87,"column":7}},{"start":{"line":83,"column":13},"end":{"line":87,"column":7}}],"line":81},"10":{"loc":{"start":{"line":81,"column":17},"end":{"line":81,"column":65}},"type":"binary-expr","locations":[{"start":{"line":81,"column":17},"end":{"line":81,"column":40}},{"start":{"line":81,"column":44},"end":{"line":81,"column":65}}],"line":81},"11":{"loc":{"start":{"line":83,"column":13},"end":{"line":87,"column":7}},"type":"if","locations":[{"start":{"line":83,"column":13},"end":{"line":87,"column":7}},{"start":{"line":85,"column":13},"end":{"line":87,"column":7}}],"line":83},"12":{"loc":{"start":{"line":83,"column":17},"end":{"line":83,"column":76}},"type":"binary-expr","locations":[{"start":{"line":83,"column":17},"end":{"line":83,"column":40}},{"start":{"line":83,"column":44},"end":{"line":83,"column":76}}],"line":83},"13":{"loc":{"start":{"line":85,"column":13},"end":{"line":87,"column":7}},"type":"if","locations":[{"start":{"line":85,"column":13},"end":{"line":87,"column":7}},{"start":{},"end":{}}],"line":85},"14":{"loc":{"start":{"line":85,"column":17},"end":{"line":85,"column":68}},"type":"binary-expr","locations":[{"start":{"line":85,"column":17},"end":{"line":85,"column":40}},{"start":{"line":85,"column":44},"end":{"line":85,"column":68}}],"line":85},"15":{"loc":{"start":{"line":89,"column":27},"end":{"line":89,"column":66}},"type":"binary-expr","locations":[{"start":{"line":89,"column":27},"end":{"line":89,"column":30}},{"start":{"line":89,"column":34},"end":{"line":89,"column":66}}],"line":89},"16":{"loc":{"start":{"line":100,"column":9},"end":{"line":100,"column":57}},"type":"cond-expr","locations":[{"start":{"line":100,"column":19},"end":{"line":100,"column":36}},{"start":{"line":100,"column":39},"end":{"line":100,"column":57}}],"line":100},"17":{"loc":{"start":{"line":104,"column":9},"end":{"line":114,"column":9}},"type":"cond-expr","locations":[{"start":{"line":105,"column":10},"end":{"line":111,"column":12}},{"start":{"line":113,"column":10},"end":{"line":113,"column":73}}],"line":104}},"s":{"0":0,"1":0,"2":0,"3":0,"4":0,"5":0,"6":0,"7":0,"8":0,"9":0,"10":0,"11":0,"12":0,"13":0,"14":0,"15":0,"16":0,"17":0,"18":0,"19":0,"20":0,"21":0,"22":0,"23":0,"24":0,"25":0,"26":0,"27":0,"28":0,"29":0,"30":0,"31":0,"32":0,"33":0,"34":0,"35":0,"36":0,"37":0,"38":0,"39":0,"40":0,"41":0,"42":0,"43":0,"44":0},"f":{"0":0,"1":0,"2":0,"3":0,"4":0},"b":{"0":[0,0],"1":[0,0],"2":[0,0],"3":[0,0,0,0,0],"4":[0,0],"5":[0,0],"6":[0,0],"7":[0,0],"8":[0,0],"9":[0,0],"10":[0,0],"11":[0,0],"12":[0,0],"13":[0,0],"14":[0,0],"15":[0,0],"16":[0,0],"17":[0,0]}}
,"/mnt/c/Users/cozuna/Desktop/rapigoo-app/components/AnalyticsScreen.js": {"path":"/mnt/c/Users/cozuna/Desktop/rapigoo-app/components/AnalyticsScreen.js","statementMap":{"0":{"start":{"line":20,"column":18},"end":{"line":20,"column":42}},"1":{"start":{"line":22,"column":24},"end":{"line":296,"column":1}},"2":{"start":{"line":23,"column":21},"end":{"line":23,"column":36}},"3":{"start":{"line":24,"column":20},"end":{"line":24,"column":30}},"4":{"start":{"line":26,"column":32},"end":{"line":26,"column":46}},"5":{"start":{"line":27,"column":38},"end":{"line":27,"column":53}},"6":{"start":{"line":28,"column":28},"end":{"line":28,"column":42}},"7":{"start":{"line":29,"column":36},"end":{"line":40,"column":4}},"8":{"start":{"line":41,"column":46},"end":{"line":41,"column":63}},"9":{"start":{"line":43,"column":2},"end":{"line":45,"column":23}},"10":{"start":{"line":44,"column":4},"end":{"line":44,"column":20}},"11":{"start":{"line":47,"column":24},"end":{"line":92,"column":3}},"12":{"start":{"line":48,"column":4},"end":{"line":91,"column":5}},"13":{"start":{"line":49,"column":6},"end":{"line":49,"column":23}},"14":{"start":{"line":50,"column":6},"end":{"line":50,"column":21}},"15":{"start":{"line":52,"column":23},"end":{"line":54,"column":8}},"16":{"start":{"line":56,"column":6},"end":{"line":60,"column":7}},"17":{"start":{"line":57,"column":8},"end":{"line":57,"column":46}},"18":{"start":{"line":59,"column":8},"end":{"line":59,"column":66}},"19":{"start":{"line":62,"column":6},"end":{"line":62,"column":55}},"20":{"start":{"line":63,"column":6},"end":{"line":63,"column":63}},"21":{"start":{"line":65,"column":6},"end":{"line":88,"column":9}},"22":{"start":{"line":90,"column":6},"end":{"line":90,"column":24}},"23":{"start":{"line":94,"column":20},"end":{"line":98,"column":3}},"24":{"start":{"line":95,"column":4},"end":{"line":95,"column":24}},"25":{"start":{"line":96,"column":4},"end":{"line":96,"column":26}},"26":{"start":{"line":97,"column":4},"end":{"line":97,"column":25}},"27":{"start":{"line":100,"column":25},"end":{"line":102,"column":3}},"28":{"start":{"line":101,"column":4},"end":{"line":101,"column":82}},"29":{"start":{"line":104,"column":25},"end":{"line":111,"column":3}},"30":{"start":{"line":105,"column":4},"end":{"line":110,"column":5}},"31":{"start":{"line":106,"column":24},"end":{"line":106,"column":41}},"32":{"start":{"line":107,"column":25},"end":{"line":107,"column":42}},"33":{"start":{"line":108,"column":24},"end":{"line":108,"column":41}},"34":{"start":{"line":109,"column":15},"end":{"line":109,"column":32}},"35":{"start":{"line":113,"column":24},"end":{"line":125,"column":3}},"36":{"start":{"line":114,"column":22},"end":{"line":123,"column":5}},"37":{"start":{"line":124,"column":4},"end":{"line":124,"column":39}},"38":{"start":{"line":127,"column":2},"end":{"line":134,"column":3}},"39":{"start":{"line":128,"column":4},"end":{"line":133,"column":6}},"40":{"start":{"line":136,"column":2},"end":{"line":144,"column":3}},"41":{"start":{"line":137,"column":4},"end":{"line":143,"column":6}},"42":{"start":{"line":146,"column":2},"end":{"line":295,"column":4}},"43":{"start":{"line":152,"column":25},"end":{"line":152,"column":44}},"44":{"start":{"line":171,"column":12},"end":{"line":185,"column":31}},"45":{"start":{"line":177,"column":29},"end":{"line":177,"column":54}},"46":{"start":{"line":240,"column":14},"end":{"line":250,"column":21}},"47":{"start":{"line":260,"column":14},"end":{"line":271,"column":21}},"48":{"start":{"line":281,"column":14},"end":{"line":287,"column":21}},"49":{"start":{"line":298,"column":15},"end":{"line":527,"column":2}}},"fnMap":{"0":{"name":"(anonymous_0)","decl":{"start":{"line":22,"column":24},"end":{"line":22,"column":25}},"loc":{"start":{"line":22,"column":30},"end":{"line":296,"column":1}},"line":22},"1":{"name":"(anonymous_1)","decl":{"start":{"line":43,"column":12},"end":{"line":43,"column":13}},"loc":{"start":{"line":43,"column":18},"end":{"line":45,"column":3}},"line":43},"2":{"name":"(anonymous_2)","decl":{"start":{"line":47,"column":24},"end":{"line":47,"column":25}},"loc":{"start":{"line":47,"column":36},"end":{"line":92,"column":3}},"line":47},"3":{"name":"(anonymous_3)","decl":{"start":{"line":94,"column":20},"end":{"line":94,"column":21}},"loc":{"start":{"line":94,"column":32},"end":{"line":98,"column":3}},"line":94},"4":{"name":"(anonymous_4)","decl":{"start":{"line":100,"column":25},"end":{"line":100,"column":26}},"loc":{"start":{"line":100,"column":37},"end":{"line":102,"column":3}},"line":100},"5":{"name":"(anonymous_5)","decl":{"start":{"line":104,"column":25},"end":{"line":104,"column":26}},"loc":{"start":{"line":104,"column":37},"end":{"line":111,"column":3}},"line":104},"6":{"name":"(anonymous_6)","decl":{"start":{"line":113,"column":24},"end":{"line":113,"column":25}},"loc":{"start":{"line":113,"column":36},"end":{"line":125,"column":3}},"line":113},"7":{"name":"(anonymous_7)","decl":{"start":{"line":152,"column":19},"end":{"line":152,"column":20}},"loc":{"start":{"line":152,"column":25},"end":{"line":152,"column":44}},"line":152},"8":{"name":"(anonymous_8)","decl":{"start":{"line":170,"column":41},"end":{"line":170,"column":42}},"loc":{"start":{"line":171,"column":12},"end":{"line":185,"column":31}},"line":171},"9":{"name":"(anonymous_9)","decl":{"start":{"line":177,"column":23},"end":{"line":177,"column":24}},"loc":{"start":{"line":177,"column":29},"end":{"line":177,"column":54}},"line":177},"10":{"name":"(anonymous_10)","decl":{"start":{"line":239,"column":39},"end":{"line":239,"column":40}},"loc":{"start":{"line":240,"column":14},"end":{"line":250,"column":21}},"line":240},"11":{"name":"(anonymous_11)","decl":{"start":{"line":259,"column":40},"end":{"line":259,"column":41}},"loc":{"start":{"line":260,"column":14},"end":{"line":271,"column":21}},"line":260},"12":{"name":"(anonymous_12)","decl":{"start":{"line":280,"column":40},"end":{"line":280,"column":41}},"loc":{"start":{"line":281,"column":14},"end":{"line":287,"column":21}},"line":281}},"branchMap":{"0":{"loc":{"start":{"line":56,"column":6},"end":{"line":60,"column":7}},"type":"if","locations":[{"start":{"line":56,"column":6},"end":{"line":60,"column":7}},{"start":{"line":58,"column":13},"end":{"line":60,"column":7}}],"line":56},"1":{"loc":{"start":{"line":63,"column":15},"end":{"line":63,"column":61}},"type":"binary-expr","locations":[{"start":{"line":63,"column":15},"end":{"line":63,"column":28}},{"start":{"line":63,"column":32},"end":{"line":63,"column":61}}],"line":63},"2":{"loc":{"start":{"line":105,"column":4},"end":{"line":110,"column":5}},"type":"switch","locations":[{"start":{"line":106,"column":6},"end":{"line":106,"column":41}},{"start":{"line":107,"column":6},"end":{"line":107,"column":42}},{"start":{"line":108,"column":6},"end":{"line":108,"column":41}},{"start":{"line":109,"column":6},"end":{"line":109,"column":32}}],"line":105},"3":{"loc":{"start":{"line":124,"column":11},"end":{"line":124,"column":38}},"type":"binary-expr","locations":[{"start":{"line":124,"column":11},"end":{"line":124,"column":28}},{"start":{"line":124,"column":32},"end":{"line":124,"column":38}}],"line":124},"4":{"loc":{"start":{"line":127,"column":2},"end":{"line":134,"column":3}},"type":"if","locations":[{"start":{"line":127,"column":2},"end":{"line":134,"column":3}},{"start":{},"end":{}}],"line":127},"5":{"loc":{"start":{"line":136,"column":2},"end":{"line":144,"column":3}},"type":"if","locations":[{"start":{"line":136,"column":2},"end":{"line":144,"column":3}},{"start":{},"end":{}}],"line":136},"6":{"loc":{"start":{"line":175,"column":16},"end":{"line":175,"column":70}},"type":"binary-expr","locations":[{"start":{"line":175,"column":16},"end":{"line":175,"column":41}},{"start":{"line":175,"column":45},"end":{"line":175,"column":70}}],"line":175},"7":{"loc":{"start":{"line":181,"column":16},"end":{"line":181,"column":74}},"type":"binary-expr","locations":[{"start":{"line":181,"column":16},"end":{"line":181,"column":41}},{"start":{"line":181,"column":45},"end":{"line":181,"column":74}}],"line":181},"8":{"loc":{"start":{"line":183,"column":17},"end":{"line":183,"column":82}},"type":"cond-expr","locations":[{"start":{"line":183,"column":37},"end":{"line":183,"column":45}},{"start":{"line":183,"column":48},"end":{"line":183,"column":82}}],"line":183},"9":{"loc":{"start":{"line":183,"column":48},"end":{"line":183,"column":82}},"type":"cond-expr","locations":[{"start":{"line":183,"column":69},"end":{"line":183,"column":74}},{"start":{"line":183,"column":77},"end":{"line":183,"column":82}}],"line":183},"10":{"loc":{"start":{"line":236,"column":9},"end":{"line":253,"column":9}},"type":"binary-expr","locations":[{"start":{"line":236,"column":9},"end":{"line":236,"column":41}},{"start":{"line":237,"column":10},"end":{"line":252,"column":17}}],"line":236},"11":{"loc":{"start":{"line":256,"column":9},"end":{"line":274,"column":9}},"type":"binary-expr","locations":[{"start":{"line":256,"column":9},"end":{"line":256,"column":42}},{"start":{"line":257,"column":10},"end":{"line":273,"column":17}}],"line":256},"12":{"loc":{"start":{"line":277,"column":9},"end":{"line":290,"column":9}},"type":"binary-expr","locations":[{"start":{"line":277,"column":9},"end":{"line":277,"column":42}},{"start":{"line":278,"column":10},"end":{"line":289,"column":17}}],"line":277}},"s":{"0":0,"1":0,"2":0,"3":0,"4":0,"5":0,"6":0,"7":0,"8":0,"9":0,"10":0,"11":0,"12":0,"13":0,"14":0,"15":0,"16":0,"17":0,"18":0,"19":0,"20":0,"21":0,"22":0,"23":0,"24":0,"25":0,"26":0,"27":0,"28":0,"29":0,"30":0,"31":0,"32":0,"33":0,"34":0,"35":0,"36":0,"37":0,"38":0,"39":0,"40":0,"41":0,"42":0,"43":0,"44":0,"45":0,"46":0,"47":0,"48":0,"49":0},"f":{"0":0,"1":0,"2":0,"3":0,"4":0,"5":0,"6":0,"7":0,"8":0,"9":0,"10":0,"11":0,"12":0},"b":{"0":[0,0],"1":[0,0],"2":[0,0,0,0],"3":[0,0],"4":[0,0],"5":[0,0],"6":[0,0],"7":[0,0],"8":[0,0],"9":[0,0],"10":[0,0],"11":[0,0],"12":[0,0]}}
,"/mnt/c/Users/cozuna/Desktop/rapigoo-app/components/BusinessFormStep1Screen.js": {"path":"/mnt/c/Users/cozuna/Desktop/rapigoo-app/components/BusinessFormStep1Screen.js","statementMap":{"0":{"start":{"line":13,"column":32},"end":{"line":90,"column":1}},"1":{"start":{"line":14,"column":21},"end":{"line":14,"column":36}},"2":{"start":{"line":16,"column":42},"end":{"line":16,"column":54}},"3":{"start":{"line":17,"column":24},"end":{"line":17,"column":36}},"4":{"start":{"line":18,"column":34},"end":{"line":18,"column":46}},"5":{"start":{"line":19,"column":32},"end":{"line":19,"column":44}},"6":{"start":{"line":21,"column":25},"end":{"line":33,"column":3}},"7":{"start":{"line":22,"column":4},"end":{"line":25,"column":5}},"8":{"start":{"line":23,"column":6},"end":{"line":23,"column":82}},"9":{"start":{"line":24,"column":6},"end":{"line":24,"column":13}},"10":{"start":{"line":27,"column":4},"end":{"line":32,"column":7}},"11":{"start":{"line":35,"column":2},"end":{"line":89,"column":4}},"12":{"start":{"line":60,"column":36},"end":{"line":60,"column":54}},"13":{"start":{"line":94,"column":15},"end":{"line":138,"column":2}}},"fnMap":{"0":{"name":"(anonymous_0)","decl":{"start":{"line":13,"column":32},"end":{"line":13,"column":33}},"loc":{"start":{"line":13,"column":47},"end":{"line":90,"column":1}},"line":13},"1":{"name":"(anonymous_1)","decl":{"start":{"line":21,"column":25},"end":{"line":21,"column":26}},"loc":{"start":{"line":21,"column":31},"end":{"line":33,"column":3}},"line":21},"2":{"name":"(anonymous_2)","decl":{"start":{"line":60,"column":25},"end":{"line":60,"column":26}},"loc":{"start":{"line":60,"column":36},"end":{"line":60,"column":54}},"line":60}},"branchMap":{"0":{"loc":{"start":{"line":22,"column":4},"end":{"line":25,"column":5}},"type":"if","locations":[{"start":{"line":22,"column":4},"end":{"line":25,"column":5}},{"start":{},"end":{}}],"line":22},"1":{"loc":{"start":{"line":22,"column":8},"end":{"line":22,"column":54}},"type":"binary-expr","locations":[{"start":{"line":22,"column":8},"end":{"line":22,"column":21}},{"start":{"line":22,"column":25},"end":{"line":22,"column":29}},{"start":{"line":22,"column":33},"end":{"line":22,"column":42}},{"start":{"line":22,"column":46},"end":{"line":22,"column":54}}],"line":22}},"s":{"0":0,"1":0,"2":0,"3":0,"4":0,"5":0,"6":0,"7":0,"8":0,"9":0,"10":0,"11":0,"12":0,"13":0},"f":{"0":0,"1":0,"2":0},"b":{"0":[0,0],"1":[0,0,0,0]}}
,"/mnt/c/Users/cozuna/Desktop/rapigoo-app/components/BusinessFormStep2Screen.js": {"path":"/mnt/c/Users/cozuna/Desktop/rapigoo-app/components/BusinessFormStep2Screen.js","statementMap":{"0":{"start":{"line":14,"column":32},"end":{"line":96,"column":1}},"1":{"start":{"line":15,"column":21},"end":{"line":15,"column":36}},"2":{"start":{"line":16,"column":16},"end":{"line":16,"column":26}},"3":{"start":{"line":18,"column":51},"end":{"line":18,"column":63}},"4":{"start":{"line":20,"column":42},"end":{"line":20,"column":54}},"5":{"start":{"line":21,"column":42},"end":{"line":21,"column":54}},"6":{"start":{"line":22,"column":40},"end":{"line":22,"column":52}},"7":{"start":{"line":24,"column":23},"end":{"line":56,"column":3}},"8":{"start":{"line":25,"column":4},"end":{"line":28,"column":5}},"9":{"start":{"line":26,"column":6},"end":{"line":26,"column":81}},"10":{"start":{"line":27,"column":6},"end":{"line":27,"column":13}},"11":{"start":{"line":30,"column":4},"end":{"line":55,"column":5}},"12":{"start":{"line":31,"column":20},"end":{"line":31,"column":55}},"13":{"start":{"line":33,"column":23},"end":{"line":45,"column":8}},"14":{"start":{"line":47,"column":6},"end":{"line":47,"column":85}},"15":{"start":{"line":48,"column":6},"end":{"line":51,"column":9}},"16":{"start":{"line":53,"column":6},"end":{"line":53,"column":102}},"17":{"start":{"line":54,"column":6},"end":{"line":54,"column":103}},"18":{"start":{"line":58,"column":2},"end":{"line":95,"column":4}},"19":{"start":{"line":60,"column":65},"end":{"line":60,"column":84}},"20":{"start":{"line":100,"column":15},"end":{"line":144,"column":2}}},"fnMap":{"0":{"name":"(anonymous_0)","decl":{"start":{"line":14,"column":32},"end":{"line":14,"column":33}},"loc":{"start":{"line":14,"column":38},"end":{"line":96,"column":1}},"line":14},"1":{"name":"(anonymous_1)","decl":{"start":{"line":24,"column":23},"end":{"line":24,"column":24}},"loc":{"start":{"line":24,"column":35},"end":{"line":56,"column":3}},"line":24},"2":{"name":"(anonymous_2)","decl":{"start":{"line":60,"column":59},"end":{"line":60,"column":60}},"loc":{"start":{"line":60,"column":65},"end":{"line":60,"column":84}},"line":60}},"branchMap":{"0":{"loc":{"start":{"line":25,"column":4},"end":{"line":28,"column":5}},"type":"if","locations":[{"start":{"line":25,"column":4},"end":{"line":28,"column":5}},{"start":{},"end":{}}],"line":25},"1":{"loc":{"start":{"line":25,"column":8},"end":{"line":25,"column":54}},"type":"binary-expr","locations":[{"start":{"line":25,"column":8},"end":{"line":25,"column":21}},{"start":{"line":25,"column":25},"end":{"line":25,"column":38}},{"start":{"line":25,"column":42},"end":{"line":25,"column":54}}],"line":25},"2":{"loc":{"start":{"line":53,"column":54},"end":{"line":53,"column":100}},"type":"binary-expr","locations":[{"start":{"line":53,"column":54},"end":{"line":53,"column":83}},{"start":{"line":53,"column":87},"end":{"line":53,"column":100}}],"line":53},"3":{"loc":{"start":{"line":54,"column":27},"end":{"line":54,"column":101}},"type":"binary-expr","locations":[{"start":{"line":54,"column":27},"end":{"line":54,"column":56}},{"start":{"line":54,"column":60},"end":{"line":54,"column":101}}],"line":54}},"s":{"0":0,"1":0,"2":0,"3":0,"4":0,"5":0,"6":0,"7":0,"8":0,"9":0,"10":0,"11":0,"12":0,"13":0,"14":0,"15":0,"16":0,"17":0,"18":0,"19":0,"20":0},"f":{"0":0,"1":0,"2":0},"b":{"0":[0,0],"1":[0,0,0],"2":[0,0],"3":[0,0]}}
,"/mnt/c/Users/cozuna/Desktop/rapigoo-app/components/CartScreen.js": {"path":"/mnt/c/Users/cozuna/Desktop/rapigoo-app/components/CartScreen.js","statementMap":{"0":{"start":{"line":15,"column":19},"end":{"line":178,"column":1}},"1":{"start":{"line":16,"column":21},"end":{"line":16,"column":36}},"2":{"start":{"line":17,"column":111},"end":{"line":17,"column":120}},"3":{"start":{"line":19,"column":2},"end":{"line":19,"column":54}},"4":{"start":{"line":20,"column":2},"end":{"line":20,"column":58}},"5":{"start":{"line":21,"column":2},"end":{"line":21,"column":58}},"6":{"start":{"line":24,"column":2},"end":{"line":24,"column":97}},"7":{"start":{"line":25,"column":2},"end":{"line":48,"column":3}},"8":{"start":{"line":26,"column":4},"end":{"line":26,"column":47}},"9":{"start":{"line":27,"column":4},"end":{"line":47,"column":6}},"10":{"start":{"line":29,"column":67},"end":{"line":29,"column":86}},"11":{"start":{"line":41,"column":27},"end":{"line":41,"column":54}},"12":{"start":{"line":50,"column":31},"end":{"line":67,"column":3}},"13":{"start":{"line":51,"column":4},"end":{"line":66,"column":5}},"14":{"start":{"line":52,"column":6},"end":{"line":63,"column":8}},"15":{"start":{"line":60,"column":27},"end":{"line":60,"column":49}},"16":{"start":{"line":65,"column":6},"end":{"line":65,"column":52}},"17":{"start":{"line":69,"column":25},"end":{"line":71,"column":3}},"18":{"start":{"line":70,"column":4},"end":{"line":70,"column":36}},"19":{"start":{"line":73,"column":2},"end":{"line":81,"column":3}},"20":{"start":{"line":74,"column":4},"end":{"line":74,"column":40}},"21":{"start":{"line":75,"column":4},"end":{"line":80,"column":6}},"22":{"start":{"line":83,"column":2},"end":{"line":83,"column":66}},"23":{"start":{"line":85,"column":2},"end":{"line":177,"column":4}},"24":{"start":{"line":89,"column":41},"end":{"line":89,"column":60}},"25":{"start":{"line":115,"column":10},"end":{"line":141,"column":17}},"26":{"start":{"line":127,"column":31},"end":{"line":127,"column":80}},"27":{"start":{"line":136,"column":31},"end":{"line":136,"column":80}},"28":{"start":{"line":180,"column":15},"end":{"line":397,"column":2}}},"fnMap":{"0":{"name":"(anonymous_0)","decl":{"start":{"line":15,"column":19},"end":{"line":15,"column":20}},"loc":{"start":{"line":15,"column":25},"end":{"line":178,"column":1}},"line":15},"1":{"name":"(anonymous_1)","decl":{"start":{"line":29,"column":61},"end":{"line":29,"column":62}},"loc":{"start":{"line":29,"column":67},"end":{"line":29,"column":86}},"line":29},"2":{"name":"(anonymous_2)","decl":{"start":{"line":41,"column":21},"end":{"line":41,"column":22}},"loc":{"start":{"line":41,"column":27},"end":{"line":41,"column":54}},"line":41},"3":{"name":"(anonymous_3)","decl":{"start":{"line":50,"column":31},"end":{"line":50,"column":32}},"loc":{"start":{"line":50,"column":62},"end":{"line":67,"column":3}},"line":50},"4":{"name":"(anonymous_4)","decl":{"start":{"line":60,"column":21},"end":{"line":60,"column":22}},"loc":{"start":{"line":60,"column":27},"end":{"line":60,"column":49}},"line":60},"5":{"name":"(anonymous_5)","decl":{"start":{"line":69,"column":25},"end":{"line":69,"column":26}},"loc":{"start":{"line":69,"column":31},"end":{"line":71,"column":3}},"line":69},"6":{"name":"(anonymous_6)","decl":{"start":{"line":89,"column":35},"end":{"line":89,"column":36}},"loc":{"start":{"line":89,"column":41},"end":{"line":89,"column":60}},"line":89},"7":{"name":"(anonymous_7)","decl":{"start":{"line":114,"column":19},"end":{"line":114,"column":20}},"loc":{"start":{"line":115,"column":10},"end":{"line":141,"column":17}},"line":115},"8":{"name":"(anonymous_8)","decl":{"start":{"line":127,"column":25},"end":{"line":127,"column":26}},"loc":{"start":{"line":127,"column":31},"end":{"line":127,"column":80}},"line":127},"9":{"name":"(anonymous_9)","decl":{"start":{"line":136,"column":25},"end":{"line":136,"column":26}},"loc":{"start":{"line":136,"column":31},"end":{"line":136,"column":80}},"line":136}},"branchMap":{"0":{"loc":{"start":{"line":25,"column":2},"end":{"line":48,"column":3}},"type":"if","locations":[{"start":{"line":25,"column":2},"end":{"line":48,"column":3}},{"start":{},"end":{}}],"line":25},"1":{"loc":{"start":{"line":25,"column":6},"end":{"line":25,"column":25}},"type":"binary-expr","locations":[{"start":{"line":25,"column":6},"end":{"line":25,"column":13}},{"start":{"line":25,"column":17},"end":{"line":25,"column":25}}],"line":25},"2":{"loc":{"start":{"line":51,"column":4},"end":{"line":66,"column":5}},"type":"if","locations":[{"start":{"line":51,"column":4},"end":{"line":66,"column":5}},{"start":{"line":64,"column":11},"end":{"line":66,"column":5}}],"line":51},"3":{"loc":{"start":{"line":73,"column":2},"end":{"line":81,"column":3}},"type":"if","locations":[{"start":{"line":73,"column":2},"end":{"line":81,"column":3}},{"start":{},"end":{}}],"line":73},"4":{"loc":{"start":{"line":97,"column":7},"end":{"line":101,"column":7}},"type":"binary-expr","locations":[{"start":{"line":97,"column":7},"end":{"line":97,"column":12}},{"start":{"line":98,"column":8},"end":{"line":100,"column":15}}],"line":97},"5":{"loc":{"start":{"line":106,"column":9},"end":{"line":111,"column":9}},"type":"binary-expr","locations":[{"start":{"line":106,"column":9},"end":{"line":106,"column":25}},{"start":{"line":107,"column":10},"end":{"line":110,"column":17}}],"line":106},"6":{"loc":{"start":{"line":149,"column":47},"end":{"line":149,"column":60}},"type":"binary-expr","locations":[{"start":{"line":149,"column":47},"end":{"line":149,"column":55}},{"start":{"line":149,"column":59},"end":{"line":149,"column":60}}],"line":149},"7":{"loc":{"start":{"line":155,"column":13},"end":{"line":155,"column":86}},"type":"cond-expr","locations":[{"start":{"line":155,"column":40},"end":{"line":155,"column":48}},{"start":{"line":155,"column":51},"end":{"line":155,"column":86}}],"line":155},"8":{"loc":{"start":{"line":155,"column":14},"end":{"line":155,"column":30}},"type":"binary-expr","locations":[{"start":{"line":155,"column":14},"end":{"line":155,"column":25}},{"start":{"line":155,"column":29},"end":{"line":155,"column":30}}],"line":155},"9":{"loc":{"start":{"line":155,"column":56},"end":{"line":155,"column":72}},"type":"binary-expr","locations":[{"start":{"line":155,"column":56},"end":{"line":155,"column":67}},{"start":{"line":155,"column":71},"end":{"line":155,"column":72}}],"line":155},"10":{"loc":{"start":{"line":163,"column":45},"end":{"line":163,"column":55}},"type":"binary-expr","locations":[{"start":{"line":163,"column":45},"end":{"line":163,"column":50}},{"start":{"line":163,"column":54},"end":{"line":163,"column":55}}],"line":163},"11":{"loc":{"start":{"line":173,"column":32},"end":{"line":173,"column":42}},"type":"binary-expr","locations":[{"start":{"line":173,"column":32},"end":{"line":173,"column":37}},{"start":{"line":173,"column":41},"end":{"line":173,"column":42}}],"line":173}},"s":{"0":0,"1":0,"2":0,"3":0,"4":0,"5":0,"6":0,"7":0,"8":0,"9":0,"10":0,"11":0,"12":0,"13":0,"14":0,"15":0,"16":0,"17":0,"18":0,"19":0,"20":0,"21":0,"22":0,"23":0,"24":0,"25":0,"26":0,"27":0,"28":0},"f":{"0":0,"1":0,"2":0,"3":0,"4":0,"5":0,"6":0,"7":0,"8":0,"9":0},"b":{"0":[0,0],"1":[0,0],"2":[0,0],"3":[0,0],"4":[0,0],"5":[0,0],"6":[0,0],"7":[0,0],"8":[0,0],"9":[0,0],"10":[0,0],"11":[0,0]}}
,"/mnt/c/Users/cozuna/Desktop/rapigoo-app/components/CategoryScreen.js": {"path":"/mnt/c/Users/cozuna/Desktop/rapigoo-app/components/CategoryScreen.js","statementMap":{"0":{"start":{"line":17,"column":21},"end":{"line":52,"column":2}},"1":{"start":{"line":18,"column":2},"end":{"line":45,"column":21}},"2":{"start":{"line":20,"column":19},"end":{"line":20,"column":36}},"3":{"start":{"line":47,"column":2},"end":{"line":51,"column":4}},"4":{"start":{"line":54,"column":23},"end":{"line":119,"column":1}},"5":{"start":{"line":55,"column":23},"end":{"line":55,"column":35}},"6":{"start":{"line":56,"column":36},"end":{"line":56,"column":48}},"7":{"start":{"line":57,"column":32},"end":{"line":57,"column":46}},"8":{"start":{"line":58,"column":21},"end":{"line":58,"column":36}},"9":{"start":{"line":59,"column":26},"end":{"line":59,"column":46}},"10":{"start":{"line":61,"column":2},"end":{"line":76,"column":17}},"11":{"start":{"line":62,"column":27},"end":{"line":73,"column":5}},"12":{"start":{"line":63,"column":6},"end":{"line":72,"column":7}},"13":{"start":{"line":64,"column":8},"end":{"line":64,"column":75}},"14":{"start":{"line":65,"column":21},"end":{"line":65,"column":59}},"15":{"start":{"line":66,"column":8},"end":{"line":66,"column":55}},"16":{"start":{"line":67,"column":8},"end":{"line":67,"column":27}},"17":{"start":{"line":69,"column":8},"end":{"line":69,"column":73}},"18":{"start":{"line":71,"column":8},"end":{"line":71,"column":26}},"19":{"start":{"line":75,"column":4},"end":{"line":75,"column":21}},"20":{"start":{"line":78,"column":30},"end":{"line":80,"column":18}},"21":{"start":{"line":79,"column":4},"end":{"line":79,"column":59}},"22":{"start":{"line":82,"column":21},"end":{"line":84,"column":27}},"23":{"start":{"line":83,"column":4},"end":{"line":83,"column":62}},"24":{"start":{"line":86,"column":23},"end":{"line":86,"column":58}},"25":{"start":{"line":86,"column":45},"end":{"line":86,"column":53}},"26":{"start":{"line":88,"column":2},"end":{"line":94,"column":3}},"27":{"start":{"line":89,"column":4},"end":{"line":93,"column":6}},"28":{"start":{"line":96,"column":2},"end":{"line":102,"column":3}},"29":{"start":{"line":97,"column":4},"end":{"line":101,"column":6}},"30":{"start":{"line":104,"column":2},"end":{"line":118,"column":4}},"31":{"start":{"line":106,"column":98},"end":{"line":106,"column":117}},"32":{"start":{"line":121,"column":15},"end":{"line":184,"column":2}}},"fnMap":{"0":{"name":"(anonymous_0)","decl":{"start":{"line":17,"column":26},"end":{"line":17,"column":27}},"loc":{"start":{"line":18,"column":2},"end":{"line":45,"column":21}},"line":18},"1":{"name":"(anonymous_1)","decl":{"start":{"line":20,"column":13},"end":{"line":20,"column":14}},"loc":{"start":{"line":20,"column":19},"end":{"line":20,"column":36}},"line":20},"2":{"name":"(anonymous_2)","decl":{"start":{"line":46,"column":3},"end":{"line":46,"column":4}},"loc":{"start":{"line":46,"column":29},"end":{"line":52,"column":1}},"line":46},"3":{"name":"(anonymous_3)","decl":{"start":{"line":54,"column":23},"end":{"line":54,"column":24}},"loc":{"start":{"line":54,"column":38},"end":{"line":119,"column":1}},"line":54},"4":{"name":"(anonymous_4)","decl":{"start":{"line":61,"column":12},"end":{"line":61,"column":13}},"loc":{"start":{"line":61,"column":18},"end":{"line":76,"column":3}},"line":61},"5":{"name":"(anonymous_5)","decl":{"start":{"line":62,"column":27},"end":{"line":62,"column":28}},"loc":{"start":{"line":62,"column":39},"end":{"line":73,"column":5}},"line":62},"6":{"name":"(anonymous_6)","decl":{"start":{"line":78,"column":42},"end":{"line":78,"column":43}},"loc":{"start":{"line":78,"column":58},"end":{"line":80,"column":3}},"line":78},"7":{"name":"(anonymous_7)","decl":{"start":{"line":82,"column":33},"end":{"line":82,"column":34}},"loc":{"start":{"line":83,"column":4},"end":{"line":83,"column":62}},"line":83},"8":{"name":"(anonymous_8)","decl":{"start":{"line":86,"column":35},"end":{"line":86,"column":36}},"loc":{"start":{"line":86,"column":45},"end":{"line":86,"column":53}},"line":86},"9":{"name":"(anonymous_9)","decl":{"start":{"line":106,"column":92},"end":{"line":106,"column":93}},"loc":{"start":{"line":106,"column":98},"end":{"line":106,"column":117}},"line":106}},"branchMap":{"0":{"loc":{"start":{"line":23,"column":21},"end":{"line":23,"column":91}},"type":"binary-expr","locations":[{"start":{"line":23,"column":21},"end":{"line":23,"column":32}},{"start":{"line":23,"column":36},"end":{"line":23,"column":91}}],"line":23},"1":{"loc":{"start":{"line":31,"column":9},"end":{"line":31,"column":49}},"type":"binary-expr","locations":[{"start":{"line":31,"column":9},"end":{"line":31,"column":36}},{"start":{"line":31,"column":40},"end":{"line":31,"column":49}}],"line":31},"2":{"loc":{"start":{"line":34,"column":9},"end":{"line":38,"column":39}},"type":"cond-expr","locations":[{"start":{"line":35,"column":12},"end":{"line":35,"column":33}},{"start":{"line":36,"column":12},"end":{"line":38,"column":39}}],"line":34},"3":{"loc":{"start":{"line":36,"column":12},"end":{"line":38,"column":39}},"type":"cond-expr","locations":[{"start":{"line":37,"column":14},"end":{"line":37,"column":78}},{"start":{"line":38,"column":14},"end":{"line":38,"column":39}}],"line":36},"4":{"loc":{"start":{"line":41,"column":18},"end":{"line":41,"column":58}},"type":"binary-expr","locations":[{"start":{"line":41,"column":18},"end":{"line":41,"column":50}},{"start":{"line":41,"column":54},"end":{"line":41,"column":58}}],"line":41},"5":{"loc":{"start":{"line":41,"column":63},"end":{"line":41,"column":103}},"type":"binary-expr","locations":[{"start":{"line":41,"column":63},"end":{"line":41,"column":95}},{"start":{"line":41,"column":99},"end":{"line":41,"column":103}}],"line":41},"6":{"loc":{"start":{"line":48,"column":4},"end":{"line":50,"column":51}},"type":"binary-expr","locations":[{"start":{"line":48,"column":4},"end":{"line":48,"column":45}},{"start":{"line":49,"column":4},"end":{"line":49,"column":83}},{"start":{"line":50,"column":4},"end":{"line":50,"column":51}}],"line":48},"7":{"loc":{"start":{"line":88,"column":2},"end":{"line":94,"column":3}},"type":"if","locations":[{"start":{"line":88,"column":2},"end":{"line":94,"column":3}},{"start":{},"end":{}}],"line":88},"8":{"loc":{"start":{"line":96,"column":2},"end":{"line":102,"column":3}},"type":"if","locations":[{"start":{"line":96,"column":2},"end":{"line":102,"column":3}},{"start":{},"end":{}}],"line":96}},"s":{"0":0,"1":0,"2":0,"3":0,"4":0,"5":0,"6":0,"7":0,"8":0,"9":0,"10":0,"11":0,"12":0,"13":0,"14":0,"15":0,"16":0,"17":0,"18":0,"19":0,"20":0,"21":0,"22":0,"23":0,"24":0,"25":0,"26":0,"27":0,"28":0,"29":0,"30":0,"31":0,"32":0},"f":{"0":0,"1":0,"2":0,"3":0,"4":0,"5":0,"6":0,"7":0,"8":0,"9":0},"b":{"0":[0,0],"1":[0,0],"2":[0,0],"3":[0,0],"4":[0,0],"5":[0,0],"6":[0,0,0],"7":[0,0],"8":[0,0]}}
,"/mnt/c/Users/cozuna/Desktop/rapigoo-app/components/ChangePasswordScreen.js": {"path":"/mnt/c/Users/cozuna/Desktop/rapigoo-app/components/ChangePasswordScreen.js","statementMap":{"0":{"start":{"line":19,"column":29},"end":{"line":390,"column":1}},"1":{"start":{"line":20,"column":21},"end":{"line":20,"column":36}},"2":{"start":{"line":21,"column":20},"end":{"line":21,"column":30}},"3":{"start":{"line":22,"column":26},"end":{"line":22,"column":46}},"4":{"start":{"line":24,"column":48},"end":{"line":24,"column":60}},"5":{"start":{"line":25,"column":40},"end":{"line":25,"column":52}},"6":{"start":{"line":26,"column":48},"end":{"line":26,"column":60}},"7":{"start":{"line":27,"column":32},"end":{"line":27,"column":47}},"8":{"start":{"line":28,"column":56},"end":{"line":28,"column":71}},"9":{"start":{"line":29,"column":48},"end":{"line":29,"column":63}},"10":{"start":{"line":30,"column":56},"end":{"line":30,"column":71}},"11":{"start":{"line":32,"column":23},"end":{"line":54,"column":3}},"12":{"start":{"line":33,"column":4},"end":{"line":36,"column":5}},"13":{"start":{"line":34,"column":6},"end":{"line":34,"column":59}},"14":{"start":{"line":35,"column":6},"end":{"line":35,"column":19}},"15":{"start":{"line":37,"column":4},"end":{"line":40,"column":5}},"16":{"start":{"line":38,"column":6},"end":{"line":38,"column":59}},"17":{"start":{"line":39,"column":6},"end":{"line":39,"column":19}},"18":{"start":{"line":41,"column":4},"end":{"line":44,"column":5}},"19":{"start":{"line":42,"column":6},"end":{"line":42,"column":83}},"20":{"start":{"line":43,"column":6},"end":{"line":43,"column":19}},"21":{"start":{"line":45,"column":4},"end":{"line":48,"column":5}},"22":{"start":{"line":46,"column":6},"end":{"line":46,"column":59}},"23":{"start":{"line":47,"column":6},"end":{"line":47,"column":19}},"24":{"start":{"line":49,"column":4},"end":{"line":52,"column":5}},"25":{"start":{"line":50,"column":6},"end":{"line":50,"column":81}},"26":{"start":{"line":51,"column":6},"end":{"line":51,"column":19}},"27":{"start":{"line":53,"column":4},"end":{"line":53,"column":16}},"28":{"start":{"line":56,"column":31},"end":{"line":79,"column":3}},"29":{"start":{"line":57,"column":4},"end":{"line":57,"column":32}},"30":{"start":{"line":57,"column":25},"end":{"line":57,"column":32}},"31":{"start":{"line":59,"column":4},"end":{"line":59,"column":21}},"32":{"start":{"line":60,"column":4},"end":{"line":78,"column":5}},"33":{"start":{"line":61,"column":6},"end":{"line":64,"column":9}},"34":{"start":{"line":66,"column":6},"end":{"line":70,"column":8}},"35":{"start":{"line":69,"column":38},"end":{"line":69,"column":57}},"36":{"start":{"line":72,"column":6},"end":{"line":75,"column":8}},"37":{"start":{"line":77,"column":6},"end":{"line":77,"column":24}},"38":{"start":{"line":81,"column":27},"end":{"line":113,"column":3}},"39":{"start":{"line":82,"column":4},"end":{"line":82,"column":55}},"40":{"start":{"line":82,"column":22},"end":{"line":82,"column":55}},"41":{"start":{"line":84,"column":19},"end":{"line":84,"column":20}},"42":{"start":{"line":85,"column":15},"end":{"line":85,"column":26}},"43":{"start":{"line":87,"column":4},"end":{"line":87,"column":47}},"44":{"start":{"line":87,"column":33},"end":{"line":87,"column":47}},"45":{"start":{"line":88,"column":4},"end":{"line":88,"column":47}},"46":{"start":{"line":88,"column":33},"end":{"line":88,"column":47}},"47":{"start":{"line":89,"column":4},"end":{"line":89,"column":49}},"48":{"start":{"line":89,"column":35},"end":{"line":89,"column":49}},"49":{"start":{"line":90,"column":4},"end":{"line":90,"column":49}},"50":{"start":{"line":90,"column":35},"end":{"line":90,"column":49}},"51":{"start":{"line":91,"column":4},"end":{"line":91,"column":56}},"52":{"start":{"line":91,"column":42},"end":{"line":91,"column":56}},"53":{"start":{"line":93,"column":4},"end":{"line":110,"column":5}},"54":{"start":{"line":96,"column":8},"end":{"line":96,"column":27}},"55":{"start":{"line":97,"column":8},"end":{"line":97,"column":14}},"56":{"start":{"line":99,"column":8},"end":{"line":99,"column":23}},"57":{"start":{"line":100,"column":8},"end":{"line":100,"column":14}},"58":{"start":{"line":102,"column":8},"end":{"line":102,"column":25}},"59":{"start":{"line":103,"column":8},"end":{"line":103,"column":14}},"60":{"start":{"line":105,"column":8},"end":{"line":105,"column":24}},"61":{"start":{"line":106,"column":8},"end":{"line":106,"column":14}},"62":{"start":{"line":108,"column":8},"end":{"line":108,"column":28}},"63":{"start":{"line":109,"column":8},"end":{"line":109,"column":14}},"64":{"start":{"line":112,"column":4},"end":{"line":112,"column":30}},"65":{"start":{"line":115,"column":29},"end":{"line":115,"column":47}},"66":{"start":{"line":117,"column":17},"end":{"line":223,"column":4}},"67":{"start":{"line":225,"column":27},"end":{"line":234,"column":3}},"68":{"start":{"line":226,"column":19},"end":{"line":232,"column":5}},"69":{"start":{"line":233,"column":4},"end":{"line":233,"column":51}},"70":{"start":{"line":236,"column":23},"end":{"line":242,"column":3}},"71":{"start":{"line":244,"column":22},"end":{"line":244,"column":133}},"72":{"start":{"line":246,"column":2},"end":{"line":389,"column":4}},"73":{"start":{"line":254,"column":25},"end":{"line":254,"column":44}},"74":{"start":{"line":279,"column":29},"end":{"line":279,"column":73}},"75":{"start":{"line":303,"column":29},"end":{"line":303,"column":65}},"76":{"start":{"line":330,"column":18},"end":{"line":342,"column":25}},"77":{"start":{"line":362,"column":29},"end":{"line":362,"column":73}}},"fnMap":{"0":{"name":"(anonymous_0)","decl":{"start":{"line":19,"column":29},"end":{"line":19,"column":30}},"loc":{"start":{"line":19,"column":35},"end":{"line":390,"column":1}},"line":19},"1":{"name":"(anonymous_1)","decl":{"start":{"line":32,"column":23},"end":{"line":32,"column":24}},"loc":{"start":{"line":32,"column":29},"end":{"line":54,"column":3}},"line":32},"2":{"name":"(anonymous_2)","decl":{"start":{"line":56,"column":31},"end":{"line":56,"column":32}},"loc":{"start":{"line":56,"column":43},"end":{"line":79,"column":3}},"line":56},"3":{"name":"(anonymous_3)","decl":{"start":{"line":69,"column":32},"end":{"line":69,"column":33}},"loc":{"start":{"line":69,"column":38},"end":{"line":69,"column":57}},"line":69},"4":{"name":"(anonymous_4)","decl":{"start":{"line":81,"column":27},"end":{"line":81,"column":28}},"loc":{"start":{"line":81,"column":33},"end":{"line":113,"column":3}},"line":81},"5":{"name":"(anonymous_5)","decl":{"start":{"line":225,"column":27},"end":{"line":225,"column":28}},"loc":{"start":{"line":225,"column":33},"end":{"line":234,"column":3}},"line":225},"6":{"name":"(anonymous_6)","decl":{"start":{"line":254,"column":19},"end":{"line":254,"column":20}},"loc":{"start":{"line":254,"column":25},"end":{"line":254,"column":44}},"line":254},"7":{"name":"(anonymous_7)","decl":{"start":{"line":279,"column":23},"end":{"line":279,"column":24}},"loc":{"start":{"line":279,"column":29},"end":{"line":279,"column":73}},"line":279},"8":{"name":"(anonymous_8)","decl":{"start":{"line":303,"column":23},"end":{"line":303,"column":24}},"loc":{"start":{"line":303,"column":29},"end":{"line":303,"column":65}},"line":303},"9":{"name":"(anonymous_9)","decl":{"start":{"line":329,"column":34},"end":{"line":329,"column":35}},"loc":{"start":{"line":330,"column":18},"end":{"line":342,"column":25}},"line":330},"10":{"name":"(anonymous_10)","decl":{"start":{"line":362,"column":23},"end":{"line":362,"column":24}},"loc":{"start":{"line":362,"column":29},"end":{"line":362,"column":73}},"line":362}},"branchMap":{"0":{"loc":{"start":{"line":33,"column":4},"end":{"line":36,"column":5}},"type":"if","locations":[{"start":{"line":33,"column":4},"end":{"line":36,"column":5}},{"start":{},"end":{}}],"line":33},"1":{"loc":{"start":{"line":37,"column":4},"end":{"line":40,"column":5}},"type":"if","locations":[{"start":{"line":37,"column":4},"end":{"line":40,"column":5}},{"start":{},"end":{}}],"line":37},"2":{"loc":{"start":{"line":41,"column":4},"end":{"line":44,"column":5}},"type":"if","locations":[{"start":{"line":41,"column":4},"end":{"line":44,"column":5}},{"start":{},"end":{}}],"line":41},"3":{"loc":{"start":{"line":45,"column":4},"end":{"line":48,"column":5}},"type":"if","locations":[{"start":{"line":45,"column":4},"end":{"line":48,"column":5}},{"start":{},"end":{}}],"line":45},"4":{"loc":{"start":{"line":49,"column":4},"end":{"line":52,"column":5}},"type":"if","locations":[{"start":{"line":49,"column":4},"end":{"line":52,"column":5}},{"start":{},"end":{}}],"line":49},"5":{"loc":{"start":{"line":57,"column":4},"end":{"line":57,"column":32}},"type":"if","locations":[{"start":{"line":57,"column":4},"end":{"line":57,"column":32}},{"start":{},"end":{}}],"line":57},"6":{"loc":{"start":{"line":74,"column":8},"end":{"line":74,"column":75}},"type":"binary-expr","locations":[{"start":{"line":74,"column":8},"end":{"line":74,"column":37}},{"start":{"line":74,"column":41},"end":{"line":74,"column":75}}],"line":74},"7":{"loc":{"start":{"line":82,"column":4},"end":{"line":82,"column":55}},"type":"if","locations":[{"start":{"line":82,"column":4},"end":{"line":82,"column":55}},{"start":{},"end":{}}],"line":82},"8":{"loc":{"start":{"line":87,"column":4},"end":{"line":87,"column":47}},"type":"if","locations":[{"start":{"line":87,"column":4},"end":{"line":87,"column":47}},{"start":{},"end":{}}],"line":87},"9":{"loc":{"start":{"line":88,"column":4},"end":{"line":88,"column":47}},"type":"if","locations":[{"start":{"line":88,"column":4},"end":{"line":88,"column":47}},{"start":{},"end":{}}],"line":88},"10":{"loc":{"start":{"line":89,"column":4},"end":{"line":89,"column":49}},"type":"if","locations":[{"start":{"line":89,"column":4},"end":{"line":89,"column":49}},{"start":{},"end":{}}],"line":89},"11":{"loc":{"start":{"line":90,"column":4},"end":{"line":90,"column":49}},"type":"if","locations":[{"start":{"line":90,"column":4},"end":{"line":90,"column":49}},{"start":{},"end":{}}],"line":90},"12":{"loc":{"start":{"line":91,"column":4},"end":{"line":91,"column":56}},"type":"if","locations":[{"start":{"line":91,"column":4},"end":{"line":91,"column":56}},{"start":{},"end":{}}],"line":91},"13":{"loc":{"start":{"line":93,"column":4},"end":{"line":110,"column":5}},"type":"switch","locations":[{"start":{"line":94,"column":6},"end":{"line":94,"column":13}},{"start":{"line":95,"column":6},"end":{"line":97,"column":14}},{"start":{"line":98,"column":6},"end":{"line":100,"column":14}},{"start":{"line":101,"column":6},"end":{"line":103,"column":14}},{"start":{"line":104,"column":6},"end":{"line":106,"column":14}},{"start":{"line":107,"column":6},"end":{"line":109,"column":14}}],"line":93},"14":{"loc":{"start":{"line":233,"column":11},"end":{"line":233,"column":50}},"type":"binary-expr","locations":[{"start":{"line":233,"column":11},"end":{"line":233,"column":27}},{"start":{"line":233,"column":31},"end":{"line":233,"column":50}}],"line":233},"15":{"loc":{"start":{"line":244,"column":22},"end":{"line":244,"column":133}},"type":"binary-expr","locations":[{"start":{"line":244,"column":22},"end":{"line":244,"column":37}},{"start":{"line":244,"column":41},"end":{"line":244,"column":52}},{"start":{"line":244,"column":56},"end":{"line":244,"column":71}},{"start":{"line":244,"column":75},"end":{"line":244,"column":106}},{"start":{"line":244,"column":110},"end":{"line":244,"column":133}}],"line":244},"16":{"loc":{"start":{"line":249,"column":16},"end":{"line":249,"column":60}},"type":"cond-expr","locations":[{"start":{"line":249,"column":40},"end":{"line":249,"column":49}},{"start":{"line":249,"column":52},"end":{"line":249,"column":60}}],"line":249},"17":{"loc":{"start":{"line":282,"column":22},"end":{"line":282,"column":77}},"type":"cond-expr","locations":[{"start":{"line":282,"column":44},"end":{"line":282,"column":61}},{"start":{"line":282,"column":64},"end":{"line":282,"column":77}}],"line":282},"18":{"loc":{"start":{"line":306,"column":22},"end":{"line":306,"column":73}},"type":"cond-expr","locations":[{"start":{"line":306,"column":40},"end":{"line":306,"column":57}},{"start":{"line":306,"column":60},"end":{"line":306,"column":73}}],"line":306},"19":{"loc":{"start":{"line":313,"column":11},"end":{"line":346,"column":18}},"type":"cond-expr","locations":[{"start":{"line":314,"column":12},"end":{"line":345,"column":19}},{"start":{"line":346,"column":14},"end":{"line":346,"column":18}}],"line":313},"20":{"loc":{"start":{"line":332,"column":28},"end":{"line":332,"column":76}},"type":"cond-expr","locations":[{"start":{"line":332,"column":38},"end":{"line":332,"column":56}},{"start":{"line":332,"column":59},"end":{"line":332,"column":76}}],"line":332},"21":{"loc":{"start":{"line":334,"column":29},"end":{"line":334,"column":87}},"type":"cond-expr","locations":[{"start":{"line":334,"column":39},"end":{"line":334,"column":59}},{"start":{"line":334,"column":62},"end":{"line":334,"column":87}}],"line":334},"22":{"loc":{"start":{"line":338,"column":31},"end":{"line":338,"column":89}},"type":"cond-expr","locations":[{"start":{"line":338,"column":41},"end":{"line":338,"column":61}},{"start":{"line":338,"column":64},"end":{"line":338,"column":89}}],"line":338},"23":{"loc":{"start":{"line":365,"column":22},"end":{"line":365,"column":77}},"type":"cond-expr","locations":[{"start":{"line":365,"column":44},"end":{"line":365,"column":61}},{"start":{"line":365,"column":64},"end":{"line":365,"column":77}}],"line":365},"24":{"loc":{"start":{"line":376,"column":12},"end":{"line":376,"column":66}},"type":"binary-expr","locations":[{"start":{"line":376,"column":13},"end":{"line":376,"column":25}},{"start":{"line":376,"column":29},"end":{"line":376,"column":36}},{"start":{"line":376,"column":41},"end":{"line":376,"column":66}}],"line":376},"25":{"loc":{"start":{"line":379,"column":20},"end":{"line":379,"column":43}},"type":"binary-expr","locations":[{"start":{"line":379,"column":20},"end":{"line":379,"column":32}},{"start":{"line":379,"column":36},"end":{"line":379,"column":43}}],"line":379},"26":{"loc":{"start":{"line":381,"column":11},"end":{"line":385,"column":11}},"type":"cond-expr","locations":[{"start":{"line":382,"column":12},"end":{"line":382,"column":47}},{"start":{"line":384,"column":12},"end":{"line":384,"column":73}}],"line":381}},"s":{"0":0,"1":0,"2":0,"3":0,"4":0,"5":0,"6":0,"7":0,"8":0,"9":0,"10":0,"11":0,"12":0,"13":0,"14":0,"15":0,"16":0,"17":0,"18":0,"19":0,"20":0,"21":0,"22":0,"23":0,"24":0,"25":0,"26":0,"27":0,"28":0,"29":0,"30":0,"31":0,"32":0,"33":0,"34":0,"35":0,"36":0,"37":0,"38":0,"39":0,"40":0,"41":0,"42":0,"43":0,"44":0,"45":0,"46":0,"47":0,"48":0,"49":0,"50":0,"51":0,"52":0,"53":0,"54":0,"55":0,"56":0,"57":0,"58":0,"59":0,"60":0,"61":0,"62":0,"63":0,"64":0,"65":0,"66":0,"67":0,"68":0,"69":0,"70":0,"71":0,"72":0,"73":0,"74":0,"75":0,"76":0,"77":0},"f":{"0":0,"1":0,"2":0,"3":0,"4":0,"5":0,"6":0,"7":0,"8":0,"9":0,"10":0},"b":{"0":[0,0],"1":[0,0],"2":[0,0],"3":[0,0],"4":[0,0],"5":[0,0],"6":[0,0],"7":[0,0],"8":[0,0],"9":[0,0],"10":[0,0],"11":[0,0],"12":[0,0],"13":[0,0,0,0,0,0],"14":[0,0],"15":[0,0,0,0,0],"16":[0,0],"17":[0,0],"18":[0,0],"19":[0,0],"20":[0,0],"21":[0,0],"22":[0,0],"23":[0,0],"24":[0,0,0],"25":[0,0],"26":[0,0]}}
,"/mnt/c/Users/cozuna/Desktop/rapigoo-app/components/CheckoutScreen.js": {"path":"/mnt/c/Users/cozuna/Desktop/rapigoo-app/components/CheckoutScreen.js","statementMap":{"0":{"start":{"line":16,"column":23},"end":{"line":328,"column":1}},"1":{"start":{"line":17,"column":21},"end":{"line":17,"column":36}},"2":{"start":{"line":18,"column":40},"end":{"line":18,"column":49}},"3":{"start":{"line":20,"column":40},"end":{"line":20,"column":54}},"4":{"start":{"line":21,"column":32},"end":{"line":21,"column":46}},"5":{"start":{"line":22,"column":32},"end":{"line":22,"column":47}},"6":{"start":{"line":25,"column":48},"end":{"line":25,"column":60}},"7":{"start":{"line":26,"column":58},"end":{"line":26,"column":70}},"8":{"start":{"line":27,"column":44},"end":{"line":27,"column":60}},"9":{"start":{"line":28,"column":44},"end":{"line":28,"column":56}},"10":{"start":{"line":30,"column":2},"end":{"line":32,"column":9}},"11":{"start":{"line":31,"column":4},"end":{"line":31,"column":22}},"12":{"start":{"line":34,"column":26},"end":{"line":61,"column":3}},"13":{"start":{"line":35,"column":4},"end":{"line":35,"column":21}},"14":{"start":{"line":36,"column":4},"end":{"line":60,"column":5}},"15":{"start":{"line":37,"column":6},"end":{"line":37,"column":70}},"16":{"start":{"line":40,"column":23},"end":{"line":40,"column":59}},"17":{"start":{"line":42,"column":6},"end":{"line":48,"column":7}},"18":{"start":{"line":43,"column":8},"end":{"line":43,"column":76}},"19":{"start":{"line":44,"column":8},"end":{"line":44,"column":38}},"20":{"start":{"line":46,"column":8},"end":{"line":46,"column":59}},"21":{"start":{"line":47,"column":8},"end":{"line":47,"column":28}},"22":{"start":{"line":50,"column":6},"end":{"line":50,"column":56}},"23":{"start":{"line":52,"column":6},"end":{"line":56,"column":7}},"24":{"start":{"line":53,"column":8},"end":{"line":53,"column":67}},"25":{"start":{"line":55,"column":8},"end":{"line":55,"column":90}},"26":{"start":{"line":57,"column":6},"end":{"line":57,"column":26}},"27":{"start":{"line":59,"column":6},"end":{"line":59,"column":24}},"28":{"start":{"line":63,"column":23},"end":{"line":77,"column":3}},"29":{"start":{"line":64,"column":4},"end":{"line":67,"column":5}},"30":{"start":{"line":65,"column":6},"end":{"line":65,"column":72}},"31":{"start":{"line":66,"column":6},"end":{"line":66,"column":19}},"32":{"start":{"line":68,"column":4},"end":{"line":71,"column":5}},"33":{"start":{"line":69,"column":6},"end":{"line":69,"column":70}},"34":{"start":{"line":70,"column":6},"end":{"line":70,"column":19}},"35":{"start":{"line":72,"column":4},"end":{"line":75,"column":5}},"36":{"start":{"line":73,"column":6},"end":{"line":73,"column":77}},"37":{"start":{"line":74,"column":6},"end":{"line":74,"column":19}},"38":{"start":{"line":76,"column":4},"end":{"line":76,"column":16}},"39":{"start":{"line":79,"column":27},"end":{"line":168,"column":3}},"40":{"start":{"line":80,"column":4},"end":{"line":80,"column":32}},"41":{"start":{"line":80,"column":25},"end":{"line":80,"column":32}},"42":{"start":{"line":83,"column":4},"end":{"line":86,"column":5}},"43":{"start":{"line":84,"column":6},"end":{"line":84,"column":57}},"44":{"start":{"line":85,"column":6},"end":{"line":85,"column":13}},"45":{"start":{"line":88,"column":4},"end":{"line":91,"column":5}},"46":{"start":{"line":89,"column":6},"end":{"line":89,"column":72}},"47":{"start":{"line":90,"column":6},"end":{"line":90,"column":13}},"48":{"start":{"line":93,"column":4},"end":{"line":93,"column":21}},"49":{"start":{"line":95,"column":4},"end":{"line":167,"column":5}},"50":{"start":{"line":97,"column":24},"end":{"line":124,"column":7}},"51":{"start":{"line":99,"column":46},"end":{"line":104,"column":9}},"52":{"start":{"line":126,"column":6},"end":{"line":126,"column":87}},"53":{"start":{"line":129,"column":6},"end":{"line":137,"column":7}},"54":{"start":{"line":130,"column":8},"end":{"line":134,"column":10}},"55":{"start":{"line":136,"column":8},"end":{"line":136,"column":64}},"56":{"start":{"line":136,"column":37},"end":{"line":136,"column":62}},"57":{"start":{"line":139,"column":23},"end":{"line":139,"column":65}},"58":{"start":{"line":141,"column":6},"end":{"line":161,"column":7}},"59":{"start":{"line":143,"column":8},"end":{"line":143,"column":26}},"60":{"start":{"line":146,"column":8},"end":{"line":158,"column":11}},"61":{"start":{"line":160,"column":8},"e
[...]
:{"line":194,"column":28}},"loc":{"start":{"line":194,"column":36},"end":{"line":196,"column":7}},"line":194},"21":{"name":"(anonymous_21)","decl":{"start":{"line":200,"column":2},"end":{"line":200,"column":3}},"loc":{"start":{"line":200,"column":38},"end":{"line":222,"column":3}},"line":200},"22":{"name":"(anonymous_22)","decl":{"start":{"line":204,"column":26},"end":{"line":204,"column":27}},"loc":{"start":{"line":204,"column":32},"end":{"line":206,"column":7}},"line":204},"23":{"name":"(anonymous_23)","decl":{"start":{"line":206,"column":15},"end":{"line":206,"column":16}},"loc":{"start":{"line":206,"column":24},"end":{"line":208,"column":7}},"line":206},"24":{"name":"(anonymous_24)","decl":{"start":{"line":224,"column":2},"end":{"line":224,"column":3}},"loc":{"start":{"line":224,"column":42},"end":{"line":243,"column":3}},"line":224},"25":{"name":"(anonymous_25)","decl":{"start":{"line":245,"column":2},"end":{"line":245,"column":3}},"loc":{"start":{"line":245,"column":57},"end":{"line":261,"column":3}},"line":245},"26":{"name":"(anonymous_26)","decl":{"start":{"line":263,"column":2},"end":{"line":263,"column":3}},"loc":{"start":{"line":263,"column":16},"end":{"line":272,"column":3}},"line":263},"27":{"name":"(anonymous_27)","decl":{"start":{"line":274,"column":2},"end":{"line":274,"column":3}},"loc":{"start":{"line":274,"column":33},"end":{"line":299,"column":3}},"line":274},"28":{"name":"(anonymous_28)","decl":{"start":{"line":280,"column":44},"end":{"line":280,"column":45}},"loc":{"start":{"line":280,"column":56},"end":{"line":286,"column":7}},"line":280},"29":{"name":"(anonymous_29)","decl":{"start":{"line":291,"column":67},"end":{"line":291,"column":68}},"loc":{"start":{"line":291,"column":79},"end":{"line":297,"column":7}},"line":291},"30":{"name":"(anonymous_30)","decl":{"start":{"line":301,"column":2},"end":{"line":301,"column":3}},"loc":{"start":{"line":301,"column":27},"end":{"line":307,"column":3}},"line":301},"31":{"name":"(anonymous_31)","decl":{"start":{"line":309,"column":2},"end":{"line":309,"column":3}},"loc":{"start":{"line":309,"column":25},"end":{"line":315,"column":3}},"line":309},"32":{"name":"(anonymous_32)","decl":{"start":{"line":317,"column":2},"end":{"line":317,"column":3}},"loc":{"start":{"line":317,"column":15},"end":{"line":329,"column":3}},"line":317},"33":{"name":"(anonymous_33)","decl":{"start":{"line":331,"column":2},"end":{"line":331,"column":3}},"loc":{"start":{"line":331,"column":24},"end":{"line":337,"column":3}},"line":331}},"branchMap":{"0":{"loc":{"start":{"line":10,"column":7},"end":{"line":10,"column":35}},"type":"binary-expr","locations":[{"start":{"line":10,"column":7},"end":{"line":10,"column":23}},{"start":{"line":10,"column":27},"end":{"line":10,"column":35}}],"line":10},"1":{"loc":{"start":{"line":33,"column":16},"end":{"line":33,"column":32}},"type":"default-arg","locations":[{"start":{"line":33,"column":28},"end":{"line":33,"column":32}}],"line":33},"2":{"loc":{"start":{"line":37,"column":6},"end":{"line":40,"column":7}},"type":"if","locations":[{"start":{"line":37,"column":6},"end":{"line":40,"column":7}},{"start":{},"end":{}}],"line":37},"3":{"loc":{"start":{"line":43,"column":24},"end":{"line":43,"column":56}},"type":"binary-expr","locations":[{"start":{"line":43,"column":24},"end":{"line":43,"column":33}},{"start":{"line":43,"column":37},"end":{"line":43,"column":56}}],"line":43},"4":{"loc":{"start":{"line":45,"column":6},"end":{"line":53,"column":7}},"type":"if","locations":[{"start":{"line":45,"column":6},"end":{"line":53,"column":7}},{"start":{"line":48,"column":13},"end":{"line":53,"column":7}}],"line":45},"5":{"loc":{"start":{"line":45,"column":10},"end":{"line":45,"column":32}},"type":"binary-expr","locations":[{"start":{"line":45,"column":10},"end":{"line":45,"column":26}},{"start":{"line":45,"column":30},"end":{"line":45,"column":32}}],"line":45},"6":{"loc":{"start":{"line":119,"column":4},"end":{"line":119,"column":29}},"type":"if","locations":[{"start":{"line":119,"column":4},"end":{"line":119,"column":29}},{"start":{},"end":{}}],"line":119},"7":{"loc":{"start":{"line":156,"column":4},"end":{"line":179,"column":5}},"type":"switch","locations":[{"start":{"line":157,"column":6},"end":{"line":160,"column":14}},{"start":{"line":162,"column":6},"end":{"line":165,"column":14}},{"start":{"line":167,"column":6},"end":{"line":170,"column":14}},{"start":{"line":172,"column":6},"end":{"line":175,"column":14}},{"start":{"line":177,"column":6},"end":{"line":178,"column":60}}],"line":156},"8":{"loc":{"start":{"line":183,"column":4},"end":{"line":186,"column":5}},"type":"if","locations":[{"start":{"line":183,"column":4},"end":{"line":186,"column":5}},{"start":{},"end":{}}],"line":183},"9":{"loc":{"start":{"line":201,"column":4},"end":{"line":210,"column":5}},"type":"if","locations":[{"start":{"line":201,"column":4},"end":{"line":210,"column":5}},{"start":{},"end":{}}],"line":201},"10":{"loc":{"start":{"line":201,"column":8},"end":{"line":201,"column":41}},"type":"binary-expr","locations":[{"start":{"line":201,"column":8},"end":{"line":201,"column":25}},{"start":{"line":201,"column":29},"end":{"line":201,"column":41}}],"line":201},"11":{"loc":{"start":{"line":214,"column":4},"end":{"line":216,"column":5}},"type":"if","locations":[{"start":{"line":214,"column":4},"end":{"line":216,"column":5}},{"start":{},"end":{}}],"line":214},"12":{"loc":{"start":{"line":218,"column":4},"end":{"line":220,"column":5}},"type":"if","locations":[{"start":{"line":218,"column":4},"end":{"line":220,"column":5}},{"start":{},"end":{}}],"line":218},"13":{"loc":{"start":{"line":225,"column":4},"end":{"line":229,"column":5}},"type":"if","locations":[{"start":{"line":225,"column":4},"end":{"line":229,"column":5}},{"start":{},"end":{}}],"line":225},"14":{"loc":{"start":{"line":225,"column":8},"end":{"line":225,"column":39}},"type":"binary-expr","locations":[{"start":{"line":225,"column":8},"end":{"line":225,"column":24}},{"start":{"line":225,"column":28},"end":{"line":225,"column":39}}],"line":225},"15":{"loc":{"start":{"line":226,"column":6},"end":{"line":228,"column":7}},"type":"if","locations":[{"start":{"line":226,"column":6},"end":{"line":228,"column":7}},{"start":{},"end":{}}],"line":226},"16":{"loc":{"start":{"line":231,"column":4},"end":{"line":242,"column":5}},"type":"if","locations":[{"start":{"line":231,"column":4},"end":{"line":242,"column":5}},{"start":{},"end":{}}],"line":231},"17":{"loc":{"start":{"line":234,"column":6},"end":{"line":241,"column":7}},"type":"if","locations":[{"start":{"line":234,"column":6},"end":{"line":241,"column":7}},{"start":{},"end":{}}],"line":234},"18":{"loc":{"start":{"line":238,"column":8},"end":{"line":240,"column":9}},"type":"if","locations":[{"start":{"line":238,"column":8},"end":{"line":240,"column":9}},{"start":{},"end":{}}],"line":238},"19":{"loc":{"start":{"line":246,"column":4},"end":{"line":249,"column":5}},"type":"if","locations":[{"start":{"line":246,"column":4},"end":{"line":249,"column":5}},{"start":{},"end":{}}],"line":246},"20":{"loc":{"start":{"line":246,"column":8},"end":{"line":246,"column":41}},"type":"binary-expr","locations":[{"start":{"line":246,"column":8},"end":{"line":246,"column":25}},{"start":{"line":246,"column":29},"end":{"line":246,"column":41}}],"line":246},"21":{"loc":{"start":{"line":253,"column":4},"end":{"line":255,"column":5}},"type":"if","locations":[{"start":{"line":253,"column":4},"end":{"line":255,"column":5}},{"start":{},"end":{}}],"line":253},"22":{"loc":{"start":{"line":257,"column":4},"end":{"line":259,"column":5}},"type":"if","locations":[{"start":{"line":257,"column":4},"end":{"line":259,"column":5}},{"start":{},"end":{}}],"line":257},"23":{"loc":{"start":{"line":264,"column":4},"end":{"line":271,"column":5}},"type":"if","locations":[{"start":{"line":264,"column":4},"end":{"line":271,"column":5}},{"start":{"line":269,"column":11},"end":{"line":271,"column":5}}],"line":264},"24":{"loc":{"start":{"line":264,"column":8},"end":{"line":264,"column":39}},"type":"binary-expr","locations":[{"start":{"line":264,"column":8},"end":{"line":264,"column":24}},{"start":{"line":264,"column":28},"end":{"line":264,"column":39}}],"line":264},"25":{"loc":{"start":{"line":265,"column":6},"end":{"line":268,"column":7}},"type":"if","locations":[{"start":{"line":265,"column":6},"end":{"line":268,"column":7}},{"start":{},"end":{}}],"line":265},"26":{"loc":{"start":{"line":279,"column":4},"end":{"line":287,"column":5}},"type":"if","locations":[{"start":{"line":279,"column":4},"end":{"line":287,"column":5}},{"start":{},"end":{}}],"line":279},"27":{"loc":{"start":{"line":279,"column":8},"end":{"line":279,"column":48}},"type":"binary-expr","locations":[{"start":{"line":279,"column":8},"end":{"line":279,"column":15}},{"start":{"line":279,"column":19},"end":{"line":279,"column":48}}],"line":279},"28":{"loc":{"start":{"line":290,"column":4},"end":{"line":298,"column":5}},"type":"if","locations":[{"start":{"line":290,"column":4},"end":{"line":298,"column":5}},{"start":{},"end":{}}],"line":290},"29":{"loc":{"start":{"line":290,"column":8},"end":{"line":290,"column":80}},"type":"binary-expr","locations":[{"start":{"line":290,"column":8},"end":{"line":290,"column":24}},{"start":{"line":290,"column":28},"end":{"line":290,"column":80}}],"line":290},"30":{"loc":{"start":{"line":302,"column":4},"end":{"line":306,"column":5}},"type":"if","locations":[{"start":{"line":302,"column":4},"end":{"line":306,"column":5}},{"start":{"line":304,"column":11},"end":{"line":306,"column":5}}],"line":302},"31":{"loc":{"start":{"line":302,"column":8},"end":{"line":302,"column":59}},"type":"binary-expr","locations":[{"start":{"line":302,"column":8},"end":{"line":302,"column":24}},{"start":{"line":302,"column":28},"end":{"line":302,"column":39}},{"start":{"line":302,"column":43},"end":{"line":302,"column":59}}],"line":302},"32":{"loc":{"start":{"line":310,"column":4},"end":{"line":314,"column":5}},"type":"if","locations":[{"start":{"line":310,"column":4},"end":{"line":314,"column":5}},{"start":{"line":312,"column":11},"end":{"line":314,"column":5}}],"line":310},"33":{"loc":{"start":{"line":310,"column":8},"end":{"line":310,"column":59}},"type":"binary-expr","locations":[{"start":{"line":310,"column":8},"end":{"line":310,"column":24}},{"start":{"line":310,"column":28},"end":{"line":310,"column":39}},{"start":{"line":310,"column":43},"end":{"line":310,"column":59}}],"line":310},"34":{"loc":{"start":{"line":318,"column":4},"end":{"line":328,"column":5}},"type":"if","locations":[{"start":{"line":318,"column":4},"end":{"line":328,"column":5}},{"start":{},"end":{}}],"line":318},"35":{"loc":{"start":{"line":320,"column":6},"end":{"line":324,"column":7}},"type":"if","locations":[{"start":{"line":320,"column":6},"end":{"line":324,"column":7}},{"start":{"line":322,"column":13},"end":{"line":324,"column":7}}],"line":320}},"s":{"0":0,"1":0,"2":0,"3":0,"4":0,"5":0,"6":0,"7":0,"8":0,"9":0,"10":0,"11":0,"12":0,"13":0,"14":0,"15":0,"16":0,"17":0,"18":0,"19":0,"20":0,"21":0,"22":0,"23":0,"24":0,"25":0,"26":0,"27":0,"28":0,"29":0,"30":0,"31":0,"32":0,"33":0,"34":0,"35":0,"36":0,"37":0,"38":0,"39":0,"40":0,"41":0,"42":0,"43":0,"44":0,"45":0,"46":0,"47":0,"48":0,"49":0,"50":0,"51":0,"52":0,"53":0,"54":0,"55":0,"56":0,"57":0,"58":0,"59":0,"60":0,"61":0,"62":0,"63":0,"64":0,"65":0,"66":0,"67":0,"68":0,"69":0,"70":0,"71":0,"72":0,"73":0,"74":0,"75":0,"76":0,"77":0,"78":0,"79":0,"80":0,"81":0,"82":0,"83":0,"84":0,"85":0,"86":0,"87":0,"88":0,"89":0,"90":0,"91":0,"92":0,"93":0,"94":0,"95":0,"96":0,"97":0,"98":0,"99":0,"100":0,"101":0,"102":0,"103":0,"104":0,"105":0,"106":0,"107":0,"108":0,"109":0,"110":0,"111":0,"112":0,"113":0,"114":0,"115":0,"116":0,"117":0,"118":0,"119":0,"120":0,"121":0,"122":0,"123":0,"124":0,"125":0,"126":0,"127":0,"128":0,"129":0,"130":0,"131":0,"132":0,"133":0,"134":0,"135":0,"136":0,"137":0,"138":0,"139":0,"140":0,"141":0,"142":0,"143":0,"144":0,"145":0,"146":0,"147":0,"148":0,"149":0,"150":0,"151":0,"152":0,"153":0,"154":0,"155":0,"156":0,"157":0,"158":0,"159":0,"160":0,"161":0,"162":0,"163":0,"164":0},"f":{"0":0,"1":0,"2":0,"3":0,"4":0,"5":0,"6":0,"7":0,"8":0,"9":0,"10":0,"11":0,"12":0,"13":0,"14":0,"15":0,"16":0,"17":0,"18":0,"19":0,"20":0,"21":0,"22":0,"23":0,"24":0,"25":0,"26":0,"27":0,"28":0,"29":0,"30":0,"31":0,"32":0,"33":0},"b":{"0":[0,0],"1":[0],"2":[0,0],"3":[0,0],"4":[0,0],"5":[0,0],"6":[0,0],"7":[0,0,0,0,0],"8":[0,0],"9":[0,0],"10":[0,0],"11":[0,0],"12":[0,0],"13":[0,0],"14":[0,0],"15":[0,0],"16":[0,0],"17":[0,0],"18":[0,0],"19":[0,0],"20":[0,0],"21":[0,0],"22":[0,0],"23":[0,0],"24":[0,0],"25":[0,0],"26":[0,0],"27":[0,0],"28":[0,0],"29":[0,0],"30":[0,0],"31":[0,0,0],"32":[0,0],"33":[0,0,0],"34":[0,0],"35":[0,0]}}
,"/mnt/c/Users/cozuna/Desktop/rapigoo-app/utils/categories.js": {"path":"/mnt/c/Users/cozuna/Desktop/rapigoo-app/utils/categories.js","statementMap":{"0":{"start":{"line":1,"column":26},"end":{"line":13,"column":1}}},"fnMap":{},"branchMap":{},"s":{"0":0},"f":{},"b":{}}
,"/mnt/c/Users/cozuna/Desktop/rapigoo-app/utils/navigationStates.js": {"path":"/mnt/c/Users/cozuna/Desktop/rapigoo-app/utils/navigationStates.js","statementMap":{"0":{"start":{"line":2,"column":31},"end":{"line":10,"column":1}},"1":{"start":{"line":12,"column":37},"end":{"line":20,"column":1}},"2":{"start":{"line":22,"column":31},"end":{"line":43,"column":1}},"3":{"start":{"line":23,"column":2},"end":{"line":42,"column":3}},"4":{"start":{"line":26,"column":6},"end":{"line":30,"column":8}},"5":{"start":{"line":34,"column":6},"end":{"line":38,"column":8}},"6":{"start":{"line":41,"column":6},"end":{"line":41,"column":18}},"7":{"start":{"line":45,"column":29},"end":{"line":92,"column":1}},"8":{"start":{"line":46,"column":2},"end":{"line":91,"column":3}},"9":{"start":{"line":48,"column":6},"end":{"line":52,"column":8}},"10":{"start":{"line":55,"column":6},"end":{"line":59,"column":8}},"11":{"start":{"line":62,"column":6},"end":{"line":66,"column":8}},"12":{"start":{"line":69,"column":6},"end":{"line":73,"column":8}},"13":{"start":{"line":76,"column":6},"end":{"line":80,"column":8}},"14":{"start":{"line":83,"column":6},"end":{"line":87,"column":8}},"15":{"start":{"line":90,"column":6},"end":{"line":90,"column":18}},"16":{"start":{"line":95,"column":33},"end":{"line":106,"column":1}},"17":{"start":{"line":96,"column":12},"end":{"line":96,"column":16}},"18":{"start":{"line":97,"column":15},"end":{"line":97,"column":44}},"19":{"start":{"line":98,"column":15},"end":{"line":98,"column":44}},"20":{"start":{"line":100,"column":4},"end":{"line":102,"column":39}},"21":{"start":{"line":103,"column":12},"end":{"line":103,"column":56}},"22":{"start":{"line":104,"column":19},"end":{"line":104,"column":31}},"23":{"start":{"line":105,"column":2},"end":{"line":105,"column":18}},"24":{"start":{"line":109,"column":28},"end":{"line":118,"column":1}},"25":{"start":{"line":110,"column":19},"end":{"line":115,"column":3}},"26":{"start":{"line":117,"column":2},"end":{"line":117,"column":31}},"27":{"start":{"line":121,"column":30},"end":{"line":127,"column":1}},"28":{"start":{"line":122,"column":2},"end":{"line":126,"column":3}},"29":{"start":{"line":123,"column":4},"end":{"line":123,"column":36}},"30":{"start":{"line":125,"column":4},"end":{"line":125,"column":45}},"31":{"start":{"line":130,"column":30},"end":{"line":140,"column":1}},"32":{"start":{"line":131,"column":2},"end":{"line":139,"column":3}},"33":{"start":{"line":132,"column":4},"end":{"line":132,"column":37}},"34":{"start":{"line":133,"column":9},"end":{"line":139,"column":3}},"35":{"start":{"line":134,"column":4},"end":{"line":134,"column":44}},"36":{"start":{"line":136,"column":18},"end":{"line":136,"column":44}},"37":{"start":{"line":137,"column":20},"end":{"line":137,"column":53}},"38":{"start":{"line":138,"column":4},"end":{"line":138,"column":37}},"39":{"start":{"line":143,"column":28},"end":{"line":149,"column":1}},"40":{"start":{"line":145,"column":21},"end":{"line":145,"column":36}},"41":{"start":{"line":146,"column":20},"end":{"line":146,"column":45}},"42":{"start":{"line":147,"column":22},"end":{"line":147,"column":36}},"43":{"start":{"line":148,"column":2},"end":{"line":148,"column":33}}},"fnMap":{"0":{"name":"(anonymous_0)","decl":{"start":{"line":22,"column":31},"end":{"line":22,"column":32}},"loc":{"start":{"line":22,"column":80},"end":{"line":43,"column":1}},"line":22},"1":{"name":"(anonymous_1)","decl":{"start":{"line":45,"column":29},"end":{"line":45,"column":30}},"loc":{"start":{"line":45,"column":48},"end":{"line":92,"column":1}},"line":45},"2":{"name":"(anonymous_2)","decl":{"start":{"line":95,"column":33},"end":{"line":95,"column":34}},"loc":{"start":{"line":95,"column":61},"end":{"line":106,"column":1}},"line":95},"3":{"name":"(anonymous_3)","decl":{"start":{"line":109,"column":28},"end":{"line":109,"column":29}},"loc":{"start":{"line":109,"column":81},"end":{"line":118,"column":1}},"line":109},"4":{"name":"(anonymous_4)","decl":{"start":{"line":121,"column":30},"end":{"line":121,"column":31}},"loc":{"start":{"line":121,"column":42},"end":{"line":127,"column":1}},"line":121},"5":{"name":"(anonymous_5)","decl":{"start":{"line":130,"column":30},"end":{"line":130,"column":31}},"loc":{"start":{"line":130,"column":43},"end":{"line":140,"column":1}},"line":130},"6":{"name":"(anonymous_6)","decl":{"start":{"line":143,"column":28},"end":{"line":143,"column":29}},"loc":{"start":{"line":143,"column":61},"end":{"line":149,"column":1}},"line":143}},"branchMap":{"0":{"loc":{"start":{"line":23,"column":2},"end":{"line":42,"column":3}},"type":"switch","locations":[{"start":{"line":24,"column":4},"end":{"line":24,"column":34}},{"start":{"line":25,"column":4},"end":{"line":30,"column":8}},{"start":{"line":32,"column":4},"end":{"line":32,"column":35}},{"start":{"line":33,"column":4},"end":{"line":38,"column":8}},{"start":{"line":40,"column":4},"end":{"line":41,"column":18}}],"line":23},"1":{"loc":{"start":{"line":46,"column":2},"end":{"line":91,"column":3}},"type":"switch","locations":[{"start":{"line":47,"column":4},"end":{"line":52,"column":8}},{"start":{"line":54,"column":4},"end":{"line":59,"column":8}},{"start":{"line":61,"column":4},"end":{"line":66,"column":8}},{"start":{"line":68,"column":4},"end":{"line":73,"column":8}},{"start":{"line":75,"column":4},"end":{"line":80,"column":8}},{"start":{"line":82,"column":4},"end":{"line":87,"column":8}},{"start":{"line":89,"column":4},"end":{"line":90,"column":18}}],"line":46},"2":{"loc":{"start":{"line":109,"column":62},"end":{"line":109,"column":76}},"type":"default-arg","locations":[{"start":{"line":109,"column":74},"end":{"line":109,"column":76}}],"line":109},"3":{"loc":{"start":{"line":122,"column":2},"end":{"line":126,"column":3}},"type":"if","locations":[{"start":{"line":122,"column":2},"end":{"line":126,"column":3}},{"start":{"line":124,"column":9},"end":{"line":126,"column":3}}],"line":122},"4":{"loc":{"start":{"line":131,"column":2},"end":{"line":139,"column":3}},"type":"if","locations":[{"start":{"line":131,"column":2},"end":{"line":139,"column":3}},{"start":{"line":133,"column":9},"end":{"line":139,"column":3}}],"line":131},"5":{"loc":{"start":{"line":133,"column":9},"end":{"line":139,"column":3}},"type":"if","locations":[{"start":{"line":133,"column":9},"end":{"line":139,"column":3}},{"start":{"line":135,"column":9},"end":{"line":139,"column":3}}],"line":133},"6":{"loc":{"start":{"line":143,"column":39},"end":{"line":143,"column":56}},"type":"default-arg","locations":[{"start":{"line":143,"column":54},"end":{"line":143,"column":56}}],"line":143}},"s":{"0":0,"1":0,"2":0,"3":0,"4":0,"5":0,"6":0,"7":0,"8":0,"9":0,"10":0,"11":0,"12":0,"13":0,"14":0,"15":0,"16":0,"17":0,"18":0,"19":0,"20":0,"21":0,"22":0,"23":0,"24":0,"25":0,"26":0,"27":0,"28":0,"29":0,"30":0,"31":0,"32":0,"33":0,"34":0,"35":0,"36":0,"37":0,"38":0,"39":0,"40":0,"41":0,"42":0,"43":0},"f":{"0":0,"1":0,"2":0,"3":0,"4":0,"5":0,"6":0},"b":{"0":[0,0,0,0,0],"1":[0,0,0,0,0,0,0],"2":[0],"3":[0,0],"4":[0,0],"5":[0,0],"6":[0]}}
}
