TN:
SF:api/apiClient.js
FN:11,(anonymous_0)
FN:21,(anonymous_1)
FN:25,(anonymous_2)
FN:26,(anonymous_3)
FNF:4
FNH:0
FNDA:0,(anonymous_0)
FNDA:0,(anonymous_1)
FNDA:0,(anonymous_2)
FNDA:0,(anonymous_3)
DA:5,0
DA:10,0
DA:12,0
DA:13,0
DA:14,0
DA:15,0
DA:17,0
DA:19,0
DA:21,0
DA:24,0
DA:25,0
DA:27,0
DA:28,0
DA:29,0
DA:30,0
DA:32,0
LF:16
LH:0
BRDA:13,0,0,0
BRDA:13,0,1,0
BRDA:27,1,0,0
BRDA:27,1,1,0
BRF:4
BRH:0
end_of_record
TN:
SF:api/auth.js
FN:5,(anonymous_0)
FN:15,(anonymous_1)
FN:29,(anonymous_2)
FN:34,(anonymous_3)
FN:40,(anonymous_4)
FN:46,(anonymous_5)
FN:52,(anonymous_6)
FN:82,(anonymous_7)
FN:98,(anonymous_8)
FN:104,(anonymous_9)
FNF:10
FNH:0
FNDA:0,(anonymous_0)
FNDA:0,(anonymous_1)
FNDA:0,(anonymous_2)
FNDA:0,(anonymous_3)
FNDA:0,(anonymous_4)
FNDA:0,(anonymous_5)
FNDA:0,(anonymous_6)
FNDA:0,(anonymous_7)
FNDA:0,(anonymous_8)
FNDA:0,(anonymous_9)
DA:5,0
DA:6,0
DA:11,0
DA:15,0
DA:16,0
DA:18,0
DA:23,0
DA:24,0
DA:25,0
DA:29,0
DA:30,0
DA:34,0
DA:35,0
DA:36,0
DA:40,0
DA:41,0
DA:42,0
DA:46,0
DA:47,0
DA:48,0
DA:52,0
DA:53,0
DA:54,0
DA:55,0
DA:57,0
DA:58,0
DA:59,0
DA:60,0
DA:61,0
DA:62,0
DA:63,0
DA:64,0
DA:65,0
DA:66,0
DA:67,0
DA:69,0
DA:72,0
DA:74,0
DA:75,0
DA:76,0
DA:78,0
DA:82,0
DA:83,0
DA:85,0
DA:86,0
DA:87,0
DA:90,0
DA:94,0
DA:98,0
DA:99,0
DA:100,0
DA:104,0
DA:105,0
DA:109,0
LF:54
LH:0
BRDA:52,0,0,0
BRDA:57,1,0,0
BRDA:57,1,1,0
BRDA:60,2,0,0
BRDA:60,2,1,0
BRDA:65,3,0,0
BRDA:65,3,1,0
BRDA:74,4,0,0
BRDA:74,4,1,0
BRDA:85,5,0,0
BRDA:85,5,1,0
BRF:11
BRH:0
end_of_record
TN:
SF:api/merchant.js
FN:5,(anonymous_0)
FN:12,(anonymous_1)
FN:24,(anonymous_2)
FN:36,(anonymous_3)
FN:60,(anonymous_4)
FN:67,(anonymous_5)
FNF:6
FNH:0
FNDA:0,(anonymous_0)
FNDA:0,(anonymous_1)
FNDA:0,(anonymous_2)
FNDA:0,(anonymous_3)
FNDA:0,(anonymous_4)
FNDA:0,(anonymous_5)
DA:5,0
DA:6,0
DA:7,0
DA:8,0
DA:12,0
DA:13,0
DA:15,0
DA:17,0
DA:18,0
DA:20,0
DA:24,0
DA:25,0
DA:27,0
DA:29,0
DA:30,0
DA:32,0
DA:36,0
DA:45,0
DA:55,0
DA:56,0
DA:60,0
DA:61,0
DA:62,0
DA:63,0
DA:67,0
DA:68,0
DA:69,0
DA:70,0
LF:28
LH:0
BRDA:7,0,0,0
BRDA:7,0,1,0
BRDA:15,1,0,0
BRDA:15,1,1,0
BRDA:15,2,0,0
BRDA:15,2,1,0
BRDA:27,3,0,0
BRDA:27,3,1,0
BRDA:27,4,0,0
BRDA:27,4,1,0
BRDA:55,5,0,0
BRDA:55,5,1,0
BRDA:62,6,0,0
BRDA:62,6,1,0
BRDA:69,7,0,0
BRDA:69,7,1,0
BRF:16
BRH:0
end_of_record
TN:
SF:api/serviceApi.js
FN:3,getMyServices
FN:15,createOrUpdateService
FN:54,getServicesByMerchant
FN:66,getMerchantPublicProfile
FNF:4
FNH:0
FNDA:0,getMyServices
FNDA:0,createOrUpdateService
FNDA:0,getServicesByMerchant
FNDA:0,getMerchantPublicProfile
DA:4,0
DA:5,0
DA:6,0
DA:7,0
DA:9,0
DA:10,0
DA:11,0
DA:23,0
DA:24,0
DA:32,0
DA:33,0
DA:36,0
DA:45,0
DA:46,0
DA:48,0
DA:49,0
DA:50,0
DA:55,0
DA:56,0
DA:57,0
DA:58,0
DA:60,0
DA:61,0
DA:62,0
DA:67,0
DA:68,0
DA:69,0
DA:70,0
DA:72,0
DA:73,0
DA:74,0
LF:31
LH:0
BRDA:6,0,0,0
BRDA:6,0,1,0
BRDA:9,1,0,0
BRDA:9,1,1,0
BRDA:32,2,0,0
BRDA:32,2,1,0
BRDA:32,3,0,0
BRDA:32,3,1,0
BRDA:32,3,2,0
BRDA:32,3,3,0
BRDA:32,3,4,0
BRDA:45,4,0,0
BRDA:45,4,1,0
BRDA:48,5,0,0
BRDA:48,5,1,0
BRDA:57,6,0,0
BRDA:57,6,1,0
BRDA:60,7,0,0
BRDA:60,7,1,0
BRDA:69,8,0,0
BRDA:69,8,1,0
BRDA:72,9,0,0
BRDA:72,9,1,0
BRF:23
BRH:0
end_of_record
TN:
SF:components/AddServiceScreen.js
FN:18,(anonymous_0)
FN:31,(anonymous_1)
FN:42,(anonymous_2)
FN:53,(anonymous_3)
FN:95,(anonymous_4)
FNF:5
FNH:0
FNDA:0,(anonymous_0)
FNDA:0,(anonymous_1)
FNDA:0,(anonymous_2)
FNDA:0,(anonymous_3)
FNDA:0,(anonymous_4)
DA:18,0
DA:19,0
DA:20,0
DA:21,0
DA:23,0
DA:25,0
DA:26,0
DA:27,0
DA:28,0
DA:29,0
DA:31,0
DA:32,0
DA:33,0
DA:34,0
DA:35,0
DA:36,0
DA:37,0
DA:38,0
DA:42,0
DA:43,0
DA:48,0
DA:49,0
DA:53,0
DA:54,0
DA:55,0
DA:59,0
DA:60,0
DA:61,0
DA:64,0
DA:65,0
DA:74,0
DA:75,0
DA:77,0
DA:79,0
DA:80,0
DA:81,0
DA:82,0
DA:83,0
DA:84,0
DA:85,0
DA:86,0
DA:89,0
DA:93,0
DA:95,0
DA:159,0
LF:45
LH:0
BRDA:32,0,0,0
BRDA:32,0,1,0
BRDA:48,1,0,0
BRDA:48,1,1,0
BRDA:54,2,0,0
BRDA:54,2,1,0
BRDA:54,3,0,0
BRDA:54,3,1,0
BRDA:54,3,2,0
BRDA:54,3,3,0
BRDA:54,3,4,0
BRDA:60,4,0,0
BRDA:60,4,1,0
BRDA:66,5,0,0
BRDA:66,5,1,0
BRDA:74,6,0,0
BRDA:74,6,1,0
BRDA:79,7,0,0
BRDA:79,7,1,0
BRDA:79,8,0,0
BRDA:79,8,1,0
BRDA:81,9,0,0
BRDA:81,9,1,0
BRDA:81,10,0,0
BRDA:81,10,1,0
BRDA:83,11,0,0
BRDA:83,11,1,0
BRDA:83,12,0,0
BRDA:83,12,1,0
BRDA:85,13,0,0
BRDA:85,13,1,0
BRDA:85,14,0,0
BRDA:85,14,1,0
BRDA:89,15,0,0
BRDA:89,15,1,0
BRDA:100,16,0,0
BRDA:100,16,1,0
BRDA:104,17,0,0
BRDA:104,17,1,0
BRF:39
BRH:0
end_of_record
TN:
SF:components/AnalyticsScreen.js
FN:22,(anonymous_0)
FN:43,(anonymous_1)
FN:47,(anonymous_2)
FN:94,(anonymous_3)
FN:100,(anonymous_4)
FN:104,(anonymous_5)
FN:113,(anonymous_6)
FN:152,(anonymous_7)
FN:170,(anonymous_8)
FN:177,(anonymous_9)
FN:239,(anonymous_10)
FN:259,(anonymous_11)
FN:280,(anonymous_12)
FNF:13
FNH:0
FNDA:0,(anonymous_0)
FNDA:0,(anonymous_1)
FNDA:0,(anonymous_2)
FNDA:0,(anonymous_3)
FNDA:0,(anonymous_4)
FNDA:0,(anonymous_5)
FNDA:0,(anonymous_6)
FNDA:0,(anonymous_7)
FNDA:0,(anonymous_8)
FNDA:0,(anonymous_9)
FNDA:0,(anonymous_10)
FNDA:0,(anonymous_11)
FNDA:0,(anonymous_12)
DA:20,0
DA:22,0
DA:23,0
DA:24,0
DA:26,0
DA:27,0
DA:28,0
DA:29,0
DA:41,0
DA:43,0
DA:44,0
DA:47,0
DA:48,0
DA:49,0
DA:50,0
DA:52,0
DA:56,0
DA:57,0
DA:59,0
DA:62,0
DA:63,0
DA:65,0
DA:90,0
DA:94,0
DA:95,0
DA:96,0
DA:97,0
DA:100,0
DA:101,0
DA:104,0
DA:105,0
DA:106,0
DA:107,0
DA:108,0
DA:109,0
DA:113,0
DA:114,0
DA:124,0
DA:127,0
DA:128,0
DA:136,0
DA:137,0
DA:146,0
DA:152,0
DA:171,0
DA:177,0
DA:240,0
DA:260,0
DA:281,0
DA:298,0
LF:50
LH:0
BRDA:56,0,0,0
BRDA:56,0,1,0
BRDA:63,1,0,0
BRDA:63,1,1,0
BRDA:105,2,0,0
BRDA:105,2,1,0
BRDA:105,2,2,0
BRDA:105,2,3,0
BRDA:124,3,0,0
BRDA:124,3,1,0
BRDA:127,4,0,0
BRDA:127,4,1,0
BRDA:136,5,0,0
BRDA:136,5,1,0
BRDA:175,6,0,0
BRDA:175,6,1,0
BRDA:181,7,0,0
BRDA:181,7,1,0
BRDA:183,8,0,0
BRDA:183,8,1,0
BRDA:183,9,0,0
BRDA:183,9,1,0
BRDA:236,10,0,0
BRDA:236,10,1,0
BRDA:256,11,0,0
BRDA:256,11,1,0
BRDA:277,12,0,0
BRDA:277,12,1,0
BRF:28
BRH:0
end_of_record
TN:
SF:components/BusinessFormStep1Screen.js
FN:13,(anonymous_0)
FN:21,(anonymous_1)
FN:60,(anonymous_2)
FNF:3
FNH:0
FNDA:0,(anonymous_0)
FNDA:0,(anonymous_1)
FNDA:0,(anonymous_2)
DA:13,0
DA:14,0
DA:16,0
DA:17,0
DA:18,0
DA:19,0
DA:21,0
DA:22,0
DA:23,0
DA:24,0
DA:27,0
DA:35,0
DA:60,0
DA:94,0
LF:14
LH:0
BRDA:22,0,0,0
BRDA:22,0,1,0
BRDA:22,1,0,0
BRDA:22,1,1,0
BRDA:22,1,2,0
BRDA:22,1,3,0
BRF:6
BRH:0
end_of_record
TN:
SF:components/BusinessFormStep2Screen.js
FN:14,(anonymous_0)
FN:24,(anonymous_1)
FN:60,(anonymous_2)
FNF:3
FNH:0
FNDA:0,(anonymous_0)
FNDA:0,(anonymous_1)
FNDA:0,(anonymous_2)
DA:14,0
DA:15,0
DA:16,0
DA:18,0
DA:20,0
DA:21,0
DA:22,0
DA:24,0
DA:25,0
DA:26,0
DA:27,0
DA:30,0
DA:31,0
DA:33,0
DA:47,0
DA:48,0
DA:53,0
DA:54,0
DA:58,0
DA:60,0
DA:100,0
LF:21
LH:0
BRDA:25,0,0,0
BRDA:25,0,1,0
BRDA:25,1,0,0
BRDA:25,1,1,0
BRDA:25,1,2,0
BRDA:53,2,0,0
BRDA:53,2,1,0
BRDA:54,3,0,0
BRDA:54,3,1,0
BRF:9
BRH:0
end_of_record
TN:
SF:components/CartScreen.js
FN:15,(anonymous_0)
FN:29,(anonymous_1)
FN:41,(anonymous_2)
FN:50,(anonymous_3)
FN:60,(anonymous_4)
FN:69,(anonymous_5)
FN:89,(anonymous_6)
FN:114,(anonymous_7)
FN:127,(anonymous_8)
FN:136,(anonymous_9)
FNF:10
FNH:0
FNDA:0,(anonymous_0)
FNDA:0,(anonymous_1)
FNDA:0,(anonymous_2)
FNDA:0,(anonymous_3)
FNDA:0,(anonymous_4)
FNDA:0,(anonymous_5)
FNDA:0,(anonymous_6)
FNDA:0,(anonymous_7)
FNDA:0,(anonymous_8)
FNDA:0,(anonymous_9)
DA:15,0
DA:16,0
DA:17,0
DA:19,0
DA:20,0
DA:21,0
DA:24,0
DA:25,0
DA:26,0
DA:27,0
DA:29,0
DA:41,0
DA:50,0
DA:51,0
DA:52,0
DA:60,0
DA:65,0
DA:69,0
DA:70,0
DA:73,0
DA:74,0
DA:75,0
DA:83,0
DA:85,0
DA:89,0
DA:115,0
DA:127,0
DA:136,0
DA:180,0
LF:29
LH:0
BRDA:25,0,0,0
BRDA:25,0,1,0
BRDA:25,1,0,0
BRDA:25,1,1,0
BRDA:51,2,0,0
BRDA:51,2,1,0
BRDA:73,3,0,0
BRDA:73,3,1,0
BRDA:97,4,0,0
BRDA:97,4,1,0
BRDA:106,5,0,0
BRDA:106,5,1,0
BRDA:149,6,0,0
BRDA:149,6,1,0
BRDA:155,7,0,0
BRDA:155,7,1,0
BRDA:155,8,0,0
BRDA:155,8,1,0
BRDA:155,9,0,0
BRDA:155,9,1,0
BRDA:163,10,0,0
BRDA:163,10,1,0
BRDA:173,11,0,0
BRDA:173,11,1,0
BRF:24
BRH:0
end_of_record
TN:
SF:components/CategoryScreen.js
FN:17,(anonymous_0)
FN:20,(anonymous_1)
FN:46,(anonymous_2)
FN:54,(anonymous_3)
FN:61,(anonymous_4)
FN:62,(anonymous_5)
FN:78,(anonymous_6)
FN:82,(anonymous_7)
FN:86,(anonymous_8)
FN:106,(anonymous_9)
FNF:10
FNH:0
FNDA:0,(anonymous_0)
FNDA:0,(anonymous_1)
FNDA:0,(anonymous_2)
FNDA:0,(anonymous_3)
FNDA:0,(anonymous_4)
FNDA:0,(anonymous_5)
FNDA:0,(anonymous_6)
FNDA:0,(anonymous_7)
FNDA:0,(anonymous_8)
FNDA:0,(anonymous_9)
DA:17,0
DA:18,0
DA:20,0
DA:47,0
DA:54,0
DA:55,0
DA:56,0
DA:57,0
DA:58,0
DA:59,0
DA:61,0
DA:62,0
DA:63,0
DA:64,0
DA:65,0
DA:66,0
DA:67,0
DA:69,0
DA:71,0
DA:75,0
DA:78,0
DA:79,0
DA:82,0
DA:83,0
DA:86,0
DA:88,0
DA:89,0
DA:96,0
DA:97,0
DA:104,0
DA:106,0
DA:121,0
LF:32
LH:0
BRDA:23,0,0,0
BRDA:23,0,1,0
BRDA:31,1,0,0
BRDA:31,1,1,0
BRDA:34,2,0,0
BRDA:34,2,1,0
BRDA:36,3,0,0
BRDA:36,3,1,0
BRDA:41,4,0,0
BRDA:41,4,1,0
BRDA:41,5,0,0
BRDA:41,5,1,0
BRDA:48,6,0,0
BRDA:48,6,1,0
BRDA:48,6,2,0
BRDA:88,7,0,0
BRDA:88,7,1,0
BRDA:96,8,0,0
BRDA:96,8,1,0
BRF:19
BRH:0
end_of_record
TN:
SF:components/ChangePasswordScreen.js
FN:19,(anonymous_0)
FN:32,(anonymous_1)
FN:56,(anonymous_2)
FN:69,(anonymous_3)
FN:81,(anonymous_4)
FN:225,(anonymous_5)
FN:254,(anonymous_6)
FN:279,(anonymous_7)
FN:303,(anonymous_8)
FN:329,(anonymous_9)
FN:362,(anonymous_10)
FNF:11
FNH:0
FNDA:0,(anonymous_0)
FNDA:0,(anonymous_1)
FNDA:0,(anonymous_2)
FNDA:0,(anonymous_3)
FNDA:0,(anonymous_4)
FNDA:0,(anonymous_5)
FNDA:0,(anonymous_6)
FNDA:0,(anonymous_7)
FNDA:0,(anonymous_8)
FNDA:0,(anonymous_9)
FNDA:0,(anonymous_10)
DA:19,0
DA:20,0
DA:21,0
DA:22,0
DA:24,0
DA:25,0
DA:26,0
DA:27,0
DA:28,0
DA:29,0
DA:30,0
DA:32,0
DA:33,0
DA:34,0
DA:35,0
DA:37,0
DA:38,0
DA:39,0
DA:41,0
DA:42,0
DA:43,0
DA:45,0
DA:46,0
DA:47,0
DA:49,0
DA:50,0
DA:51,0
DA:53,0
DA:56,0
DA:57,0
DA:59,0
DA:60,0
DA:61,0
DA:66,0
DA:69,0
DA:72,0
DA:77,0
DA:81,0
DA:82,0
DA:84,0
DA:85,0
DA:87,0
DA:88,0
DA:89,0
DA:90,0
DA:91,0
DA:93,0
DA:96,0
DA:97,0
DA:99,0
DA:100,0
DA:102,0
DA:103,0
DA:105,0
DA:106,0
DA:108,0
DA:109,0
DA:112,0
DA:115,0
DA:117,0
DA:225,0
DA:226,0
DA:233,0
DA:236,0
DA:244,0
DA:246,0
DA:254,0
DA:279,0
DA:303,0
DA:330,0
DA:362,0
LF:71
LH:0
BRDA:33,0,0,0
BRDA:33,0,1,0
BRDA:37,1,0,0
BRDA:37,1,1,0
BRDA:41,2,0,0
BRDA:41,2,1,0
BRDA:45,3,0,0
BRDA:45,3,1,0
BRDA:49,4,0,0
BRDA:49,4,1,0
BRDA:57,5,0,0
BRDA:57,5,1,0
BRDA:74,6,0,0
BRDA:74,6,1,0
BRDA:82,7,0,0
BRDA:82,7,1,0
BRDA:87,8,0,0
BRDA:87,8,1,0
BRDA:88,9,0,0
BRDA:88,9,1,0
BRDA:89,10,0,0
BRDA:89,10,1,0
BRDA:90,11,0,0
BRDA:90,11,1,0
BRDA:91,12,0,0
BRDA:91,12,1,0
BRDA:93,13,0,0
BRDA:93,13,1,0
BRDA:93,13,2,0
BRDA:93,13,3,0
BRDA:93,13,4,0
BRDA:93,13,5,0
BRDA:233,14,0,0
BRDA:233,14,1,0
BRDA:244,15,0,0
BRDA:244,15,1,0
BRDA:244,15,2,0
BRDA:244,15,3,0
BRDA:244,15,4,0
BRDA:249,16,0,0
BRDA:249,16,1,0
BRDA:282,17,0,0
BRDA:282,17,1,0
BRDA:306,18,0,0
BRDA:306,18,1,0
BRDA:313,19,0,0
BRDA:313,19,1,0
BRDA:332,20,0,0
BRDA:332,20,1,0
BRDA:334,21,0,0
BRDA:334,21,1,0
BRDA:338,22,0,0
BRDA:338,22,1,0
BRDA:365,23,0,0
BRDA:365,23,1,0
BRDA:376,24,0,0
BRDA:376,24,1,0
BRDA:376,24,2,0
BRDA:379,25,0,0
BRDA:379,25,1,0
BRDA:381,26,0,0
BRDA:381,26,1,0
BRF:62
BRH:0
end_of_record
TN:
SF:components/CheckoutScreen.js
FN:16,(anonymous_0)
FN:30,(anonymous_1)
FN:34,(anonymous_2)
FN:63,(anonymous_3)
FN:79,(anonymous_4)
FN:99,(anonymous_5)
FN:136,(anonymous_6)
FN:191,(anonymous_7)
FN:216,(anonymous_8)
FN:266,(anonymous_9)
FN:279,(anonymous_10)
FNF:11
FNH:0
FNDA:0,(anonymous_0)
FNDA:0,(anonymous_1)
FNDA:0,(anonymous_2)
FNDA:0,(anonymous_3)
FNDA:0,(anonymous_4)
FNDA:0,(anonymous_5)
FNDA:0,(anonymous_6)
FNDA:0,(anonymous_7)
FNDA:0,(anonymous_8)
FNDA:0,(anonymous_9)
FNDA:0,(anonymous_10)
DA:16,0
DA:17,0
DA:18,0
DA:20,0
DA:21,0
DA:22,0
DA:25,0
DA:26,0
DA:27,0
DA:28,0
DA:30,0
DA:31,0
DA:34,0
DA:35,0
DA:36,0
DA:37,0
DA:40,0
DA:42,0
DA:43,0
DA:44,0
DA:46,0
DA:47,0
DA:50,0
DA:52,0
DA:53,0
DA:55,0
DA:57,0
DA:59,0
DA:63,0
DA:64,0
DA:65,0
DA:66,0
DA:68,0
DA:69,0
DA:70,0
DA:72,0
DA:73,0
DA:74,0
DA:76,0
DA:79,0
DA:80,0
DA:83,0
DA:84,0
DA:85,0
DA:88,0
DA:89,0
DA:90,0
DA:93,0
DA:95,0
DA:97,0
DA:99,0
DA:126,0
DA:129,0
DA:130,0
DA:136,0
DA:139,0
DA:141,0
DA:143,0
DA:146,0
DA:160,0
DA:163,0
DA:164,0
DA:166,0
DA:170,0
DA:171,0
DA:179,0
DA:180,0
DA:187,0
DA:191,0
DA:217,0
DA:266,0
DA:279,0
DA:330,0
LF:73
LH:0
BRDA:42,0,0,0
BRDA:42,0,1,0
BRDA:52,1,0,0
BRDA:52,1,1,0
BRDA:55,2,0,0
BRDA:55,2,1,0
BRDA:64,3,0,0
BRDA:64,3,1,0
BRDA:68,4,0,0
BRDA:68,4,1,0
BRDA:72,5,0,0
BRDA:72,5,1,0
BRDA:80,6,0,0
BRDA:80,6,1,0
BRDA:83,7,0,0
BRDA:83,7,1,0
BRDA:83,8,0,0
BRDA:83,8,1,0
BRDA:83,8,2,0
BRDA:88,9,0,0
BRDA:88,9,1,0
BRDA:88,10,0,0
BRDA:88,10,1,0
BRDA:102,11,0,0
BRDA:102,11,1,0
BRDA:103,12,0,0
BRDA:103,12,1,0
BRDA:118,13,0,0
BRDA:118,13,1,0
BRDA:129,14,0,0
BRDA:129,14,1,0
BRDA:141,15,0,0
BRDA:141,15,1,0
BRDA:160,16,0,0
BRDA:160,16,1,0
BRDA:163,17,0,0
BRDA:163,17,1,0
BRDA:170,18,0,0
BRDA:170,18,1,0
BRDA:179,19,0,0
BRDA:179,19,1,0
BRDA:203,20,0,0
BRDA:203,20,1,0
BRDA:205,21,0,0
BRDA:205,21,1,0
BRDA:218,22,0,0
BRDA:218,22,1,0
BRDA:219,23,0,0
BRDA:219,23,1,0
BRDA:220,24,0,0
BRDA:220,24,1,0
BRDA:264,25,0,0
BRDA:264,25,1,0
BRDA:269,26,0,0
BRDA:269,26,1,0
BRDA:277,27,0,0
BRDA:277,27,1,0
BRDA:282,28,0,0
BRDA:282,28,1,0
BRDA:292,29,0,0
BRDA:292,29,1,0
BRDA:298,30,0,0
BRDA:298,30,1,0
BRDA:298,31,0,0
BRDA:298,31,1,0
BRDA:298,32,0,0
BRDA:298,32,1,0
BRDA:306,33,0,0
BRDA:306,33,1,0
BRDA:312,34,0,0
BRDA:312,34,1,0
BRDA:316,35,0,0
BRDA:316,35,1,0
BRDA:320,36,0,0
BRDA:320,36,1,0
BRF:75
BRH:0
end_of_record
TN:
SF:components/DeliveryMapScreen.js
FN:10,(anonymous_0)
FN:25,(anonymous_1)
FN:42,(anonymous_2)
FN:57,(anonymous_3)
FN:70,(anonymous_4)
FN:99,(anonymous_5)
FN:113,(anonymous_6)
FN:149,(anonymous_7)
FN:162,(anonymous_8)
FN:187,(anonymous_9)
FN:190,(anonymous_10)
FN:263,(anonymous_11)
FN:270,(anonymous_12)
FN:281,(anonymous_13)
FN:297,(anonymous_14)
FN:313,(anonymous_15)
FN:329,(anonymous_16)
FN:334,(anonymous_17)
FN:348,(anonymous_18)
FN:359,(anonymous_19)
FN:372,(anonymous_20)
FN:390,(anonymous_21)
FN:396,(anonymous_22)
FN:403,(anonymous_23)
FN:404,(anonymous_24)
FN:422,(anonymous_25)
FNF:26
FNH:0
FNDA:0,(anonymous_0)
FNDA:0,(anonymous_1)
FNDA:0,(anonymous_2)
FNDA:0,(anonymous_3)
FNDA:0,(anonymous_4)
FNDA:0,(anonymous_5)
FNDA:0,(anonymous_6)
FNDA:0,(anonymous_7)
FNDA:0,(anonymous_8)
FNDA:0,(anonymous_9)
FNDA:0,(anonymous_10)
FNDA:0,(anonymous_11)
FNDA:0,(anonymous_12)
FNDA:0,(anonymous_13)
FNDA:0,(anonymous_14)
FNDA:0,(anonymous_15)
FNDA:0,(anonymous_16)
FNDA:0,(anonymous_17)
FNDA:0,(anonymous_18)
FNDA:0,(anonymous_19)
FNDA:0,(anonymous_20)
FNDA:0,(anonymous_21)
FNDA:0,(anonymous_22)
FNDA:0,(anonymous_23)
FNDA:0,(anonymous_24)
FNDA:0,(anonymous_25)
DA:10,0
DA:11,0
DA:12,0
DA:13,0
DA:14,0
DA:15,0
DA:16,0
DA:17,0
DA:18,0
DA:19,0
DA:21,0
DA:22,0
DA:23,0
DA:25,0
DA:26,0
DA:27,0
DA:28,0
DA:29,0
DA:30,0
DA:31,0
DA:34,0
DA:35,0
DA:38,0
DA:42,0
DA:43,0
DA:44,0
DA:45,0
DA:46,0
DA:47,0
DA:48,0
DA:51,0
DA:52,0
DA:53,0
DA:55,0
DA:56,0
DA:57,0
DA:58,0
DA:66,0
DA:70,0
DA:71,0
DA:73,0
DA:76,0
DA:78,0
DA:79,0
DA:80,0
DA:83,0
DA:84,0
DA:85,0
DA:88,0
DA:89,0
DA:91,0
DA:93,0
DA:94,0
DA:99,0
DA:100,0
DA:101,0
DA:102,0
DA:103,0
DA:104,0
DA:106,0
DA:107,0
DA:109,0
DA:113,0
DA:114,0
DA:116,0
DA:117,0
DA:118,0
DA:120,0
DA:125,0
DA:126,0
DA:127,0
DA:128,0
DA:129,0
DA:131,0
DA:134,0
DA:135,0
DA:137,0
DA:138,0
DA:139,0
DA:140,0
DA:143,0
DA:145,0
DA:149,0
DA:150,0
DA:151,0
DA:163,0
DA:165,0
DA:167,0
DA:170,0
DA:175,0
DA:176,0
DA:183,0
DA:187,0
DA:188,0
DA:189,0
DA:190,0
DA:191,0
DA:206,0
DA:222,0
DA:239,0
DA:242,0
DA:263,0
DA:270,0
DA:282,0
DA:283,0
DA:297,0
DA:314,0
DA:315,0
DA:329,0
DA:334,0
DA:349,0
DA:350,0
DA:360,0
DA:361,0
DA:373,0
DA:374,0
DA:390,0
DA:396,0
DA:403,0
DA:405,0
DA:422,0
DA:446,0
LF:122
LH:0
BRDA:28,0,0,0
BRDA:28,0,1,0
BRDA:45,1,0,0
BRDA:45,1,1,0
BRDA:51,2,0,0
BRDA:51,2,1,0
BRDA:55,3,0,0
BRDA:55,3,1,0
BRDA:78,4,0,0
BRDA:78,4,1,0
BRDA:102,5,0,0
BRDA:102,5,1,0
BRDA:114,6,0,0
BRDA:114,6,1,0
BRDA:125,7,0,0
BRDA:125,7,1,0
BRDA:131,8,0,0
BRDA:131,8,1,0
BRDA:137,9,0,0
BRDA:137,9,1,0
BRDA:139,10,0,0
BRDA:139,10,1,0
BRDA:140,11,0,0
BRDA:140,11,1,0
BRDA:244,12,0,0
BRDA:244,12,1,0
BRDA:272,13,0,0
BRDA:272,13,1,0
BRDA:276,14,0,0
BRDA:276,14,1,0
BRDA:282,15,0,0
BRDA:282,15,1,0
BRDA:292,16,0,0
BRDA:292,16,1,0
BRDA:340,17,0,0
BRDA:340,17,1,0
BRDA:341,18,0,0
BRDA:341,18,1,0
BRDA:408,19,0,0
BRDA:408,19,1,0
BRDA:411,20,0,0
BRDA:411,20,1,0
BRDA:414,21,0,0
BRDA:414,21,1,0
BRDA:416,22,0,0
BRDA:416,22,1,0
BRDA:425,23,0,0
BRDA:425,23,1,0
BRF:48
BRH:0
end_of_record
TN:
SF:components/DeliveryNavigationScreen.js
FN:26,(anonymous_0)
FN:29,(anonymous_1)
FN:34,(anonymous_2)
FN:35,(anonymous_3)
FN:51,(anonymous_4)
FN:72,(anonymous_5)
FN:75,(anonymous_6)
FN:80,(anonymous_7)
FN:87,(anonymous_8)
FN:104,(anonymous_9)
FN:124,(anonymous_10)
FN:132,(anonymous_11)
FN:146,(anonymous_12)
FN:162,(anonymous_13)
FN:184,(anonymous_14)
FN:202,(anonymous_15)
FN:212,(anonymous_16)
FN:218,(anonymous_17)
FN:221,(anonymous_18)
FN:249,(anonymous_19)
FN:265,(anonymous_20)
FN:299,(anonymous_21)
FN:301,(anonymous_22)
FN:322,(anonymous_23)
FN:329,(anonymous_24)
FN:336,(anonymous_25)
FN:348,(anonymous_26)
FN:355,(anonymous_27)
FN:361,(anonymous_28)
FN:373,(anonymous_29)
FN:380,(anonymous_30)
FN:386,(anonymous_31)
FN:398,(anonymous_32)
FN:415,(anonymous_33)
FN:431,(anonymous_34)
FN:439,(anonymous_35)
FN:519,(anonymous_36)
FN:566,(anonymous_37)
FN:578,(anonymous_38)
FN:587,(anonymous_39)
FN:605,(anonymous_40)
FNF:41
FNH:0
FNDA:0,(anonymous_0)
FNDA:0,(anonymous_1)
FNDA:0,(anonymous_2)
FNDA:0,(anonymous_3)
FNDA:0,(anonymous_4)
FNDA:0,(anonymous_5)
FNDA:0,(anonymous_6)
FNDA:0,(anonymous_7)
FNDA:0,(anonymous_8)
FNDA:0,(anonymous_9)
FNDA:0,(anonymous_10)
FNDA:0,(anonymous_11)
FNDA:0,(anonymous_12)
FNDA:0,(anonymous_13)
FNDA:0,(anonymous_14)
FNDA:0,(anonymous_15)
FNDA:0,(anonymous_16)
FNDA:0,(anonymous_17)
FNDA:0,(anonymous_18)
FNDA:0,(anonymous_19)
FNDA:0,(anonymous_20)
FNDA:0,(anonymous_21)
FNDA:0,(anonymous_22)
FNDA:0,(anonymous_23)
FNDA:0,(anonymous_24)
FNDA:0,(anonymous_25)
FNDA:0,(anonymous_26)
FNDA:0,(anonymous_27)
FNDA:0,(anonymous_28)
FNDA:0,(anonymous_29)
FNDA:0,(anonymous_30)
FNDA:0,(anonymous_31)
FNDA:0,(anonymous_32)
FNDA:0,(anonymous_33)
FNDA:0,(anonymous_34)
FNDA:0,(anonymous_35)
FNDA:0,(anonymous_36)
FNDA:0,(anonymous_37)
FNDA:0,(anonymous_38)
FNDA:0,(anonymous_39)
FNDA:0,(anonymous_40)
DA:19,0
DA:20,0
DA:21,0
DA:22,0
DA:25,0
DA:26,0
DA:28,0
DA:29,0
DA:32,0
DA:34,0
DA:35,0
DA:51,0
DA:52,0
DA:53,0
DA:54,0
DA:56,0
DA:57,0
DA:58,0
DA:63,0
DA:64,0
DA:65,0
DA:66,0
DA:69,0
DA:70,0
DA:72,0
DA:73,0
DA:75,0
DA:76,0
DA:80,0
DA:81,0
DA:82,0
DA:83,0
DA:87,0
DA:88,0
DA:90,0
DA:91,0
DA:92,0
DA:95,0
DA:99,0
DA:100,0
DA:101,0
DA:104,0
DA:106,0
DA:110,0
DA:113,0
DA:116,0
DA:119,0
DA:120,0
DA:124,0
DA:125,0
DA:126,0
DA:133,0
DA:137,0
DA:138,0
DA:140,0
DA:142,0
DA:146,0
DA:147,0
DA:156,0
DA:159,0
DA:162,0
DA:163,0
DA:164,0
DA:173,0
DA:180,0
DA:184,0
DA:185,0
DA:187,0
DA:193,0
DA:195,0
DA:197,0
DA:198,0
DA:202,0
DA:203,0
DA:207,0
DA:212,0
DA:217,0
DA:218,0
DA:221,0
DA:222,0
DA:224,0
DA:230,0
DA:232,0
DA:239,0
DA:241,0
DA:249,0
DA:250,0
DA:252,0
DA:253,0
DA:254,0
DA:255,0
DA:258,0
DA:259,0
DA:264,0
DA:265,0
DA:271,0
DA:278,0
DA:292,0
DA:293,0
DA:301,0
DA:302,0
DA:314,0
DA:317,0
DA:318,0
DA:322,0
DA:323,0
DA:331,0
DA:337,0
DA:348,0
DA:349,0
DA:356,0
DA:362,0
DA:373,0
DA:374,0
DA:381,0
DA:387,0
DA:398,0
DA:399,0
DA:415,0
DA:416,0
DA:417,0
DA:418,0
DA:421,0
DA:424,0
DA:425,0
DA:428,0
DA:431,0
DA:432,0
DA:439,0
DA:440,0
DA:442,0
DA:444,0
DA:445,0
DA:446,0
DA:447,0
DA:449,0
DA:450,0
DA:451,0
DA:452,0
DA:454,0
DA:455,0
DA:457,0
DA:465,0
DA:473,0
DA:474,0
DA:476,0
DA:519,0
DA:566,0
DA:578,0
DA:587,0
DA:605,0
DA:676,0
LF:152
LH:0
BRDA:21,0,0,0
BRDA:21,0,1,0
BRDA:22,1,0,0
BRDA:22,1,1,0
BRDA:25,2,0,0
BRDA:25,2,1,0
BRDA:28,3,0,0
BRDA:28,3,1,0
BRDA:81,4,0,0
BRDA:81,4,1,0
BRDA:81,5,0,0
BRDA:81,5,1,0
BRDA:91,6,0,0
BRDA:91,6,1,0
BRDA:100,7,0,0
BRDA:100,7,1,0
BRDA:185,8,0,0
BRDA:185,8,1,0
BRDA:185,9,0,0
BRDA:185,9,1,0
BRDA:185,9,2,0
BRDA:193,10,0,0
BRDA:193,10,1,0
BRDA:197,11,0,0
BRDA:197,11,1,0
BRDA:203,12,0,0
BRDA:203,12,1,0
BRDA:222,13,0,0
BRDA:222,13,1,0
BRDA:222,14,0,0
BRDA:222,14,1,0
BRDA:230,15,0,0
BRDA:230,15,1,0
BRDA:252,16,0,0
BRDA:252,16,1,0
BRDA:264,17,0,0
BRDA:264,17,1,0
BRDA:292,18,0,0
BRDA:292,18,1,0
BRDA:417,19,0,0
BRDA:417,19,1,0
BRDA:424,20,0,0
BRDA:424,20,1,0
BRDA:442,21,0,0
BRDA:442,21,1,0
BRDA:442,22,0,0
BRDA:442,22,1,0
BRDA:454,23,0,0
BRDA:454,23,1,0
BRDA:455,24,0,0
BRDA:455,24,1,0
BRDA:466,25,0,0
BRDA:466,25,1,0
BRDA:466,25,2,0
BRDA:467,26,0,0
BRDA:467,26,1,0
BRDA:467,26,2,0
BRDA:492,27,0,0
BRDA:492,27,1,0
BRDA:499,28,0,0
BRDA:499,28,1,0
BRDA:500,29,0,0
BRDA:500,29,1,0
BRDA:505,30,0,0
BRDA:505,30,1,0
BRDA:526,31,0,0
BRDA:526,31,1,0
BRDA:526,32,0,0
BRDA:526,32,1,0
BRDA:534,33,0,0
BRDA:534,33,1,0
BRDA:550,34,0,0
BRDA:550,34,1,0
BRDA:561,35,0,0
BRDA:561,35,1,0
BRDA:561,35,2,0
BRDA:561,35,3,0
BRDA:573,36,0,0
BRDA:573,36,1,0
BRDA:573,36,2,0
BRDA:573,36,3,0
BRDA:596,37,0,0
BRDA:596,37,1,0
BRDA:598,38,0,0
BRDA:598,38,1,0
BRDA:611,39,0,0
BRDA:611,39,1,0
BRDA:618,40,0,0
BRDA:618,40,1,0
BRDA:625,41,0,0
BRDA:625,41,1,0
BRDA:635,42,0,0
BRDA:635,42,1,0
BRDA:645,43,0,0
BRDA:645,43,1,0
BRDA:655,44,0,0
BRDA:655,44,1,0
BRDA:660,45,0,0
BRDA:660,45,1,0
BRF:99
BRH:0
end_of_record
TN:
SF:components/EditMerchantProfileScreen.js
FN:19,(anonymous_0)
FN:31,(anonymous_1)
FN:32,(anonymous_2)
FN:70,(anonymous_3)
FN:81,(anonymous_4)
FN:140,(anonymous_5)
FN:163,(anonymous_6)
FNF:7
FNH:0
FNDA:0,(anonymous_0)
FNDA:0,(anonymous_1)
FNDA:0,(anonymous_2)
FNDA:0,(anonymous_3)
FNDA:0,(anonymous_4)
FNDA:0,(anonymous_5)
FNDA:0,(anonymous_6)
DA:19,0
DA:20,0
DA:21,0
DA:22,0
DA:23,0
DA:24,0
DA:25,0
DA:26,0
DA:27,0
DA:28,0
DA:29,0
DA:31,0
DA:32,0
DA:33,0
DA:34,0
DA:36,0
DA:37,0
DA:42,0
DA:44,0
DA:45,0
DA:46,0
DA:47,0
DA:48,0
DA:49,0
DA:50,0
DA:51,0
DA:52,0
DA:53,0
DA:54,0
DA:56,0
DA:58,0
DA:59,0
DA:60,0
DA:62,0
DA:65,0
DA:66,0
DA:70,0
DA:71,0
DA:72,0
DA:73,0
DA:77,0
DA:78,0
DA:81,0
DA:82,0
DA:83,0
DA:85,0
DA:87,0
DA:88,0
DA:94,0
DA:97,0
DA:112,0
DA:114,0
DA:115,0
DA:124,0
DA:126,0
DA:128,0
DA:129,0
DA:130,0
DA:132,0
DA:135,0
DA:136,0
DA:140,0
DA:141,0
DA:142,0
DA:149,0
DA:150,0
DA:153,0
DA:157,0
DA:163,0
DA:227,0
LF:70
LH:0
BRDA:34,0,0,0
BRDA:34,0,1,0
BRDA:44,1,0,0
BRDA:44,1,1,0
BRDA:48,2,0,0
BRDA:48,2,1,0
BRDA:49,3,0,0
BRDA:49,3,1,0
BRDA:51,4,0,0
BRDA:51,4,1,0
BRDA:53,5,0,0
BRDA:53,5,1,0
BRDA:58,6,0,0
BRDA:58,6,1,0
BRDA:59,7,0,0
BRDA:59,7,1,0
BRDA:60,8,0,0
BRDA:60,8,1,0
BRDA:62,9,0,0
BRDA:62,9,1,0
BRDA:72,10,0,0
BRDA:72,10,1,0
BRDA:83,11,0,0
BRDA:83,11,1,0
BRDA:85,12,0,0
BRDA:85,12,1,0
BRDA:87,13,0,0
BRDA:87,13,1,0
BRDA:128,14,0,0
BRDA:128,14,1,0
BRDA:132,15,0,0
BRDA:132,15,1,0
BRDA:149,16,0,0
BRDA:149,16,1,0
BRDA:160,17,0,0
BRDA:160,17,1,0
BRF:36
BRH:0
end_of_record
TN:
SF:components/EditProfileScreen.js
FN:16,(anonymous_0)
FN:25,(anonymous_1)
FN:26,(anonymous_2)
FN:61,(anonymous_3)
FN:75,(anonymous_4)
FN:124,(anonymous_5)
FN:143,(anonymous_6)
FNF:7
FNH:0
FNDA:0,(anonymous_0)
FNDA:0,(anonymous_1)
FNDA:0,(anonymous_2)
FNDA:0,(anonymous_3)
FNDA:0,(anonymous_4)
FNDA:0,(anonymous_5)
FNDA:0,(anonymous_6)
DA:16,0
DA:17,0
DA:18,0
DA:19,0
DA:20,0
DA:21,0
DA:22,0
DA:23,0
DA:25,0
DA:26,0
DA:27,0
DA:28,0
DA:30,0
DA:31,0
DA:36,0
DA:37,0
DA:39,0
DA:40,0
DA:41,0
DA:42,0
DA:43,0
DA:44,0
DA:45,0
DA:46,0
DA:47,0
DA:49,0
DA:52,0
DA:53,0
DA:56,0
DA:57,0
DA:61,0
DA:62,0
DA:63,0
DA:64,0
DA:71,0
DA:72,0
DA:75,0
DA:76,0
DA:77,0
DA:80,0
DA:82,0
DA:83,0
DA:89,0
DA:93,0
DA:94,0
DA:103,0
DA:104,0
DA:106,0
DA:107,0
DA:108,0
DA:109,0
DA:110,0
DA:112,0
DA:115,0
DA:116,0
DA:119,0
DA:120,0
DA:124,0
DA:125,0
DA:126,0
DA:133,0
DA:134,0
DA:137,0
DA:141,0
DA:143,0
DA:184,0
LF:66
LH:0
BRDA:28,0,0,0
BRDA:28,0,1,0
BRDA:41,1,0,0
BRDA:41,1,1,0
BRDA:45,2,0,0
BRDA:45,2,1,0
BRDA:46,3,0,0
BRDA:46,3,1,0
BRDA:47,4,0,0
BRDA:47,4,1,0
BRDA:49,5,0,0
BRDA:49,5,1,0
BRDA:63,6,0,0
BRDA:63,6,1,0
BRDA:77,7,0,0
BRDA:77,7,1,0
BRDA:80,8,0,0
BRDA:80,8,1,0
BRDA:82,9,0,0
BRDA:82,9,1,0
BRDA:108,10,0,0
BRDA:108,10,1,0
BRDA:112,11,0,0
BRDA:112,11,1,0
BRDA:133,12,0,0
BRDA:133,12,1,0
BRF:26
BRH:0
end_of_record
TN:
SF:components/EmptyCartScreen.js
FN:5,(anonymous_0)
FN:10,(anonymous_1)
FNF:2
FNH:0
FNDA:0,(anonymous_0)
FNDA:0,(anonymous_1)
DA:5,0
DA:6,0
DA:8,0
DA:10,0
DA:25,0
LF:5
LH:0
BRF:0
BRH:0
end_of_record
TN:
SF:components/FAQScreen.js
FN:15,(anonymous_0)
FN:97,(anonymous_1)
FN:99,(anonymous_2)
FN:109,(anonymous_3)
FN:256,(anonymous_4)
FN:257,(anonymous_5)
FN:258,(anonymous_6)
FN:267,(anonymous_7)
FN:271,(anonymous_8)
FN:301,(anonymous_9)
FN:351,(anonymous_10)
FNF:11
FNH:0
FNDA:0,(anonymous_0)
FNDA:0,(anonymous_1)
FNDA:0,(anonymous_2)
FNDA:0,(anonymous_3)
FNDA:0,(anonymous_4)
FNDA:0,(anonymous_5)
FNDA:0,(anonymous_6)
FNDA:0,(anonymous_7)
FNDA:0,(anonymous_8)
FNDA:0,(anonymous_9)
FNDA:0,(anonymous_10)
DA:15,0
DA:16,0
DA:17,0
DA:18,0
DA:19,0
DA:20,0
DA:22,0
DA:97,0
DA:99,0
DA:100,0
DA:101,0
DA:102,0
DA:104,0
DA:106,0
DA:109,0
DA:110,0
DA:115,0
DA:256,0
DA:257,0
DA:258,0
DA:260,0
DA:262,0
DA:268,0
DA:271,0
DA:296,0
DA:301,0
DA:351,0
LF:27
LH:0
BRDA:101,0,0,0
BRDA:101,0,1,0
BRDA:110,1,0,0
BRDA:110,1,1,0
BRDA:110,1,2,0
BRDA:260,2,0,0
BRDA:260,2,1,0
BRDA:278,3,0,0
BRDA:278,3,1,0
BRDA:284,4,0,0
BRDA:284,4,1,0
BRDA:327,5,0,0
BRDA:327,5,1,0
BRF:13
BRH:0
end_of_record
TN:
SF:components/FavoritesScreen.js
FN:17,(anonymous_0)
FN:36,(anonymous_1)
FN:40,(anonymous_2)
FN:54,(anonymous_3)
FN:65,(anonymous_4)
FN:74,(anonymous_5)
FN:89,(anonymous_6)
FN:92,(anonymous_7)
FN:114,(anonymous_8)
FN:121,(anonymous_9)
FN:124,(anonymous_10)
FN:143,(anonymous_11)
FN:150,(anonymous_12)
FN:159,(anonymous_13)
FN:166,(anonymous_14)
FN:173,(anonymous_15)
FN:189,(anonymous_16)
FN:197,(anonymous_17)
FN:198,(anonymous_18)
FN:203,(anonymous_19)
FN:217,(anonymous_20)
FN:244,(anonymous_21)
FN:262,(anonymous_22)
FNF:23
FNH:0
FNDA:0,(anonymous_0)
FNDA:0,(anonymous_1)
FNDA:0,(anonymous_2)
FNDA:0,(anonymous_3)
FNDA:0,(anonymous_4)
FNDA:0,(anonymous_5)
FNDA:0,(anonymous_6)
FNDA:0,(anonymous_7)
FNDA:0,(anonymous_8)
FNDA:0,(anonymous_9)
FNDA:0,(anonymous_10)
FNDA:0,(anonymous_11)
FNDA:0,(anonymous_12)
FNDA:0,(anonymous_13)
FNDA:0,(anonymous_14)
FNDA:0,(anonymous_15)
FNDA:0,(anonymous_16)
FNDA:0,(anonymous_17)
FNDA:0,(anonymous_18)
FNDA:0,(anonymous_19)
FNDA:0,(anonymous_20)
FNDA:0,(anonymous_21)
FNDA:0,(anonymous_22)
DA:17,0
DA:18,0
DA:28,0
DA:29,0
DA:31,0
DA:32,0
DA:33,0
DA:34,0
DA:36,0
DA:37,0
DA:40,0
DA:41,0
DA:42,0
DA:45,0
DA:46,0
DA:47,0
DA:48,0
DA:51,0
DA:54,0
DA:55,0
DA:56,0
DA:57,0
DA:59,0
DA:61,0
DA:65,0
DA:66,0
DA:75,0
DA:76,0
DA:77,0
DA:78,0
DA:79,0
DA:81,0
DA:89,0
DA:90,0
DA:92,0
DA:114,0
DA:121,0
DA:122,0
DA:124,0
DA:143,0
DA:150,0
DA:151,0
DA:159,0
DA:166,0
DA:167,0
DA:173,0
DA:189,0
DA:190,0
DA:192,0
DA:194,0
DA:196,0
DA:197,0
DA:198,0
DA:203,0
DA:204,0
DA:205,0
DA:207,0
DA:211,0
DA:213,0
DA:217,0
DA:244,0
DA:262,0
DA:292,0
LF:63
LH:0
BRDA:45,0,0,0
BRDA:45,0,1,0
BRDA:78,1,0,0
BRDA:78,1,1,0
BRDA:96,2,0,0
BRDA:96,2,1,0
BRDA:103,3,0,0
BRDA:103,3,1,0
BRDA:106,4,0,0
BRDA:106,4,1,0
BRDA:134,5,0,0
BRDA:134,5,1,0
BRDA:135,6,0,0
BRDA:135,6,1,0
BRDA:171,7,0,0
BRDA:171,7,1,0
BRDA:177,8,0,0
BRDA:177,8,1,0
BRDA:181,9,0,0
BRDA:181,9,1,0
BRDA:190,10,0,0
BRDA:190,10,1,0
BRDA:190,10,2,0
BRDA:204,11,0,0
BRDA:204,11,1,0
BRDA:204,12,0,0
BRDA:204,12,1,0
BRDA:228,13,0,0
BRDA:228,13,1,0
BRDA:243,14,0,0
BRDA:243,14,1,0
BRDA:259,15,0,0
BRDA:259,15,1,0
BRDA:262,16,0,0
BRDA:262,16,1,0
BRDA:279,17,0,0
BRDA:279,17,1,0
BRDA:282,18,0,0
BRDA:282,18,1,0
BRDA:283,19,0,0
BRDA:283,19,1,0
BRDA:284,20,0,0
BRDA:284,20,1,0
BRF:43
BRH:0
end_of_record
TN:
SF:components/ForgotPasswordScreen.js
FN:18,(anonymous_0)
FN:23,(anonymous_1)
FN:44,(anonymous_2)
FNF:3
FNH:0
FNDA:0,(anonymous_0)
FNDA:0,(anonymous_1)
FNDA:0,(anonymous_2)
DA:16,0
DA:18,0
DA:19,0
DA:20,0
DA:21,0
DA:23,0
DA:24,0
DA:25,0
DA:26,0
DA:29,0
DA:30,0
DA:31,0
DA:32,0
DA:34,0
DA:35,0
DA:42,0
DA:44,0
DA:76,0
LF:18
LH:0
BRDA:24,0,0,0
BRDA:24,0,1,0
BRDA:37,1,0,0
BRDA:37,1,1,0
BRF:4
BRH:0
end_of_record
TN:
SF:components/HelpScreen.js
FN:16,(anonymous_0)
FN:26,(anonymous_1)
FN:32,(anonymous_2)
FN:38,(anonymous_3)
FN:44,(anonymous_4)
FN:50,(anonymous_5)
FN:60,(anonymous_6)
FN:67,(anonymous_7)
FN:74,(anonymous_8)
FN:78,(anonymous_9)
FN:79,(anonymous_10)
FN:84,(anonymous_11)
FN:89,(anonymous_12)
FN:94,(anonymous_13)
FN:99,(anonymous_14)
FN:104,(anonymous_15)
FN:107,(anonymous_16)
FN:271,(anonymous_17)
FN:291,(anonymous_18)
FN:320,(anonymous_19)
FNF:20
FNH:0
FNDA:0,(anonymous_0)
FNDA:0,(anonymous_1)
FNDA:0,(anonymous_2)
FNDA:0,(anonymous_3)
FNDA:0,(anonymous_4)
FNDA:0,(anonymous_5)
FNDA:0,(anonymous_6)
FNDA:0,(anonymous_7)
FNDA:0,(anonymous_8)
FNDA:0,(anonymous_9)
FNDA:0,(anonymous_10)
FNDA:0,(anonymous_11)
FNDA:0,(anonymous_12)
FNDA:0,(anonymous_13)
FNDA:0,(anonymous_14)
FNDA:0,(anonymous_15)
FNDA:0,(anonymous_16)
FNDA:0,(anonymous_17)
FNDA:0,(anonymous_18)
FNDA:0,(anonymous_19)
DA:16,0
DA:17,0
DA:18,0
DA:19,0
DA:21,0
DA:26,0
DA:32,0
DA:38,0
DA:44,0
DA:50,0
DA:54,0
DA:60,0
DA:67,0
DA:74,0
DA:78,0
DA:79,0
DA:80,0
DA:84,0
DA:85,0
DA:86,0
DA:87,0
DA:89,0
DA:90,0
DA:94,0
DA:95,0
DA:96,0
DA:97,0
DA:99,0
DA:100,0
DA:104,0
DA:105,0
DA:107,0
DA:108,0
DA:112,0
DA:266,0
DA:271,0
DA:292,0
DA:321,0
LF:38
LH:0
BRDA:296,0,0,0
BRDA:296,0,1,0
BRF:2
BRH:0
end_of_record
TN:
SF:components/HistorialPedidosScreen.js
FN:26,(anonymous_0)
FN:34,(anonymous_1)
FN:38,(anonymous_2)
FN:64,(anonymous_3)
FN:69,(anonymous_4)
FN:73,(anonymous_5)
FN:81,(anonymous_6)
FN:88,(anonymous_7)
FN:99,(anonymous_8)
FN:106,(anonymous_9)
FN:117,(anonymous_10)
FN:119,(anonymous_11)
FN:124,(anonymous_12)
FN:158,(anonymous_13)
FN:186,(anonymous_14)
FN:207,(anonymous_15)
FN:223,(anonymous_16)
FN:236,(anonymous_17)
FNF:18
FNH:0
FNDA:0,(anonymous_0)
FNDA:0,(anonymous_1)
FNDA:0,(anonymous_2)
FNDA:0,(anonymous_3)
FNDA:0,(anonymous_4)
FNDA:0,(anonymous_5)
FNDA:0,(anonymous_6)
FNDA:0,(anonymous_7)
FNDA:0,(anonymous_8)
FNDA:0,(anonymous_9)
FNDA:0,(anonymous_10)
FNDA:0,(anonymous_11)
FNDA:0,(anonymous_12)
FNDA:0,(anonymous_13)
FNDA:0,(anonymous_14)
FNDA:0,(anonymous_15)
FNDA:0,(anonymous_16)
FNDA:0,(anonymous_17)
DA:17,0
DA:26,0
DA:27,0
DA:29,0
DA:30,0
DA:31,0
DA:32,0
DA:34,0
DA:35,0
DA:38,0
DA:39,0
DA:40,0
DA:45,0
DA:47,0
DA:48,0
DA:50,0
DA:53,0
DA:55,0
DA:56,0
DA:59,0
DA:60,0
DA:64,0
DA:65,0
DA:66,0
DA:69,0
DA:70,0
DA:73,0
DA:74,0
DA:81,0
DA:82,0
DA:88,0
DA:89,0
DA:90,0
DA:91,0
DA:93,0
DA:94,0
DA:95,0
DA:96,0
DA:99,0
DA:100,0
DA:106,0
DA:117,0
DA:118,0
DA:119,0
DA:121,0
DA:124,0
DA:159,0
DA:173,0
DA:174,0
DA:182,0
DA:186,0
DA:207,0
DA:223,0
DA:237,0
DA:249,0
LF:55
LH:0
BRDA:42,0,0,0
BRDA:42,0,1,0
BRDA:47,1,0,0
BRDA:47,1,1,0
BRDA:55,2,0,0
BRDA:55,2,1,0
BRDA:93,3,0,0
BRDA:93,3,1,0
BRDA:94,4,0,0
BRDA:94,4,1,0
BRDA:95,5,0,0
BRDA:95,5,1,0
BRDA:104,6,0,0
BRDA:104,6,1,0
BRDA:110,7,0,0
BRDA:110,7,1,0
BRDA:139,8,0,0
BRDA:139,8,1,0
BRDA:139,9,0,0
BRDA:139,9,1,0
BRDA:142,10,0,0
BRDA:142,10,1,0
BRDA:163,11,0,0
BRDA:163,11,1,0
BRDA:173,12,0,0
BRDA:173,12,1,0
BRDA:232,13,0,0
BRDA:232,13,1,0
BRF:28
BRH:0
end_of_record
TN:
SF:components/HomeComercianteScreen.js
FN:17,(anonymous_0)
FN:31,(anonymous_1)
FN:36,(anonymous_2)
FN:46,(anonymous_3)
FN:51,(anonymous_4)
FN:73,(anonymous_5)
FN:92,(anonymous_6)
FN:97,(anonymous_7)
FN:98,(anonymous_8)
FN:421,(anonymous_9)
FN:434,(anonymous_10)
FN:443,(anonymous_11)
FN:473,(anonymous_12)
FN:493,(anonymous_13)
FN:519,(anonymous_14)
FN:537,(anonymous_15)
FN:548,(anonymous_16)
FN:559,(anonymous_17)
FN:577,(anonymous_18)
FN:585,(anonymous_19)
FN:603,(anonymous_20)
FN:611,(anonymous_21)
FNF:22
FNH:0
FNDA:0,(anonymous_0)
FNDA:0,(anonymous_1)
FNDA:0,(anonymous_2)
FNDA:0,(anonymous_3)
FNDA:0,(anonymous_4)
FNDA:0,(anonymous_5)
FNDA:0,(anonymous_6)
FNDA:0,(anonymous_7)
FNDA:0,(anonymous_8)
FNDA:0,(anonymous_9)
FNDA:0,(anonymous_10)
FNDA:0,(anonymous_11)
FNDA:0,(anonymous_12)
FNDA:0,(anonymous_13)
FNDA:0,(anonymous_14)
FNDA:0,(anonymous_15)
FNDA:0,(anonymous_16)
FNDA:0,(anonymous_17)
FNDA:0,(anonymous_18)
FNDA:0,(anonymous_19)
FNDA:0,(anonymous_20)
FNDA:0,(anonymous_21)
DA:17,0
DA:18,0
DA:19,0
DA:20,0
DA:21,0
DA:28,0
DA:29,0
DA:31,0
DA:32,0
DA:33,0
DA:36,0
DA:37,0
DA:38,0
DA:42,0
DA:43,0
DA:46,0
DA:47,0
DA:48,0
DA:51,0
DA:52,0
DA:53,0
DA:54,0
DA:55,0
DA:58,0
DA:59,0
DA:60,0
DA:61,0
DA:62,0
DA:64,0
DA:66,0
DA:67,0
DA:68,0
DA:69,0
DA:73,0
DA:74,0
DA:75,0
DA:78,0
DA:79,0
DA:85,0
DA:87,0
DA:90,0
DA:91,0
DA:92,0
DA:93,0
DA:96,0
DA:97,0
DA:98,0
DA:100,0
DA:109,0
DA:110,0
DA:111,0
DA:112,0
DA:114,0
DA:115,0
DA:119,0
DA:129,0
DA:378,0
DA:379,0
DA:387,0
DA:422,0
DA:423,0
DA:434,0
DA:443,0
DA:473,0
DA:493,0
DA:520,0
DA:521,0
DA:538,0
DA:539,0
DA:549,0
DA:550,0
DA:560,0
DA:561,0
DA:577,0
DA:586,0
DA:587,0
DA:603,0
DA:612,0
DA:613,0
LF:79
LH:0
BRDA:37,0,0,0
BRDA:37,0,1,0
BRDA:53,1,0,0
BRDA:53,1,1,0
BRDA:64,2,0,0
BRDA:64,2,1,0
BRDA:64,2,2,0
BRDA:91,3,0,0
BRDA:91,3,1,0
BRDA:101,4,0,0
BRDA:101,4,1,0
BRDA:102,5,0,0
BRDA:102,5,1,0
BRDA:103,6,0,0
BRDA:103,6,1,0
BRDA:110,7,0,0
BRDA:110,7,1,0
BRDA:114,8,0,0
BRDA:114,8,1,0
BRDA:378,9,0,0
BRDA:378,9,1,0
BRDA:429,10,0,0
BRDA:429,10,1,0
BRDA:448,11,0,0
BRDA:448,11,1,0
BRDA:466,12,0,0
BRDA:466,12,1,0
BRDA:466,12,2,0
BRDA:470,13,0,0
BRDA:470,13,1,0
BRDA:479,14,0,0
BRDA:479,14,1,0
BRDA:479,15,0,0
BRDA:479,15,1,0
BRDA:482,16,0,0
BRDA:482,16,1,0
BRDA:490,17,0,0
BRDA:490,17,1,0
BRDA:499,18,0,0
BRDA:499,18,1,0
BRDA:499,19,0,0
BRDA:499,19,1,0
BRDA:502,20,0,0
BRDA:502,20,1,0
BRDA:526,21,0,0
BRDA:526,21,1,0
BRDA:592,22,0,0
BRDA:592,22,1,0
BRF:48
BRH:0
end_of_record
TN:
SF:components/HomeScreen.js
FN:23,(anonymous_0)
FN:37,(anonymous_1)
FN:41,(anonymous_2)
FN:59,(anonymous_3)
FN:82,(anonymous_4)
FN:93,(anonymous_5)
FN:95,(anonymous_6)
FN:104,(anonymous_7)
FN:111,(anonymous_8)
FN:126,(anonymous_9)
FN:168,(anonymous_10)
FN:174,(anonymous_11)
FN:180,(anonymous_12)
FN:186,(anonymous_13)
FN:191,(anonymous_14)
FN:197,(anonymous_15)
FN:213,(anonymous_16)
FN:224,(anonymous_17)
FN:228,(anonymous_18)
FN:273,(anonymous_19)
FN:278,(anonymous_20)
FN:282,(anonymous_21)
FN:296,(anonymous_22)
FN:301,(anonymous_23)
FN:305,(anonymous_24)
FN:780,(anonymous_25)
FN:794,(anonymous_26)
FNF:27
FNH:0
FNDA:0,(anonymous_0)
FNDA:0,(anonymous_1)
FNDA:0,(anonymous_2)
FNDA:0,(anonymous_3)
FNDA:0,(anonymous_4)
FNDA:0,(anonymous_5)
FNDA:0,(anonymous_6)
FNDA:0,(anonymous_7)
FNDA:0,(anonymous_8)
FNDA:0,(anonymous_9)
FNDA:0,(anonymous_10)
FNDA:0,(anonymous_11)
FNDA:0,(anonymous_12)
FNDA:0,(anonymous_13)
FNDA:0,(anonymous_14)
FNDA:0,(anonymous_15)
FNDA:0,(anonymous_16)
FNDA:0,(anonymous_17)
FNDA:0,(anonymous_18)
FNDA:0,(anonymous_19)
FNDA:0,(anonymous_20)
FNDA:0,(anonymous_21)
FNDA:0,(anonymous_22)
FNDA:0,(anonymous_23)
FNDA:0,(anonymous_24)
FNDA:0,(anonymous_25)
FNDA:0,(anonymous_26)
DA:23,0
DA:24,0
DA:25,0
DA:26,0
DA:27,0
DA:28,0
DA:29,0
DA:30,0
DA:31,0
DA:32,0
DA:33,0
DA:34,0
DA:35,0
DA:37,0
DA:38,0
DA:41,0
DA:42,0
DA:43,0
DA:44,0
DA:46,0
DA:52,0
DA:53,0
DA:55,0
DA:59,0
DA:60,0
DA:61,0
DA:62,0
DA:63,0
DA:64,0
DA:66,0
DA:69,0
DA:70,0
DA:71,0
DA:78,0
DA:82,0
DA:83,0
DA:84,0
DA:85,0
DA:86,0
DA:89,0
DA:93,0
DA:94,0
DA:95,0
DA:96,0
DA:97,0
DA:98,0
DA:100,0
DA:104,0
DA:105,0
DA:107,0
DA:111,0
DA:112,0
DA:117,0
DA:119,0
DA:121,0
DA:122,0
DA:126,0
DA:127,0
DA:128,0
DA:129,0
DA:132,0
DA:133,0
DA:134,0
DA:143,0
DA:144,0
DA:151,0
DA:155,0
DA:156,0
DA:157,0
DA:158,0
DA:161,0
DA:162,0
DA:164,0
DA:168,0
DA:169,0
DA:170,0
DA:171,0
DA:174,0
DA:175,0
DA:176,0
DA:180,0
DA:181,0
DA:182,0
DA:186,0
DA:187,0
DA:188,0
DA:190,0
DA:192,0
DA:193,0
DA:198,0
DA:208,0
DA:210,0
DA:213,0
DA:214,0
DA:225,0
DA:229,0
DA:230,0
DA:231,0
DA:232,0
DA:273,0
DA:274,0
DA:279,0
DA:283,0
DA:284,0
DA:296,0
DA:297,0
DA:302,0
DA:305,0
DA:325,0
DA:683,0
DA:684,0
DA:692,0
DA:693,0
DA:703,0
DA:780,0
DA:794,0
LF:116
LH:0
BRDA:52,0,0,0
BRDA:52,0,1,0
BRDA:62,1,0,0
BRDA:62,1,1,0
BRDA:69,2,0,0
BRDA:69,2,1,0
BRDA:69,3,0,0
BRDA:69,3,1,0
BRDA:85,4,0,0
BRDA:85,4,1,0
BRDA:111,5,0,0
BRDA:111,5,1,0
BRDA:112,6,0,0
BRDA:112,6,1,0
BRDA:112,6,2,0
BRDA:112,6,3,0
BRDA:126,7,0,0
BRDA:127,8,0,0
BRDA:127,8,1,0
BRDA:138,9,0,0
BRDA:138,9,1,0
BRDA:143,10,0,0
BRDA:143,10,1,0
BRDA:143,11,0,0
BRDA:143,11,1,0
BRDA:147,12,0,0
BRDA:147,12,1,0
BRDA:155,13,0,0
BRDA:155,13,1,0
BRDA:156,14,0,0
BRDA:156,14,1,0
BRDA:175,15,0,0
BRDA:175,15,1,0
BRDA:181,16,0,0
BRDA:181,16,1,0
BRDA:192,17,0,0
BRDA:192,17,1,0
BRDA:229,18,0,0
BRDA:229,18,1,0
BRDA:231,19,0,0
BRDA:231,19,1,0
BRDA:238,20,0,0
BRDA:238,20,1,0
BRDA:246,21,0,0
BRDA:246,21,1,0
BRDA:248,22,0,0
BRDA:248,22,1,0
BRDA:251,23,0,0
BRDA:251,23,1,0
BRDA:255,24,0,0
BRDA:255,24,1,0
BRDA:256,25,0,0
BRDA:256,25,1,0
BRDA:261,26,0,0
BRDA:261,26,1,0
BRDA:261,26,2,0
BRDA:274,27,0,0
BRDA:274,27,1,0
BRDA:297,28,0,0
BRDA:297,28,1,0
BRDA:309,29,0,0
BRDA:309,29,1,0
BRDA:309,29,2,0
BRDA:313,30,0,0
BRDA:313,30,1,0
BRDA:313,30,2,0
BRDA:316,31,0,0
BRDA:316,31,1,0
BRDA:683,32,0,0
BRDA:683,32,1,0
BRDA:692,33,0,0
BRDA:692,33,1,0
BRDA:719,34,0,0
BRDA:719,34,1,0
BRDA:724,35,0,0
BRDA:724,35,1,0
BRDA:747,36,0,0
BRDA:747,36,1,0
BRDA:784,37,0,0
BRDA:784,37,1,0
BRF:80
BRH:0
end_of_record
TN:
SF:components/LoginComercianteScreen.js
FN:19,(anonymous_0)
FN:27,(anonymous_1)
FN:28,(anonymous_2)
FN:38,(anonymous_3)
FN:144,(anonymous_4)
FN:170,(anonymous_5)
FN:181,(anonymous_6)
FNF:7
FNH:0
FNDA:0,(anonymous_0)
FNDA:0,(anonymous_1)
FNDA:0,(anonymous_2)
FNDA:0,(anonymous_3)
FNDA:0,(anonymous_4)
FNDA:0,(anonymous_5)
FNDA:0,(anonymous_6)
DA:19,0
DA:20,0
DA:21,0
DA:22,0
DA:23,0
DA:24,0
DA:25,0
DA:27,0
DA:28,0
DA:29,0
DA:30,0
DA:31,0
DA:32,0
DA:35,0
DA:38,0
DA:39,0
DA:40,0
DA:42,0
DA:43,0
DA:45,0
DA:47,0
DA:48,0
DA:49,0
DA:50,0
DA:52,0
DA:55,0
DA:59,0
DA:66,0
DA:142,0
DA:144,0
DA:170,0
DA:181,0
LF:32
LH:0
BRDA:30,0,0,0
BRDA:30,0,1,0
BRDA:47,1,0,0
BRDA:47,1,1,0
BRDA:49,2,0,0
BRDA:49,2,1,0
BRDA:57,3,0,0
BRDA:57,3,1,0
BRDA:61,4,0,0
BRDA:61,4,1,0
BRF:10
BRH:0
end_of_record
TN:
SF:components/LoginDeliveryScreen.js
FN:10,(anonymous_0)
FN:18,(anonymous_1)
FN:165,(anonymous_2)
FN:202,(anonymous_3)
FNF:4
FNH:0
FNDA:0,(anonymous_0)
FNDA:0,(anonymous_1)
FNDA:0,(anonymous_2)
FNDA:0,(anonymous_3)
DA:10,0
DA:11,0
DA:12,0
DA:13,0
DA:14,0
DA:15,0
DA:16,0
DA:18,0
DA:19,0
DA:20,0
DA:21,0
DA:24,0
DA:25,0
DA:26,0
DA:28,0
DA:33,0
DA:35,0
DA:36,0
DA:37,0
DA:40,0
DA:41,0
DA:42,0
DA:46,0
DA:51,0
DA:52,0
DA:54,0
DA:57,0
DA:62,0
DA:65,0
DA:66,0
DA:68,0
DA:70,0
DA:71,0
DA:72,0
DA:73,0
DA:74,0
DA:75,0
DA:76,0
DA:77,0
DA:80,0
DA:82,0
DA:86,0
DA:163,0
DA:165,0
DA:202,0
LF:45
LH:0
BRDA:19,0,0,0
BRDA:19,0,1,0
BRDA:19,1,0,0
BRDA:19,1,1,0
BRDA:35,2,0,0
BRDA:35,2,1,0
BRDA:35,3,0,0
BRDA:35,3,1,0
BRDA:40,4,0,0
BRDA:40,4,1,0
BRDA:62,5,0,0
BRDA:62,5,1,0
BRDA:70,6,0,0
BRDA:70,6,1,0
BRDA:72,7,0,0
BRDA:72,7,1,0
BRDA:74,8,0,0
BRDA:74,8,1,0
BRDA:76,9,0,0
BRDA:76,9,1,0
BRDA:191,10,0,0
BRDA:191,10,1,0
BRDA:195,11,0,0
BRDA:195,11,1,0
BRF:24
BRH:0
end_of_record
TN:
SF:components/LoginScreen.js
FN:23,(anonymous_0)
FN:50,(anonymous_1)
FN:51,(anonymous_2)
FN:67,(anonymous_3)
FN:188,(anonymous_4)
FN:201,(anonymous_5)
FN:202,(anonymous_6)
FN:215,(anonymous_7)
FN:216,(anonymous_8)
FN:226,(anonymous_9)
FN:251,(anonymous_10)
FNF:11
FNH:0
FNDA:0,(anonymous_0)
FNDA:0,(anonymous_1)
FNDA:0,(anonymous_2)
FNDA:0,(anonymous_3)
FNDA:0,(anonymous_4)
FNDA:0,(anonymous_5)
FNDA:0,(anonymous_6)
FNDA:0,(anonymous_7)
FNDA:0,(anonymous_8)
FNDA:0,(anonymous_9)
FNDA:0,(anonymous_10)
DA:23,0
DA:24,0
DA:25,0
DA:26,0
DA:27,0
DA:28,0
DA:39,0
DA:50,0
DA:51,0
DA:52,0
DA:53,0
DA:54,0
DA:55,0
DA:56,0
DA:59,0
DA:61,0
DA:64,0
DA:67,0
DA:68,0
DA:69,0
DA:70,0
DA:73,0
DA:74,0
DA:75,0
DA:79,0
DA:80,0
DA:82,0
DA:86,0
DA:91,0
DA:95,0
DA:175,0
DA:176,0
DA:184,0
DA:188,0
DA:201,0
DA:202,0
DA:215,0
DA:216,0
DA:226,0
DA:251,0
LF:40
LH:0
BRDA:54,0,0,0
BRDA:54,0,1,0
BRDA:68,1,0,0
BRDA:68,1,1,0
BRDA:84,2,0,0
BRDA:84,2,1,0
BRDA:88,3,0,0
BRDA:88,3,1,0
BRDA:175,4,0,0
BRDA:175,4,1,0
BRDA:235,5,0,0
BRDA:235,5,1,0
BRDA:235,5,2,0
BRDA:238,6,0,0
BRDA:238,6,1,0
BRDA:240,7,0,0
BRDA:240,7,1,0
BRF:17
BRH:0
end_of_record
TN:
SF:components/MerchantPendingApprovalScreen.js
FN:4,(anonymous_0)
FNF:1
FNH:0
FNDA:0,(anonymous_0)
DA:4,0
DA:5,0
DA:27,0
LF:3
LH:0
BRF:0
BRH:0
end_of_record
TN:
SF:components/MerchantProfileScreen.js
FN:17,(anonymous_0)
FN:30,(anonymous_1)
FN:31,(anonymous_2)
FN:38,(anonymous_3)
FN:54,(anonymous_4)
FN:69,(anonymous_5)
FN:83,(anonymous_6)
FN:104,(anonymous_7)
FN:125,(anonymous_8)
FN:128,(anonymous_9)
FN:135,(anonymous_10)
FN:145,(anonymous_11)
FN:152,(anonymous_12)
FN:165,(anonymous_13)
FN:167,(anonymous_14)
FN:215,(anonymous_15)
FN:220,(anonymous_16)
FNF:17
FNH:0
FNDA:0,(anonymous_0)
FNDA:0,(anonymous_1)
FNDA:0,(anonymous_2)
FNDA:0,(anonymous_3)
FNDA:0,(anonymous_4)
FNDA:0,(anonymous_5)
FNDA:0,(anonymous_6)
FNDA:0,(anonymous_7)
FNDA:0,(anonymous_8)
FNDA:0,(anonymous_9)
FNDA:0,(anonymous_10)
FNDA:0,(anonymous_11)
FNDA:0,(anonymous_12)
FNDA:0,(anonymous_13)
FNDA:0,(anonymous_14)
FNDA:0,(anonymous_15)
FNDA:0,(anonymous_16)
DA:17,0
DA:18,0
DA:19,0
DA:20,0
DA:21,0
DA:23,0
DA:24,0
DA:25,0
DA:26,0
DA:27,0
DA:28,0
DA:30,0
DA:31,0
DA:32,0
DA:33,0
DA:34,0
DA:35,0
DA:38,0
DA:39,0
DA:42,0
DA:44,0
DA:45,0
DA:47,0
DA:51,0
DA:54,0
DA:55,0
DA:57,0
DA:58,0
DA:60,0
DA:61,0
DA:69,0
DA:74,0
DA:77,0
DA:79,0
DA:83,0
DA:84,0
DA:104,0
DA:124,0
DA:125,0
DA:128,0
DA:129,0
DA:135,0
DA:146,0
DA:152,0
DA:165,0
DA:166,0
DA:167,0
DA:200,0
DA:201,0
DA:204,0
DA:205,0
DA:212,0
DA:215,0
DA:221,0
DA:233,0
LF:55
LH:0
BRDA:35,0,0,0
BRDA:35,0,1,0
BRDA:45,1,0,0
BRDA:45,1,1,0
BRDA:60,2,0,0
BRDA:60,2,1,0
BRDA:87,3,0,0
BRDA:87,3,1,0
BRDA:87,3,2,0
BRDA:87,3,3,0
BRDA:92,4,0,0
BRDA:92,4,1,0
BRDA:94,5,0,0
BRDA:94,5,1,0
BRDA:98,6,0,0
BRDA:98,6,1,0
BRDA:102,7,0,0
BRDA:102,7,1,0
BRDA:107,8,0,0
BRDA:107,8,1,0
BRDA:124,9,0,0
BRDA:124,9,1,0
BRDA:133,10,0,0
BRDA:133,10,1,0
BRDA:139,11,0,0
BRDA:139,11,1,0
BRDA:150,12,0,0
BRDA:150,12,1,0
BRDA:156,13,0,0
BRDA:156,13,1,0
BRDA:173,14,0,0
BRDA:173,14,1,0
BRDA:178,15,0,0
BRDA:178,15,1,0
BRDA:181,16,0,0
BRDA:181,16,1,0
BRDA:184,17,0,0
BRDA:184,17,1,0
BRDA:185,18,0,0
BRDA:185,18,1,0
BRDA:188,19,0,0
BRDA:188,19,1,0
BRDA:190,20,0,0
BRDA:190,20,1,0
BRDA:200,21,0,0
BRDA:200,21,1,0
BRDA:204,22,0,0
BRDA:204,22,1,0
BRF:48
BRH:0
end_of_record
TN:
SF:components/NoResultsScreen.js
FN:5,(anonymous_0)
FN:10,(anonymous_1)
FNF:2
FNH:0
FNDA:0,(anonymous_0)
FNDA:0,(anonymous_1)
DA:5,0
DA:6,0
DA:8,0
DA:10,0
DA:25,0
LF:5
LH:0
BRF:0
BRH:0
end_of_record
TN:
SF:components/NotFoundScreen.js
FN:5,(anonymous_0)
FN:10,(anonymous_1)
FNF:2
FNH:0
FNDA:0,(anonymous_0)
FNDA:0,(anonymous_1)
DA:5,0
DA:6,0
DA:8,0
DA:10,0
DA:25,0
LF:5
LH:0
BRF:0
BRH:0
end_of_record
TN:
SF:components/OrderConfirmationScreen.js
FN:15,(anonymous_0)
FN:23,(anonymous_1)
FN:32,(anonymous_2)
FN:46,(anonymous_3)
FN:53,(anonymous_4)
FN:63,(anonymous_5)
FN:75,(anonymous_6)
FN:144,(anonymous_7)
FNF:8
FNH:0
FNDA:0,(anonymous_0)
FNDA:0,(anonymous_1)
FNDA:0,(anonymous_2)
FNDA:0,(anonymous_3)
FNDA:0,(anonymous_4)
FNDA:0,(anonymous_5)
FNDA:0,(anonymous_6)
FNDA:0,(anonymous_7)
DA:15,0
DA:16,0
DA:17,0
DA:18,0
DA:20,0
DA:21,0
DA:23,0
DA:24,0
DA:25,0
DA:28,0
DA:32,0
DA:33,0
DA:34,0
DA:35,0
DA:36,0
DA:39,0
DA:42,0
DA:46,0
DA:47,0
DA:53,0
DA:54,0
DA:63,0
DA:64,0
DA:65,0
DA:66,0
DA:67,0
DA:68,0
DA:69,0
DA:70,0
DA:71,0
DA:75,0
DA:76,0
DA:77,0
DA:78,0
DA:79,0
DA:80,0
DA:81,0
DA:82,0
DA:83,0
DA:87,0
DA:88,0
DA:96,0
DA:145,0
DA:236,0
LF:44
LH:0
BRDA:24,0,0,0
BRDA:24,0,1,0
BRDA:35,1,0,0
BRDA:35,1,1,0
BRDA:64,2,0,0
BRDA:64,2,1,0
BRDA:64,2,2,0
BRDA:64,2,3,0
BRDA:64,2,4,0
BRDA:64,2,5,0
BRDA:64,2,6,0
BRDA:76,3,0,0
BRDA:76,3,1,0
BRDA:76,3,2,0
BRDA:76,3,3,0
BRDA:76,3,4,0
BRDA:76,3,5,0
BRDA:76,3,6,0
BRDA:87,4,0,0
BRDA:87,4,1,0
BRDA:111,5,0,0
BRDA:111,5,1,0
BRDA:128,6,0,0
BRDA:128,6,1,0
BRDA:130,7,0,0
BRDA:130,7,1,0
BRDA:132,8,0,0
BRDA:132,8,1,0
BRDA:136,9,0,0
BRDA:136,9,1,0
BRDA:148,10,0,0
BRDA:148,10,1,0
BRDA:156,11,0,0
BRDA:156,11,1,0
BRDA:164,12,0,0
BRDA:164,12,1,0
BRDA:166,13,0,0
BRDA:166,13,1,0
BRDA:169,14,0,0
BRDA:169,14,1,0
BRDA:175,15,0,0
BRDA:175,15,1,0
BRDA:175,16,0,0
BRDA:175,16,1,0
BRDA:175,17,0,0
BRDA:175,17,1,0
BRDA:180,18,0,0
BRDA:180,18,1,0
BRF:48
BRH:0
end_of_record
TN:
SF:components/OrderManagementScreen.js
FN:29,(anonymous_0)
FN:38,(anonymous_1)
FN:46,(anonymous_2)
FN:63,(anonymous_3)
FN:65,(anonymous_4)
FN:70,(anonymous_5)
FN:115,(anonymous_6)
FN:124,(anonymous_7)
FN:134,(anonymous_8)
FN:138,(anonymous_9)
FN:173,(anonymous_10)
FN:178,(anonymous_11)
FN:183,(anonymous_12)
FN:187,(anonymous_13)
FN:189,(anonymous_14)
FN:211,(anonymous_15)
FN:251,(anonymous_16)
FN:258,(anonymous_17)
FN:265,(anonymous_18)
FN:278,(anonymous_19)
FN:285,(anonymous_20)
FN:310,(anonymous_21)
FN:314,(anonymous_22)
FN:360,(anonymous_23)
FN:384,(anonymous_24)
FN:388,(anonymous_25)
FN:399,(anonymous_26)
FN:413,(anonymous_27)
FN:421,(anonymous_28)
FN:425,(anonymous_29)
FN:428,(anonymous_30)
FN:436,(anonymous_31)
FN:444,(anonymous_32)
FNF:33
FNH:0
FNDA:0,(anonymous_0)
FNDA:0,(anonymous_1)
FNDA:0,(anonymous_2)
FNDA:0,(anonymous_3)
FNDA:0,(anonymous_4)
FNDA:0,(anonymous_5)
FNDA:0,(anonymous_6)
FNDA:0,(anonymous_7)
FNDA:0,(anonymous_8)
FNDA:0,(anonymous_9)
FNDA:0,(anonymous_10)
FNDA:0,(anonymous_11)
FNDA:0,(anonymous_12)
FNDA:0,(anonymous_13)
FNDA:0,(anonymous_14)
FNDA:0,(anonymous_15)
FNDA:0,(anonymous_16)
FNDA:0,(anonymous_17)
FNDA:0,(anonymous_18)
FNDA:0,(anonymous_19)
FNDA:0,(anonymous_20)
FNDA:0,(anonymous_21)
FNDA:0,(anonymous_22)
FNDA:0,(anonymous_23)
FNDA:0,(anonymous_24)
FNDA:0,(anonymous_25)
FNDA:0,(anonymous_26)
FNDA:0,(anonymous_27)
FNDA:0,(anonymous_28)
FNDA:0,(anonymous_29)
FNDA:0,(anonymous_30)
FNDA:0,(anonymous_31)
FNDA:0,(anonymous_32)
DA:19,0
DA:29,0
DA:30,0
DA:31,0
DA:38,0
DA:39,0
DA:40,0
DA:46,0
DA:47,0
DA:48,0
DA:49,0
DA:51,0
DA:52,0
DA:53,0
DA:54,0
DA:55,0
DA:57,0
DA:58,0
DA:63,0
DA:64,0
DA:65,0
DA:67,0
DA:70,0
DA:117,0
DA:124,0
DA:125,0
DA:127,0
DA:128,0
DA:129,0
DA:130,0
DA:131,0
DA:132,0
DA:134,0
DA:135,0
DA:138,0
DA:139,0
DA:140,0
DA:147,0
DA:148,0
DA:150,0
DA:153,0
DA:154,0
DA:155,0
DA:157,0
DA:158,0
DA:159,0
DA:160,0
DA:161,0
DA:162,0
DA:163,0
DA:166,0
DA:168,0
DA:169,0
DA:173,0
DA:174,0
DA:175,0
DA:178,0
DA:179,0
DA:180,0
DA:183,0
DA:184,0
DA:187,0
DA:189,0
DA:190,0
DA:208,0
DA:211,0
DA:212,0
DA:214,0
DA:215,0
DA:219,0
DA:220,0
DA:221,0
DA:222,0
DA:223,0
DA:225,0
DA:228,0
DA:229,0
DA:230,0
DA:231,0
DA:233,0
DA:235,0
DA:236,0
DA:237,0
DA:238,0
DA:239,0
DA:240,0
DA:241,0
DA:242,0
DA:243,0
DA:244,0
DA:247,0
DA:251,0
DA:252,0
DA:258,0
DA:259,0
DA:265,0
DA:266,0
DA:267,0
DA:268,0
DA:270,0
DA:271,0
DA:273,0
DA:274,0
DA:278,0
DA:279,0
DA:285,0
DA:297,0
DA:298,0
DA:306,0
DA:310,0
DA:314,0
DA:360,0
DA:385,0
DA:388,0
DA:399,0
DA:413,0
DA:421,0
DA:425,0
DA:428,0
DA:436,0
DA:444,0
DA:454,0
LF:122
LH:0
BRDA:51,0,0,0
BRDA:51,0,1,0
BRDA:53,1,0,0
BRDA:53,1,1,0
BRDA:64,2,0,0
BRDA:64,2,1,0
BRDA:65,3,0,0
BRDA:65,3,1,0
BRDA:65,4,0,0
BRDA:65,4,1,0
BRDA:89,5,0,0
BRDA:89,5,1,0
BRDA:90,6,0,0
BRDA:90,6,1,0
BRDA:94,7,0,0
BRDA:94,7,1,0
BRDA:96,8,0,0
BRDA:96,8,1,0
BRDA:101,9,0,0
BRDA:101,9,1,0
BRDA:103,10,0,0
BRDA:103,10,1,0
BRDA:108,11,0,0
BRDA:108,11,1,0
BRDA:118,12,0,0
BRDA:118,12,1,0
BRDA:118,12,2,0
BRDA:142,13,0,0
BRDA:142,13,1,0
BRDA:147,14,0,0
BRDA:147,14,1,0
BRDA:158,15,0,0
BRDA:158,15,1,0
BRDA:160,16,0,0
BRDA:160,16,1,0
BRDA:162,17,0,0
BRDA:162,17,1,0
BRDA:208,18,0,0
BRDA:208,18,1,0
BRDA:212,19,0,0
BRDA:212,19,1,0
BRDA:219,20,0,0
BRDA:219,20,1,0
BRDA:235,21,0,0
BRDA:235,21,1,0
BRDA:237,22,0,0
BRDA:237,22,1,0
BRDA:239,23,0,0
BRDA:239,23,1,0
BRDA:241,24,0,0
BRDA:241,24,1,0
BRDA:243,25,0,0
BRDA:243,25,1,0
BRDA:270,26,0,0
BRDA:270,26,1,0
BRDA:283,27,0,0
BRDA:283,27,1,0
BRDA:289,28,0,0
BRDA:289,28,1,0
BRDA:297,29,0,0
BRDA:297,29,1,0
BRDA:364,30,0,0
BRDA:364,30,1,0
BRDA:372,31,0,0
BRDA:372,31,1,0
BRDA:375,32,0,0
BRDA:375,32,1,0
BRDA:378,33,0,0
BRDA:378,33,1,0
BRDA:425,34,0,0
BRDA:425,34,1,0
BRF:71
BRH:0
end_of_record
TN:
SF:components/OrderTrackingScreen.js
FN:26,(anonymous_0)
FN:46,(anonymous_1)
FN:53,(anonymous_2)
FN:78,(anonymous_3)
FN:114,(anonymous_4)
FN:129,(anonymous_5)
FN:135,(anonymous_6)
FN:144,(anonymous_7)
FN:148,(anonymous_8)
FN:182,(anonymous_9)
FN:222,(anonymous_10)
FN:300,(anonymous_11)
FNF:12
FNH:0
FNDA:0,(anonymous_0)
FNDA:0,(anonymous_1)
FNDA:0,(anonymous_2)
FNDA:0,(anonymous_3)
FNDA:0,(anonymous_4)
FNDA:0,(anonymous_5)
FNDA:0,(anonymous_6)
FNDA:0,(anonymous_7)
FNDA:0,(anonymous_8)
FNDA:0,(anonymous_9)
FNDA:0,(anonymous_10)
FNDA:0,(anonymous_11)
DA:26,0
DA:27,0
DA:28,0
DA:37,0
DA:39,0
DA:40,0
DA:43,0
DA:44,0
DA:46,0
DA:47,0
DA:48,0
DA:49,0
DA:53,0
DA:55,0
DA:71,0
DA:78,0
DA:79,0
DA:81,0
DA:82,0
DA:84,0
DA:85,0
DA:86,0
DA:87,0
DA:88,0
DA:90,0
DA:91,0
DA:92,0
DA:93,0
DA:95,0
DA:96,0
DA:98,0
DA:104,0
DA:105,0
DA:114,0
DA:115,0
DA:116,0
DA:119,0
DA:126,0
DA:129,0
DA:130,0
DA:131,0
DA:132,0
DA:135,0
DA:136,0
DA:144,0
DA:146,0
DA:149,0
DA:182,0
DA:183,0
DA:185,0
DA:187,0
DA:222,0
DA:223,0
DA:224,0
DA:232,0
DA:274,0
DA:275,0
DA:283,0
DA:284,0
DA:296,0
DA:300,0
DA:357,0
LF:62
LH:0
BRDA:47,0,0,0
BRDA:47,0,1,0
BRDA:79,1,0,0
BRDA:79,1,1,0
BRDA:84,2,0,0
BRDA:84,2,1,0
BRDA:84,3,0,0
BRDA:84,3,1,0
BRDA:95,4,0,0
BRDA:95,4,1,0
BRDA:96,5,0,0
BRDA:96,5,1,0
BRDA:104,6,0,0
BRDA:104,6,1,0
BRDA:115,7,0,0
BRDA:115,7,1,0
BRDA:115,8,0,0
BRDA:115,8,1,0
BRDA:154,9,0,0
BRDA:154,9,1,0
BRDA:160,10,0,0
BRDA:160,10,1,0
BRDA:163,11,0,0
BRDA:163,11,1,0
BRDA:166,12,0,0
BRDA:166,12,1,0
BRDA:172,13,0,0
BRDA:172,13,1,0
BRDA:183,14,0,0
BRDA:183,14,1,0
BRDA:196,15,0,0
BRDA:196,15,1,0
BRDA:199,16,0,0
BRDA:199,16,1,0
BRDA:207,17,0,0
BRDA:207,17,1,0
BRDA:213,18,0,0
BRDA:213,18,1,0
BRDA:215,19,0,0
BRDA:215,19,1,0
BRDA:223,20,0,0
BRDA:223,20,1,0
BRDA:223,21,0,0
BRDA:223,21,1,0
BRDA:241,22,0,0
BRDA:241,22,1,0
BRDA:259,23,0,0
BRDA:259,23,1,0
BRDA:274,24,0,0
BRDA:274,24,1,0
BRDA:283,25,0,0
BRDA:283,25,1,0
BRDA:332,26,0,0
BRDA:332,26,1,0
BRDA:337,27,0,0
BRDA:337,27,1,0
BRDA:344,28,0,0
BRDA:344,28,1,0
BRF:58
BRH:0
end_of_record
TN:
SF:components/PaymentMethodsScreen.js
FN:17,(anonymous_0)
FN:26,(anonymous_1)
FN:30,(anonymous_2)
FN:39,(anonymous_3)
FN:70,(anonymous_4)
FN:76,(anonymous_5)
FN:77,(anonymous_6)
FN:89,(anonymous_7)
FN:98,(anonymous_8)
FN:104,(anonymous_9)
FN:109,(anonymous_10)
FN:109,(anonymous_11)
FN:112,(anonymous_12)
FN:126,(anonymous_13)
FN:140,(anonymous_14)
FN:154,(anonymous_15)
FN:329,(anonymous_16)
FN:347,(anonymous_17)
FN:370,(anonymous_18)
FN:404,(anonymous_19)
FN:412,(anonymous_20)
FN:424,(anonymous_21)
FNF:22
FNH:0
FNDA:0,(anonymous_0)
FNDA:0,(anonymous_1)
FNDA:0,(anonymous_2)
FNDA:0,(anonymous_3)
FNDA:0,(anonymous_4)
FNDA:0,(anonymous_5)
FNDA:0,(anonymous_6)
FNDA:0,(anonymous_7)
FNDA:0,(anonymous_8)
FNDA:0,(anonymous_9)
FNDA:0,(anonymous_10)
FNDA:0,(anonymous_11)
FNDA:0,(anonymous_12)
FNDA:0,(anonymous_13)
FNDA:0,(anonymous_14)
FNDA:0,(anonymous_15)
FNDA:0,(anonymous_16)
FNDA:0,(anonymous_17)
FNDA:0,(anonymous_18)
FNDA:0,(anonymous_19)
FNDA:0,(anonymous_20)
FNDA:0,(anonymous_21)
DA:17,0
DA:18,0
DA:19,0
DA:20,0
DA:22,0
DA:23,0
DA:24,0
DA:26,0
DA:27,0
DA:30,0
DA:31,0
DA:32,0
DA:39,0
DA:40,0
DA:60,0
DA:61,0
DA:64,0
DA:65,0
DA:66,0
DA:70,0
DA:71,0
DA:75,0
DA:76,0
DA:77,0
DA:83,0
DA:85,0
DA:89,0
DA:90,0
DA:98,0
DA:104,0
DA:105,0
DA:109,0
DA:111,0
DA:112,0
DA:113,0
DA:114,0
DA:116,0
DA:120,0
DA:122,0
DA:126,0
DA:127,0
DA:129,0
DA:131,0
DA:134,0
DA:136,0
DA:140,0
DA:141,0
DA:143,0
DA:145,0
DA:148,0
DA:150,0
DA:154,0
DA:155,0
DA:158,0
DA:323,0
DA:324,0
DA:329,0
DA:342,0
DA:347,0
DA:371,0
DA:404,0
DA:412,0
DA:424,0
LF:63
LH:0
BRDA:111,0,0,0
BRDA:111,0,1,0
BRDA:113,1,0,0
BRDA:113,1,1,0
BRDA:127,2,0,0
BRDA:127,2,1,0
BRDA:127,2,2,0
BRDA:127,2,3,0
BRDA:127,2,4,0
BRDA:141,3,0,0
BRDA:141,3,1,0
BRDA:141,3,2,0
BRDA:141,3,3,0
BRDA:141,3,4,0
BRDA:323,4,0,0
BRDA:323,4,1,0
BRDA:355,5,0,0
BRDA:355,5,1,0
BRDA:372,6,0,0
BRDA:372,6,1,0
BRDA:401,7,0,0
BRDA:401,7,1,0
BRF:22
BRH:0
end_of_record
TN:
SF:components/ProfileMerchantScreen.js
FN:18,(anonymous_0)
FN:31,(anonymous_1)
FN:32,(anonymous_2)
FN:67,(anonymous_3)
FN:76,(anonymous_4)
FN:82,(anonymous_5)
FN:95,(anonymous_6)
FN:104,(anonymous_7)
FNF:8
FNH:0
FNDA:0,(anonymous_0)
FNDA:0,(anonymous_1)
FNDA:0,(anonymous_2)
FNDA:0,(anonymous_3)
FNDA:0,(anonymous_4)
FNDA:0,(anonymous_5)
FNDA:0,(anonymous_6)
FNDA:0,(anonymous_7)
DA:18,0
DA:19,0
DA:20,0
DA:21,0
DA:22,0
DA:23,0
DA:24,0
DA:25,0
DA:26,0
DA:27,0
DA:28,0
DA:30,0
DA:32,0
DA:33,0
DA:34,0
DA:36,0
DA:37,0
DA:39,0
DA:41,0
DA:42,0
DA:43,0
DA:44,0
DA:45,0
DA:46,0
DA:47,0
DA:48,0
DA:49,0
DA:51,0
DA:53,0
DA:54,0
DA:55,0
DA:58,0
DA:59,0
DA:63,0
DA:67,0
DA:68,0
DA:69,0
DA:70,0
DA:72,0
DA:76,0
DA:77,0
DA:78,0
DA:79,0
DA:80,0
DA:82,0
DA:83,0
DA:87,0
DA:95,0
DA:104,0
DA:149,0
LF:50
LH:0
BRDA:34,0,0,0
BRDA:34,0,1,0
BRDA:43,1,0,0
BRDA:43,1,1,0
BRDA:44,2,0,0
BRDA:44,2,1,0
BRDA:46,3,0,0
BRDA:46,3,1,0
BRDA:48,4,0,0
BRDA:48,4,1,0
BRDA:53,5,0,0
BRDA:53,5,1,0
BRDA:54,6,0,0
BRDA:54,6,1,0
BRDA:55,7,0,0
BRDA:55,7,1,0
BRDA:59,8,0,0
BRDA:59,8,1,0
BRDA:77,9,0,0
BRDA:77,9,1,0
BRDA:79,10,0,0
BRDA:79,10,1,0
BRDA:79,11,0,0
BRDA:79,11,1,0
BRDA:110,12,0,0
BRDA:110,12,1,0
BRDA:112,13,0,0
BRDA:112,13,1,0
BRDA:113,14,0,0
BRDA:113,14,1,0
BRDA:113,14,2,0
BRDA:118,15,0,0
BRDA:118,15,1,0
BRF:33
BRH:0
end_of_record
TN:
SF:components/ProfileScreen.js
FN:19,(anonymous_0)
FN:29,(anonymous_1)
FN:30,(anonymous_2)
FN:55,(anonymous_3)
FN:164,(anonymous_4)
FN:173,(anonymous_5)
FN:186,(anonymous_6)
FN:194,(anonymous_7)
FN:202,(anonymous_8)
FNF:9
FNH:0
FNDA:0,(anonymous_0)
FNDA:0,(anonymous_1)
FNDA:0,(anonymous_2)
FNDA:0,(anonymous_3)
FNDA:0,(anonymous_4)
FNDA:0,(anonymous_5)
FNDA:0,(anonymous_6)
FNDA:0,(anonymous_7)
FNDA:0,(anonymous_8)
DA:19,0
DA:20,0
DA:21,0
DA:22,0
DA:23,0
DA:24,0
DA:25,0
DA:26,0
DA:28,0
DA:30,0
DA:31,0
DA:32,0
DA:34,0
DA:35,0
DA:37,0
DA:38,0
DA:40,0
DA:41,0
DA:42,0
DA:43,0
DA:46,0
DA:47,0
DA:51,0
DA:55,0
DA:56,0
DA:57,0
DA:58,0
DA:60,0
DA:64,0
DA:156,0
DA:164,0
DA:173,0
DA:186,0
DA:194,0
DA:202,0
LF:35
LH:0
BRDA:32,0,0,0
BRDA:32,0,1,0
BRDA:42,1,0,0
BRDA:42,1,1,0
BRDA:43,2,0,0
BRDA:43,2,1,0
BRDA:47,3,0,0
BRDA:47,3,1,0
BRDA:179,4,0,0
BRDA:179,4,1,0
BRDA:219,5,0,0
BRDA:219,5,1,0
BRF:12
BRH:0
end_of_record
TN:
SF:components/RegisterMerchantScreen.js
FN:17,(anonymous_0)
FN:26,(anonymous_1)
FN:39,(anonymous_2)
FN:71,(anonymous_3)
FN:78,(anonymous_4)
FN:85,(anonymous_5)
FN:92,(anonymous_6)
FNF:7
FNH:0
FNDA:0,(anonymous_0)
FNDA:0,(anonymous_1)
FNDA:0,(anonymous_2)
FNDA:0,(anonymous_3)
FNDA:0,(anonymous_4)
FNDA:0,(anonymous_5)
FNDA:0,(anonymous_6)
DA:17,0
DA:18,0
DA:19,0
DA:20,0
DA:21,0
DA:22,0
DA:23,0
DA:24,0
DA:26,0
DA:27,0
DA:28,0
DA:29,0
DA:30,0
DA:32,0
DA:33,0
DA:37,0
DA:39,0
DA:71,0
DA:78,0
DA:85,0
DA:92,0
DA:118,0
LF:22
LH:0
BRDA:32,0,0,0
BRDA:32,0,1,0
BRDA:33,1,0,0
BRDA:33,1,1,0
BRDA:72,2,0,0
BRDA:72,2,1,0
BRDA:80,3,0,0
BRDA:80,3,1,0
BRDA:100,4,0,0
BRDA:100,4,1,0
BRF:10
BRH:0
end_of_record
TN:
SF:components/RegisterScreen.js
FN:18,(anonymous_0)
FN:27,(anonymous_1)
FN:40,(anonymous_2)
FN:72,(anonymous_3)
FN:79,(anonymous_4)
FN:86,(anonymous_5)
FN:93,(anonymous_6)
FNF:7
FNH:0
FNDA:0,(anonymous_0)
FNDA:0,(anonymous_1)
FNDA:0,(anonymous_2)
FNDA:0,(anonymous_3)
FNDA:0,(anonymous_4)
FNDA:0,(anonymous_5)
FNDA:0,(anonymous_6)
DA:18,0
DA:19,0
DA:20,0
DA:21,0
DA:22,0
DA:23,0
DA:24,0
DA:25,0
DA:27,0
DA:28,0
DA:29,0
DA:30,0
DA:31,0
DA:33,0
DA:34,0
DA:38,0
DA:40,0
DA:72,0
DA:79,0
DA:86,0
DA:93,0
DA:119,0
LF:22
LH:0
BRDA:33,0,0,0
BRDA:33,0,1,0
BRDA:34,1,0,0
BRDA:34,1,1,0
BRDA:73,2,0,0
BRDA:73,2,1,0
BRDA:81,3,0,0
BRDA:81,3,1,0
BRDA:101,4,0,0
BRDA:101,4,1,0
BRF:10
BRH:0
end_of_record
TN:
SF:components/ResetPasswordScreen.js
FN:18,(anonymous_0)
FN:25,(anonymous_1)
FN:58,(anonymous_2)
FNF:3
FNH:0
FNDA:0,(anonymous_0)
FNDA:0,(anonymous_1)
FNDA:0,(anonymous_2)
DA:16,0
DA:18,0
DA:19,0
DA:20,0
DA:21,0
DA:22,0
DA:23,0
DA:25,0
DA:26,0
DA:27,0
DA:28,0
DA:31,0
DA:32,0
DA:33,0
DA:36,0
DA:37,0
DA:42,0
DA:43,0
DA:45,0
DA:46,0
DA:53,0
DA:58,0
DA:88,0
LF:23
LH:0
BRDA:26,0,0,0
BRDA:26,0,1,0
BRDA:26,1,0,0
BRDA:26,1,1,0
BRDA:31,2,0,0
BRDA:31,2,1,0
BRDA:48,3,0,0
BRDA:48,3,1,0
BRDA:56,4,0,0
BRDA:56,4,1,0
BRF:10
BRH:0
end_of_record
TN:
SF:components/SecurityScreen.js
FN:16,(anonymous_0)
FN:30,(anonymous_1)
FN:37,(anonymous_2)
FN:52,(anonymous_3)
FN:67,(anonymous_4)
FN:74,(anonymous_5)
FN:87,(anonymous_6)
FN:96,(anonymous_7)
FN:205,(anonymous_8)
FN:215,(anonymous_9)
FNF:10
FNH:0
FNDA:0,(anonymous_0)
FNDA:0,(anonymous_1)
FNDA:0,(anonymous_2)
FNDA:0,(anonymous_3)
FNDA:0,(anonymous_4)
FNDA:0,(anonymous_5)
FNDA:0,(anonymous_6)
FNDA:0,(anonymous_7)
FNDA:0,(anonymous_8)
FNDA:0,(anonymous_9)
DA:16,0
DA:17,0
DA:18,0
DA:19,0
DA:21,0
DA:22,0
DA:23,0
DA:25,0
DA:30,0
DA:37,0
DA:52,0
DA:67,0
DA:74,0
DA:87,0
DA:88,0
DA:98,0
DA:105,0
DA:200,0
DA:205,0
DA:216,0
LF:20
LH:0
BRDA:35,0,0,0
BRDA:35,0,1,0
BRDA:44,1,0,0
BRDA:44,1,1,0
BRDA:50,2,0,0
BRDA:50,2,1,0
BRDA:59,3,0,0
BRDA:59,3,1,0
BRDA:81,4,0,0
BRDA:81,4,1,0
BRDA:220,5,0,0
BRDA:220,5,1,0
BRDA:232,6,0,0
BRDA:232,6,1,0
BRDA:232,6,2,0
BRF:15
BRH:0
end_of_record
TN:
SF:components/ServicesScreen.js
FN:21,(anonymous_0)
FN:24,(anonymous_1)
FN:44,(anonymous_2)
FN:53,(anonymous_3)
FN:60,(anonymous_4)
FN:75,(anonymous_5)
FN:80,(anonymous_6)
FN:84,(anonymous_7)
FN:88,(anonymous_8)
FN:92,(anonymous_9)
FN:100,(anonymous_10)
FN:120,(anonymous_11)
FN:135,(anonymous_12)
FN:143,(anonymous_13)
FN:151,(anonymous_14)
FN:159,(anonymous_15)
FNF:16
FNH:0
FNDA:0,(anonymous_0)
FNDA:0,(anonymous_1)
FNDA:0,(anonymous_2)
FNDA:0,(anonymous_3)
FNDA:0,(anonymous_4)
FNDA:0,(anonymous_5)
FNDA:0,(anonymous_6)
FNDA:0,(anonymous_7)
FNDA:0,(anonymous_8)
FNDA:0,(anonymous_9)
FNDA:0,(anonymous_10)
FNDA:0,(anonymous_11)
FNDA:0,(anonymous_12)
FNDA:0,(anonymous_13)
FNDA:0,(anonymous_14)
FNDA:0,(anonymous_15)
DA:21,0
DA:22,0
DA:24,0
DA:45,0
DA:53,0
DA:54,0
DA:55,0
DA:56,0
DA:57,0
DA:58,0
DA:60,0
DA:61,0
DA:62,0
DA:63,0
DA:64,0
DA:65,0
DA:67,0
DA:68,0
DA:70,0
DA:74,0
DA:76,0
DA:80,0
DA:81,0
DA:84,0
DA:85,0
DA:88,0
DA:90,0
DA:92,0
DA:100,0
DA:120,0
DA:135,0
DA:143,0
DA:151,0
DA:159,0
DA:169,0
LF:35
LH:0
BRDA:46,0,0,0
BRDA:46,0,1,0
BRDA:46,0,2,0
BRDA:46,0,3,0
BRDA:67,1,0,0
BRDA:67,1,1,0
BRDA:105,2,0,0
BRDA:105,2,1,0
BRDA:107,3,0,0
BRDA:107,3,1,0
BRDA:113,4,0,0
BRDA:113,4,1,0
BRF:12
BRH:0
end_of_record
TN:
SF:components/SettingsScreen.js
FN:5,(anonymous_0)
FN:25,(anonymous_1)
FN:26,(anonymous_2)
FNF:3
FNH:0
FNDA:0,(anonymous_0)
FNDA:0,(anonymous_1)
FNDA:0,(anonymous_2)
DA:5,0
DA:6,0
DA:7,0
DA:8,0
DA:10,0
DA:21,0
DA:25,0
DA:27,0
DA:57,0
LF:9
LH:0
BRF:0
BRH:0
end_of_record
TN:
SF:components/StartupScreen.js
FN:7,(anonymous_0)
FN:10,(anonymous_1)
FN:11,(anonymous_2)
FNF:3
FNH:0
FNDA:0,(anonymous_0)
FNDA:0,(anonymous_1)
FNDA:0,(anonymous_2)
DA:7,0
DA:8,0
DA:10,0
DA:11,0
DA:12,0
DA:13,0
DA:14,0
DA:16,0
DA:17,0
DA:20,0
DA:21,0
DA:23,0
DA:24,0
DA:27,0
DA:28,0
DA:29,0
DA:30,0
DA:34,0
DA:35,0
DA:36,0
DA:37,0
DA:42,0
DA:43,0
DA:49,0
DA:50,0
DA:56,0
DA:58,0
DA:59,0
DA:66,0
DA:69,0
LF:30
LH:0
BRDA:16,0,0,0
BRDA:16,0,1,0
BRDA:27,1,0,0
BRDA:27,1,1,0
BRDA:27,2,0,0
BRDA:27,2,1,0
BRDA:35,3,0,0
BRDA:35,3,1,0
BRF:8
BRH:0
end_of_record
TN:
SF:components/UserTypeScreen.js
FN:6,UserTypeScreen
FN:11,(anonymous_1)
FN:25,(anonymous_2)
FN:32,(anonymous_3)
FN:39,(anonymous_4)
FNF:5
FNH:0
FNDA:0,UserTypeScreen
FNDA:0,(anonymous_1)
FNDA:0,(anonymous_2)
FNDA:0,(anonymous_3)
FNDA:0,(anonymous_4)
DA:7,0
DA:9,0
DA:11,0
DA:25,0
DA:32,0
DA:39,0
DA:53,0
LF:7
LH:0
BRF:0
BRH:0
end_of_record
TN:
SF:components/VerifyEmailChangeScreen.js
FN:23,VerifyEmailChangeScreen
FN:30,(anonymous_1)
FN:31,(anonymous_2)
FN:58,(anonymous_3)
FN:68,(anonymous_4)
FN:98,(anonymous_5)
FN:126,(anonymous_6)
FN:144,(anonymous_7)
FN:151,(anonymous_8)
FN:152,(anonymous_9)
FNF:10
FNH:0
FNDA:0,VerifyEmailChangeScreen
FNDA:0,(anonymous_1)
FNDA:0,(anonymous_2)
FNDA:0,(anonymous_3)
FNDA:0,(anonymous_4)
FNDA:0,(anonymous_5)
FNDA:0,(anonymous_6)
FNDA:0,(anonymous_7)
FNDA:0,(anonymous_8)
FNDA:0,(anonymous_9)
DA:21,0
DA:24,0
DA:25,0
DA:27,0
DA:28,0
DA:30,0
DA:31,0
DA:32,0
DA:33,0
DA:35,0
DA:47,0
DA:48,0
DA:50,0
DA:51,0
DA:55,0
DA:58,0
DA:59,0
DA:60,0
DA:61,0
DA:63,0
DA:64,0
DA:68,0
DA:69,0
DA:71,0
DA:72,0
DA:75,0
DA:83,0
DA:90,0
DA:91,0
DA:93,0
DA:94,0
DA:98,0
DA:99,0
DA:100,0
DA:102,0
DA:114,0
DA:116,0
DA:117,0
DA:121,0
DA:126,0
DA:145,0
DA:151,0
DA:152,0
DA:169,0
LF:44
LH:0
BRDA:25,0,0,0
BRDA:25,0,1,0
BRDA:63,1,0,0
BRDA:63,1,1,0
BRDA:63,2,0,0
BRDA:63,2,1,0
BRDA:94,3,0,0
BRDA:94,3,1,0
BRDA:117,4,0,0
BRDA:117,4,1,0
BRDA:124,5,0,0
BRDA:124,5,1,0
BRF:12
BRH:0
end_of_record
TN:
SF:components/VerifyIdentityScreen.js
FN:13,(anonymous_0)
FN:25,(anonymous_1)
FN:73,(anonymous_2)
FN:92,(anonymous_3)
FN:92,(anonymous_4)
FNF:5
FNH:0
FNDA:0,(anonymous_0)
FNDA:0,(anonymous_1)
FNDA:0,(anonymous_2)
FNDA:0,(anonymous_3)
FNDA:0,(anonymous_4)
DA:13,0
DA:14,0
DA:15,0
DA:16,0
DA:17,0
DA:19,0
DA:20,0
DA:21,0
DA:22,0
DA:25,0
DA:26,0
DA:27,0
DA:28,0
DA:31,0
DA:33,0
DA:34,0
DA:35,0
DA:44,0
DA:46,0
DA:47,0
DA:49,0
DA:50,0
DA:57,0
DA:60,0
DA:61,0
DA:64,0
DA:65,0
DA:67,0
DA:71,0
DA:73,0
DA:92,0
DA:111,0
LF:32
LH:0
BRDA:14,0,0,0
BRDA:14,0,1,0
BRDA:19,1,0,0
BRDA:19,1,1,0
BRDA:19,2,0,0
BRDA:19,2,1,0
BRDA:19,2,2,0
BRDA:19,2,3,0
BRDA:26,3,0,0
BRDA:26,3,1,0
BRDA:49,4,0,0
BRDA:49,4,1,0
BRDA:57,5,0,0
BRDA:57,5,1,0
BRDA:94,6,0,0
BRDA:94,6,1,0
BRDA:99,7,0,0
BRDA:99,7,1,0
BRDA:104,8,0,0
BRDA:104,8,1,0
BRF:20
BRH:0
end_of_record
TN:
SF:components/VerifyMerchantCodeScreen.js
FN:18,VerifyMerchantCodeScreen
FN:25,(anonymous_1)
FN:35,(anonymous_2)
FN:51,(anonymous_3)
FN:66,(anonymous_4)
FN:82,(anonymous_5)
FN:89,(anonymous_6)
FN:90,(anonymous_7)
FNF:8
FNH:0
FNDA:0,VerifyMerchantCodeScreen
FNDA:0,(anonymous_1)
FNDA:0,(anonymous_2)
FNDA:0,(anonymous_3)
FNDA:0,(anonymous_4)
FNDA:0,(anonymous_5)
FNDA:0,(anonymous_6)
FNDA:0,(anonymous_7)
DA:19,0
DA:20,0
DA:22,0
DA:23,0
DA:25,0
DA:26,0
DA:27,0
DA:28,0
DA:30,0
DA:31,0
DA:35,0
DA:36,0
DA:38,0
DA:39,0
DA:40,0
DA:41,0
DA:43,0
DA:46,0
DA:47,0
DA:51,0
DA:52,0
DA:53,0
DA:54,0
DA:56,0
DA:57,0
DA:61,0
DA:66,0
DA:83,0
DA:89,0
DA:90,0
DA:107,0
LF:31
LH:0
BRDA:20,0,0,0
BRDA:20,0,1,0
BRDA:30,1,0,0
BRDA:30,1,1,0
BRDA:30,2,0,0
BRDA:30,2,1,0
BRDA:40,3,0,0
BRDA:40,3,1,0
BRDA:40,4,0,0
BRDA:40,4,1,0
BRDA:47,5,0,0
BRDA:47,5,1,0
BRDA:57,6,0,0
BRDA:57,6,1,0
BRDA:64,7,0,0
BRDA:64,7,1,0
BRF:16
BRH:0
end_of_record
TN:
SF:components/VerifyPhoneScreen.js
FN:12,(anonymous_0)
FN:17,(anonymous_1)
FN:33,(anonymous_2)
FNF:3
FNH:0
FNDA:0,(anonymous_0)
FNDA:0,(anonymous_1)
FNDA:0,(anonymous_2)
DA:12,0
DA:13,0
DA:14,0
DA:15,0
DA:17,0
DA:18,0
DA:19,0
DA:20,0
DA:23,0
DA:24,0
DA:25,0
DA:26,0
DA:28,0
DA:29,0
DA:33,0
DA:34,0
DA:35,0
DA:36,0
DA:39,0
DA:40,0
DA:41,0
DA:44,0
DA:45,0
DA:46,0
DA:47,0
DA:49,0
DA:60,0
DA:62,0
DA:63,0
DA:64,0
DA:66,0
DA:69,0
DA:70,0
DA:74,0
DA:117,0
LF:35
LH:0
BRDA:18,0,0,0
BRDA:18,0,1,0
BRDA:34,1,0,0
BRDA:34,1,1,0
BRDA:39,2,0,0
BRDA:39,2,1,0
BRDA:39,3,0,0
BRDA:39,3,1,0
BRDA:62,4,0,0
BRDA:62,4,1,0
BRDA:66,5,0,0
BRDA:66,5,1,0
BRDA:78,6,0,0
BRDA:78,6,1,0
BRF:14
BRH:0
end_of_record
TN:
SF:components/VerifyRegisterCodeScreen.js
FN:20,VerifyRegisterCodeScreen
FN:27,(anonymous_1)
FN:37,(anonymous_2)
FN:60,(anonymous_3)
FN:80,(anonymous_4)
FN:98,(anonymous_5)
FN:105,(anonymous_6)
FN:106,(anonymous_7)
FNF:8
FNH:0
FNDA:0,VerifyRegisterCodeScreen
FNDA:0,(anonymous_1)
FNDA:0,(anonymous_2)
FNDA:0,(anonymous_3)
FNDA:0,(anonymous_4)
FNDA:0,(anonymous_5)
FNDA:0,(anonymous_6)
FNDA:0,(anonymous_7)
DA:18,0
DA:21,0
DA:22,0
DA:24,0
DA:25,0
DA:27,0
DA:28,0
DA:29,0
DA:30,0
DA:32,0
DA:33,0
DA:37,0
DA:38,0
DA:40,0
DA:41,0
DA:47,0
DA:48,0
DA:49,0
DA:50,0
DA:52,0
DA:55,0
DA:56,0
DA:60,0
DA:61,0
DA:62,0
DA:68,0
DA:70,0
DA:71,0
DA:75,0
DA:80,0
DA:99,0
DA:105,0
DA:106,0
DA:123,0
LF:34
LH:0
BRDA:22,0,0,0
BRDA:22,0,1,0
BRDA:32,1,0,0
BRDA:32,1,1,0
BRDA:32,2,0,0
BRDA:32,2,1,0
BRDA:47,3,0,0
BRDA:47,3,1,0
BRDA:47,4,0,0
BRDA:47,4,1,0
BRDA:56,5,0,0
BRDA:56,5,1,0
BRDA:71,6,0,0
BRDA:71,6,1,0
BRDA:78,7,0,0
BRDA:78,7,1,0
BRF:16
BRH:0
end_of_record
TN:
SF:components/VerifyResetCodeScreen.js
FN:19,VerifyResetCodeScreen
FN:26,(anonymous_1)
FN:36,(anonymous_2)
FN:56,(anonymous_3)
FN:75,(anonymous_4)
FN:91,(anonymous_5)
FN:98,(anonymous_6)
FN:99,(anonymous_7)
FNF:8
FNH:0
FNDA:0,VerifyResetCodeScreen
FNDA:0,(anonymous_1)
FNDA:0,(anonymous_2)
FNDA:0,(anonymous_3)
FNDA:0,(anonymous_4)
FNDA:0,(anonymous_5)
FNDA:0,(anonymous_6)
FNDA:0,(anonymous_7)
DA:17,0
DA:20,0
DA:21,0
DA:23,0
DA:24,0
DA:26,0
DA:27,0
DA:28,0
DA:29,0
DA:31,0
DA:32,0
DA:36,0
DA:37,0
DA:39,0
DA:40,0
DA:45,0
DA:46,0
DA:48,0
DA:51,0
DA:52,0
DA:56,0
DA:57,0
DA:58,0
DA:63,0
DA:65,0
DA:66,0
DA:70,0
DA:75,0
DA:92,0
DA:98,0
DA:99,0
DA:116,0
LF:32
LH:0
BRDA:21,0,0,0
BRDA:21,0,1,0
BRDA:31,1,0,0
BRDA:31,1,1,0
BRDA:31,2,0,0
BRDA:31,2,1,0
BRDA:45,3,0,0
BRDA:45,3,1,0
BRDA:52,4,0,0
BRDA:52,4,1,0
BRDA:66,5,0,0
BRDA:66,5,1,0
BRDA:73,6,0,0
BRDA:73,6,1,0
BRF:14
BRH:0
end_of_record
TN:
SF:components/WelcomeScreen.js
FN:5,WelcomeScreen
FN:27,(anonymous_1)
FNF:2
FNH:0
FNDA:0,WelcomeScreen
FNDA:0,(anonymous_1)
DA:6,0
DA:8,0
DA:27,0
DA:41,0
LF:4
LH:0
BRF:0
BRH:0
end_of_record
TN:
SF:components/context/CartContext.js
FN:27,(anonymous_0)
FN:56,(anonymous_1)
FN:61,(anonymous_2)
FN:65,(anonymous_3)
FN:70,(anonymous_4)
FN:76,(anonymous_5)
FN:89,(anonymous_6)
FN:109,(anonymous_7)
FN:161,(anonymous_8)
FN:193,(anonymous_9)
FN:210,(anonymous_10)
FN:224,(anonymous_11)
FN:239,(anonymous_12)
FN:252,(anonymous_13)
FN:280,(anonymous_14)
FN:281,(anonymous_15)
FN:309,(anonymous_16)
FNF:17
FNH:0
FNDA:0,(anonymous_0)
FNDA:0,(anonymous_1)
FNDA:0,(anonymous_2)
FNDA:0,(anonymous_3)
FNDA:0,(anonymous_4)
FNDA:0,(anonymous_5)
FNDA:0,(anonymous_6)
FNDA:0,(anonymous_7)
FNDA:0,(anonymous_8)
FNDA:0,(anonymous_9)
FNDA:0,(anonymous_10)
FNDA:0,(anonymous_11)
FNDA:0,(anonymous_12)
FNDA:0,(anonymous_13)
FNDA:0,(anonymous_14)
FNDA:0,(anonymous_15)
FNDA:0,(anonymous_16)
DA:5,0
DA:8,0
DA:18,0
DA:27,0
DA:28,0
DA:30,0
DA:33,0
DA:42,0
DA:43,0
DA:46,0
DA:49,0
DA:52,0
DA:56,0
DA:57,0
DA:58,0
DA:61,0
DA:62,0
DA:63,0
DA:65,0
DA:70,0
DA:71,0
DA:72,0
DA:76,0
DA:77,0
DA:78,0
DA:85,0
DA:89,0
DA:90,0
DA:91,0
DA:93,0
DA:94,0
DA:95,0
DA:96,0
DA:97,0
DA:98,0
DA:100,0
DA:101,0
DA:104,0
DA:105,0
DA:109,0
DA:110,0
DA:112,0
DA:114,0
DA:115,0
DA:117,0
DA:118,0
DA:120,0
DA:121,0
DA:122,0
DA:123,0
DA:124,0
DA:125,0
DA:127,0
DA:128,0
DA:131,0
DA:133,0
DA:137,0
DA:138,0
DA:139,0
DA:140,0
DA:142,0
DA:144,0
DA:145,0
DA:146,0
DA:147,0
DA:148,0
DA:149,0
DA:151,0
DA:152,0
DA:155,0
DA:156,0
DA:161,0
DA:162,0
DA:164,0
DA:165,0
DA:166,0
DA:167,0
DA:169,0
DA:174,0
DA:176,0
DA:177,0
DA:179,0
DA:180,0
DA:187,0
DA:188,0
DA:189,0
DA:193,0
DA:194,0
DA:196,0
DA:197,0
DA:201,0
DA:202,0
DA:204,0
DA:205,0
DA:206,0
DA:210,0
DA:211,0
DA:213,0
DA:214,0
DA:215,0
DA:216,0
DA:218,0
DA:219,0
DA:220,0
DA:224,0
DA:225,0
DA:227,0
DA:228,0
DA:229,0
DA:230,0
DA:231,0
DA:233,0
DA:234,0
DA:235,0
DA:239,0
DA:240,0
DA:242,0
DA:243,0
DA:244,0
DA:245,0
DA:252,0
DA:264,0
DA:265,0
DA:269,0
DA:270,0
DA:271,0
DA:272,0
DA:274,0
DA:275,0
DA:276,0
DA:280,0
DA:281,0
DA:284,0
DA:302,0
DA:309,0
DA:310,0
DA:311,0
DA:312,0
DA:314,0
LF:139
LH:0
BRDA:28,0,0,0
BRDA:28,0,1,0
BRDA:28,0,2,0
BRDA:28,0,3,0
BRDA:28,0,4,0
BRDA:35,1,0,0
BRDA:35,1,1,0
BRDA:36,2,0,0
BRDA:36,2,1,0
BRDA:37,3,0,0
BRDA:37,3,1,0
BRDA:38,4,0,0
BRDA:38,4,1,0
BRDA:62,5,0,0
BRDA:62,5,1,0
BRDA:71,6,0,0
BRDA:71,6,1,0
BRDA:95,7,0,0
BRDA:95,7,1,0
BRDA:109,8,0,0
BRDA:117,9,0,0
BRDA:117,9,1,0
BRDA:117,10,0,0
BRDA:117,10,1,0
BRDA:122,11,0,0
BRDA:122,11,1,0
BRDA:146,12,0,0
BRDA:146,12,1,0
BRDA:161,13,0,0
BRDA:187,14,0,0
BRDA:187,14,1,0
BRDA:187,14,2,0
BRDA:204,15,0,0
BRDA:204,15,1,0
BRDA:218,16,0,0
BRDA:218,16,1,0
BRDA:233,17,0,0
BRDA:233,17,1,0
BRDA:242,18,0,0
BRDA:242,18,1,0
BRDA:248,19,0,0
BRDA:248,19,1,0
BRDA:249,20,0,0
BRDA:249,20,1,0
BRDA:250,21,0,0
BRDA:250,21,1,0
BRDA:275,22,0,0
BRDA:275,22,1,0
BRDA:311,23,0,0
BRDA:311,23,1,0
BRF:50
BRH:0
end_of_record
TN:
SF:components/context/FavoritesContext.js
FN:8,(anonymous_0)
FN:16,(anonymous_1)
FN:25,(anonymous_2)
FN:30,(anonymous_3)
FN:53,(anonymous_4)
FN:72,(anonymous_5)
FN:81,(anonymous_6)
FN:82,(anonymous_7)
FN:86,(anonymous_8)
FN:87,(anonymous_9)
FN:91,(anonymous_10)
FN:115,(anonymous_11)
FN:119,(anonymous_12)
FN:139,(anonymous_13)
FN:148,(anonymous_14)
FN:172,(anonymous_15)
FN:176,(anonymous_16)
FN:196,(anonymous_17)
FN:205,(anonymous_18)
FN:223,(anonymous_19)
FN:232,(anonymous_20)
FN:236,(anonymous_21)
FN:244,(anonymous_22)
FN:259,(anonymous_23)
FN:262,(anonymous_24)
FN:267,(anonymous_25)
FN:281,(anonymous_26)
FN:297,(anonymous_27)
FNF:28
FNH:0
FNDA:0,(anonymous_0)
FNDA:0,(anonymous_1)
FNDA:0,(anonymous_2)
FNDA:0,(anonymous_3)
FNDA:0,(anonymous_4)
FNDA:0,(anonymous_5)
FNDA:0,(anonymous_6)
FNDA:0,(anonymous_7)
FNDA:0,(anonymous_8)
FNDA:0,(anonymous_9)
FNDA:0,(anonymous_10)
FNDA:0,(anonymous_11)
FNDA:0,(anonymous_12)
FNDA:0,(anonymous_13)
FNDA:0,(anonymous_14)
FNDA:0,(anonymous_15)
FNDA:0,(anonymous_16)
FNDA:0,(anonymous_17)
FNDA:0,(anonymous_18)
FNDA:0,(anonymous_19)
FNDA:0,(anonymous_20)
FNDA:0,(anonymous_21)
FNDA:0,(anonymous_22)
FNDA:0,(anonymous_23)
FNDA:0,(anonymous_24)
FNDA:0,(anonymous_25)
FNDA:0,(anonymous_26)
FNDA:0,(anonymous_27)
DA:6,0
DA:8,0
DA:9,0
DA:10,0
DA:11,0
DA:13,0
DA:16,0
DA:17,0
DA:21,0
DA:22,0
DA:25,0
DA:26,0
DA:30,0
DA:31,0
DA:32,0
DA:35,0
DA:36,0
DA:37,0
DA:38,0
DA:42,0
DA:45,0
DA:47,0
DA:48,0
DA:53,0
DA:54,0
DA:55,0
DA:56,0
DA:57,0
DA:62,0
DA:63,0
DA:66,0
DA:72,0
DA:73,0
DA:74,0
DA:76,0
DA:81,0
DA:82,0
DA:86,0
DA:87,0
DA:91,0
DA:92,0
DA:93,0
DA:98,0
DA:99,0
DA:102,0
DA:104,0
DA:106,0
DA:108,0
DA:109,0
DA:110,0
DA:115,0
DA:116,0
DA:117,0
DA:119,0
DA:122,0
DA:123,0
DA:126,0
DA:128,0
DA:130,0
DA:132,0
DA:133,0
DA:134,0
DA:139,0
DA:140,0
DA:141,0
DA:143,0
DA:148,0
DA:149,0
DA:150,0
DA:155,0
DA:156,0
DA:159,0
DA:161,0
DA:163,0
DA:165,0
DA:166,0
DA:167,0
DA:172,0
DA:173,0
DA:174,0
DA:176,0
DA:179,0
DA:180,0
DA:183,0
DA:185,0
DA:187,0
DA:189,0
DA:190,0
DA:191,0
DA:196,0
DA:197,0
DA:198,0
DA:200,0
DA:205,0
DA:206,0
DA:207,0
DA:208,0
DA:209,0
DA:212,0
DA:214,0
DA:216,0
DA:217,0
DA:218,0
DA:223,0
DA:224,0
DA:232,0
DA:233,0
DA:234,0
DA:236,0
DA:237,0
DA:238,0
DA:239,0
DA:241,0
DA:244,0
DA:245,0
DA:246,0
DA:247,0
DA:249,0
DA:252,0
DA:259,0
DA:260,0
DA:262,0
DA:263,0
DA:267,0
DA:268,0
DA:273,0
DA:281,0
DA:282,0
DA:283,0
DA:289,0
DA:291,0
DA:292,0
DA:297,0
DA:298,0
DA:299,0
DA:303,0
DA:304,0
DA:309,0
DA:314,0
DA:317,0
DA:319,0
DA:320,0
DA:324,0
DA:354,0
LF:144
LH:0
BRDA:10,0,0,0
BRDA:10,0,1,0
BRDA:36,1,0,0
BRDA:36,1,1,0
BRDA:56,2,0,0
BRDA:56,2,1,0
BRDA:58,3,0,0
BRDA:58,3,1,0
BRDA:59,4,0,0
BRDA:59,4,1,0
BRDA:140,5,0,0
BRDA:140,5,1,0
BRDA:197,6,0,0
BRDA:197,6,1,0
BRDA:237,7,0,0
BRDA:237,7,1,0
BRDA:238,8,0,0
BRDA:238,8,1,0
BRDA:245,9,0,0
BRDA:245,9,1,0
BRDA:246,10,0,0
BRDA:246,10,1,0
BRDA:263,11,0,0
BRDA:263,11,1,0
BRDA:268,12,0,0
BRDA:268,12,1,0
BRDA:268,12,2,0
BRDA:299,13,0,0
BRDA:299,13,1,0
BRDA:303,14,0,0
BRDA:303,14,1,0
BRDA:303,15,0,0
BRDA:303,15,1,0
BRF:33
BRH:0
end_of_record
TN:
SF:components/context/LoadingContext.js
FN:15,(anonymous_0)
FN:23,(anonymous_1)
FN:34,(anonymous_2)
FN:46,(anonymous_3)
FN:59,(anonymous_4)
FN:68,(anonymous_5)
FN:69,(anonymous_6)
FN:76,(anonymous_7)
FN:84,(anonymous_8)
FN:89,(anonymous_9)
FN:97,(anonymous_10)
FN:103,(anonymous_11)
FN:120,(anonymous_12)
FN:195,(anonymous_13)
FNF:14
FNH:0
FNDA:0,(anonymous_0)
FNDA:0,(anonymous_1)
FNDA:0,(anonymous_2)
FNDA:0,(anonymous_3)
FNDA:0,(anonymous_4)
FNDA:0,(anonymous_5)
FNDA:0,(anonymous_6)
FNDA:0,(anonymous_7)
FNDA:0,(anonymous_8)
FNDA:0,(anonymous_9)
FNDA:0,(anonymous_10)
FNDA:0,(anonymous_11)
FNDA:0,(anonymous_12)
FNDA:0,(anonymous_13)
DA:13,0
DA:15,0
DA:16,0
DA:17,0
DA:18,0
DA:20,0
DA:23,0
DA:24,0
DA:31,0
DA:34,0
DA:35,0
DA:36,0
DA:46,0
DA:47,0
DA:54,0
DA:55,0
DA:59,0
DA:60,0
DA:68,0
DA:69,0
DA:76,0
DA:77,0
DA:84,0
DA:85,0
DA:89,0
DA:90,0
DA:97,0
DA:98,0
DA:103,0
DA:104,0
DA:105,0
DA:106,0
DA:107,0
DA:108,0
DA:110,0
DA:111,0
DA:115,0
DA:120,0
DA:121,0
DA:123,0
DA:125,0
DA:135,0
DA:145,0
DA:163,0
DA:176,0
DA:196,0
DA:197,0
DA:199,0
DA:204,0
DA:220,0
LF:50
LH:0
BRDA:17,0,0,0
BRDA:17,0,1,0
BRDA:46,1,0,0
BRDA:46,2,0,0
BRDA:46,3,0,0
BRDA:54,4,0,0
BRDA:54,4,1,0
BRDA:68,5,0,0
BRDA:72,6,0,0
BRDA:72,6,1,0
BRDA:76,7,0,0
BRDA:76,8,0,0
BRDA:89,9,0,0
BRDA:89,10,0,0
BRDA:103,11,0,0
BRDA:110,12,0,0
BRDA:110,12,1,0
BRDA:123,13,0,0
BRDA:123,13,1,0
BRDA:123,13,2,0
BRDA:123,13,3,0
BRDA:130,14,0,0
BRDA:130,14,1,0
BRDA:140,15,0,0
BRDA:140,15,1,0
BRDA:158,16,0,0
BRDA:158,16,1,0
BRDA:170,17,0,0
BRDA:170,17,1,0
BRDA:196,18,0,0
BRDA:196,18,1,0
BRDA:207,19,0,0
BRDA:207,19,1,0
BRF:33
BRH:0
end_of_record
TN:
SF:components/context/ThemeContext.js
FN:63,(anonymous_0)
FN:67,(anonymous_1)
FN:71,(anonymous_2)
FN:84,(anonymous_3)
FN:110,(anonymous_4)
FNF:5
FNH:0
FNDA:0,(anonymous_0)
FNDA:0,(anonymous_1)
FNDA:0,(anonymous_2)
FNDA:0,(anonymous_3)
FNDA:0,(anonymous_4)
DA:4,0
DA:6,0
DA:42,0
DA:63,0
DA:64,0
DA:65,0
DA:67,0
DA:68,0
DA:71,0
DA:72,0
DA:73,0
DA:74,0
DA:75,0
DA:78,0
DA:80,0
DA:84,0
DA:85,0
DA:86,0
DA:87,0
DA:88,0
DA:90,0
DA:94,0
DA:96,0
DA:103,0
DA:110,0
DA:111,0
DA:112,0
DA:113,0
DA:115,0
LF:29
LH:0
BRDA:74,0,0,0
BRDA:74,0,1,0
BRDA:94,1,0,0
BRDA:94,1,1,0
BRDA:112,2,0,0
BRDA:112,2,1,0
BRF:6
BRH:0
end_of_record
TN:
SF:components/shared/EmptyState.js
FN:10,(anonymous_0)
FNF:1
FNH:0
FNDA:0,(anonymous_0)
DA:10,0
DA:26,0
DA:46,0
LF:3
LH:0
BRDA:11,0,0,0
BRDA:12,1,0,0
BRDA:13,2,0,0
BRDA:14,3,0,0
BRDA:15,4,0,0
BRDA:17,5,0,0
BRDA:18,6,0,0
BRDA:24,7,0,0
BRDA:31,8,0,0
BRDA:31,8,1,0
BRDA:31,8,2,0
BRF:11
BRH:0
end_of_record
TN:
SF:components/shared/ErrorState.js
FN:10,(anonymous_0)
FNF:1
FNH:0
FNDA:0,(anonymous_0)
DA:10,0
DA:25,0
DA:45,0
LF:3
LH:0
BRDA:11,0,0,0
BRDA:12,1,0,0
BRDA:14,2,0,0
BRDA:15,3,0,0
BRDA:16,4,0,0
BRDA:17,5,0,0
BRDA:23,6,0,0
BRDA:30,7,0,0
BRDA:30,7,1,0
BRDA:30,7,2,0
BRF:10
BRH:0
end_of_record
TN:
SF:components/shared/ImageCacheManager.js
FN:5,(anonymous_0)
FN:13,(anonymous_1)
FN:25,(anonymous_2)
FN:29,(anonymous_3)
FN:62,(anonymous_4)
FN:80,(anonymous_5)
FN:89,(anonymous_6)
FNF:7
FNH:0
FNDA:0,(anonymous_0)
FNDA:0,(anonymous_1)
FNDA:0,(anonymous_2)
FNDA:0,(anonymous_3)
FNDA:0,(anonymous_4)
FNDA:0,(anonymous_5)
FNDA:0,(anonymous_6)
DA:6,0
DA:7,0
DA:8,0
DA:9,0
DA:10,0
DA:14,0
DA:15,0
DA:16,0
DA:17,0
DA:19,0
DA:21,0
DA:26,0
DA:30,0
DA:32,0
DA:33,0
DA:35,0
DA:36,0
DA:38,0
DA:40,0
DA:41,0
DA:42,0
DA:45,0
DA:50,0
DA:52,0
DA:53,0
DA:56,0
DA:59,0
DA:63,0
DA:64,0
DA:65,0
DA:67,0
DA:68,0
DA:69,0
DA:71,0
DA:72,0
DA:76,0
DA:81,0
DA:82,0
DA:83,0
DA:85,0
DA:90,0
DA:91,0
DA:92,0
DA:94,0
DA:95,0
DA:96,0
DA:97,0
DA:100,0
DA:102,0
DA:103,0
LF:50
LH:0
BRDA:16,0,0,0
BRDA:16,0,1,0
BRDA:30,1,0,0
BRDA:30,1,1,0
BRDA:38,2,0,0
BRDA:38,2,1,0
BRDA:41,3,0,0
BRDA:41,3,1,0
BRDA:52,4,0,0
BRDA:52,4,1,0
BRDA:71,5,0,0
BRDA:71,5,1,0
BRDA:97,6,0,0
BRDA:97,6,1,0
BRF:14
BRH:0
end_of_record
TN:
SF:components/shared/LazyImage.js
FN:10,(anonymous_0)
FN:25,(anonymous_1)
FN:35,(anonymous_2)
FN:41,(anonymous_3)
FN:47,(anonymous_4)
FNF:5
FNH:0
FNDA:0,(anonymous_0)
FNDA:0,(anonymous_1)
FNDA:0,(anonymous_2)
FNDA:0,(anonymous_3)
FNDA:0,(anonymous_4)
DA:10,0
DA:21,0
DA:22,0
DA:23,0
DA:25,0
DA:26,0
DA:27,0
DA:35,0
DA:36,0
DA:37,0
DA:38,0
DA:41,0
DA:42,0
DA:43,0
DA:44,0
DA:47,0
DA:48,0
DA:49,0
DA:52,0
DA:67,0
DA:68,0
DA:71,0
DA:100,0
LF:23
LH:0
BRDA:13,0,0,0
BRDA:14,1,0,0
BRDA:15,2,0,0
BRDA:16,3,0,0
BRDA:26,4,0,0
BRDA:26,4,1,0
BRDA:26,5,0,0
BRDA:26,5,1,0
BRDA:38,6,0,0
BRDA:38,6,1,0
BRDA:44,7,0,0
BRDA:44,7,1,0
BRDA:48,8,0,0
BRDA:48,8,1,0
BRDA:54,9,0,0
BRDA:54,9,1,0
BRDA:54,9,2,0
BRDA:57,10,0,0
BRDA:57,10,1,0
BRDA:67,11,0,0
BRDA:67,11,1,0
BRDA:67,12,0,0
BRDA:67,12,1,0
BRDA:67,12,2,0
BRDA:74,13,0,0
BRDA:74,13,1,0
BRDA:74,13,2,0
BRDA:84,14,0,0
BRDA:84,14,1,0
BRDA:84,15,0,0
BRDA:84,15,1,0
BRF:31
BRH:0
end_of_record
TN:
SF:components/shared/LazyImageWithIntersection.js
FN:13,(anonymous_0)
FN:34,(anonymous_1)
FN:44,(anonymous_2)
FN:46,(anonymous_3)
FN:61,(anonymous_4)
FN:64,(anonymous_5)
FN:67,(anonymous_6)
FN:73,(anonymous_7)
FN:79,(anonymous_8)
FN:84,(anonymous_9)
FNF:10
FNH:0
FNDA:0,(anonymous_0)
FNDA:0,(anonymous_1)
FNDA:0,(anonymous_2)
FNDA:0,(anonymous_3)
FNDA:0,(anonymous_4)
FNDA:0,(anonymous_5)
FNDA:0,(anonymous_6)
FNDA:0,(anonymous_7)
FNDA:0,(anonymous_8)
FNDA:0,(anonymous_9)
DA:11,0
DA:13,0
DA:27,0
DA:28,0
DA:29,0
DA:30,0
DA:31,0
DA:32,0
DA:34,0
DA:35,0
DA:36,0
DA:44,0
DA:45,0
DA:46,0
DA:47,0
DA:49,0
DA:50,0
DA:51,0
DA:52,0
DA:53,0
DA:54,0
DA:55,0
DA:61,0
DA:63,0
DA:64,0
DA:67,0
DA:68,0
DA:69,0
DA:70,0
DA:73,0
DA:74,0
DA:75,0
DA:76,0
DA:79,0
DA:80,0
DA:81,0
DA:84,0
DA:85,0
DA:86,0
DA:89,0
DA:109,0
DA:110,0
DA:121,0
DA:157,0
LF:44
LH:0
BRDA:16,0,0,0
BRDA:17,1,0,0
BRDA:18,2,0,0
BRDA:19,3,0,0
BRDA:20,4,0,0
BRDA:35,5,0,0
BRDA:35,5,1,0
BRDA:35,6,0,0
BRDA:35,6,1,0
BRDA:35,6,2,0
BRDA:45,7,0,0
BRDA:45,7,1,0
BRDA:47,8,0,0
BRDA:47,8,1,0
BRDA:49,9,0,0
BRDA:49,9,1,0
BRDA:49,10,0,0
BRDA:49,10,1,0
BRDA:52,11,0,0
BRDA:52,11,1,0
BRDA:53,12,0,0
BRDA:53,12,1,0
BRDA:53,13,0,0
BRDA:53,13,1,0
BRDA:55,14,0,0
BRDA:55,14,1,0
BRDA:70,15,0,0
BRDA:70,15,1,0
BRDA:76,16,0,0
BRDA:76,16,1,0
BRDA:85,17,0,0
BRDA:85,17,1,0
BRDA:91,18,0,0
BRDA:91,18,1,0
BRDA:91,18,2,0
BRDA:94,19,0,0
BRDA:94,19,1,0
BRDA:99,20,0,0
BRDA:99,20,1,0
BRDA:99,20,2,0
BRDA:99,20,3,0
BRDA:109,21,0,0
BRDA:109,21,1,0
BRDA:109,22,0,0
BRDA:109,22,1,0
BRDA:109,22,2,0
BRDA:128,23,0,0
BRDA:128,23,1,0
BRDA:128,23,2,0
BRDA:128,23,3,0
BRDA:135,24,0,0
BRDA:135,24,1,0
BRDA:139,25,0,0
BRDA:139,25,1,0
BRDA:139,26,0,0
BRDA:139,26,1,0
BRF:56
BRH:0
end_of_record
TN:
SF:components/shared/LoadingState.js
FN:9,(anonymous_0)
FNF:1
FNH:0
FNDA:0,(anonymous_0)
DA:9,0
DA:17,0
DA:27,0
LF:3
LH:0
BRDA:10,0,0,0
BRDA:11,1,0,0
BRDA:12,2,0,0
BRDA:15,3,0,0
BRDA:20,4,0,0
BRDA:20,4,1,0
BRF:6
BRH:0
end_of_record
TN:
SF:components/shared/OptimizedLazyImage.js
FN:15,(anonymous_0)
FN:40,(anonymous_1)
FN:42,(anonymous_2)
FN:47,(anonymous_3)
FN:57,(anonymous_4)
FN:61,(anonymous_5)
FN:81,(anonymous_6)
FN:111,(anonymous_7)
FN:117,(anonymous_8)
FN:119,(anonymous_9)
FN:124,(anonymous_10)
FN:127,(anonymous_11)
FN:134,(anonymous_12)
FN:141,(anonymous_13)
FN:147,(anonymous_14)
FN:171,(anonymous_15)
FNF:16
FNH:0
FNDA:0,(anonymous_0)
FNDA:0,(anonymous_1)
FNDA:0,(anonymous_2)
FNDA:0,(anonymous_3)
FNDA:0,(anonymous_4)
FNDA:0,(anonymous_5)
FNDA:0,(anonymous_6)
FNDA:0,(anonymous_7)
FNDA:0,(anonymous_8)
FNDA:0,(anonymous_9)
FNDA:0,(anonymous_10)
FNDA:0,(anonymous_11)
FNDA:0,(anonymous_12)
FNDA:0,(anonymous_13)
FNDA:0,(anonymous_14)
FNDA:0,(anonymous_15)
DA:13,0
DA:15,0
DA:31,0
DA:32,0
DA:33,0
DA:34,0
DA:35,0
DA:36,0
DA:37,0
DA:38,0
DA:40,0
DA:41,0
DA:42,0
DA:43,0
DA:47,0
DA:48,0
DA:49,0
DA:57,0
DA:58,0
DA:60,0
DA:61,0
DA:62,0
DA:64,0
DA:66,0
DA:67,0
DA:68,0
DA:69,0
DA:70,0
DA:71,0
DA:72,0
DA:73,0
DA:77,0
DA:81,0
DA:82,0
DA:84,0
DA:85,0
DA:87,0
DA:88,0
DA:91,0
DA:92,0
DA:93,0
DA:94,0
DA:98,0
DA:99,0
DA:102,0
DA:104,0
DA:105,0
DA:106,0
DA:111,0
DA:112,0
DA:113,0
DA:117,0
DA:119,0
DA:120,0
DA:121,0
DA:124,0
DA:127,0
DA:128,0
DA:129,0
DA:130,0
DA:131,0
DA:134,0
DA:135,0
DA:136,0
DA:137,0
DA:138,0
DA:141,0
DA:142,0
DA:143,0
DA:144,0
DA:147,0
DA:148,0
DA:149,0
DA:152,0
DA:171,0
DA:172,0
DA:174,0
DA:187,0
DA:188,0
DA:199,0
DA:238,0
LF:81
LH:0
BRDA:18,0,0,0
BRDA:19,1,0,0
BRDA:20,2,0,0
BRDA:21,3,0,0
BRDA:22,4,0,0
BRDA:23,5,0,0
BRDA:24,6,0,0
BRDA:48,7,0,0
BRDA:48,7,1,0
BRDA:48,8,0,0
BRDA:48,8,1,0
BRDA:48,8,2,0
BRDA:48,8,3,0
BRDA:58,9,0,0
BRDA:58,9,1,0
BRDA:58,10,0,0
BRDA:58,10,1,0
BRDA:62,11,0,0
BRDA:62,11,1,0
BRDA:64,12,0,0
BRDA:64,12,1,0
BRDA:66,13,0,0
BRDA:66,13,1,0
BRDA:66,14,0,0
BRDA:66,14,1,0
BRDA:69,15,0,0
BRDA:69,15,1,0
BRDA:71,16,0,0
BRDA:71,16,1,0
BRDA:71,17,0,0
BRDA:71,17,1,0
BRDA:73,18,0,0
BRDA:73,18,1,0
BRDA:82,19,0,0
BRDA:82,19,1,0
BRDA:82,20,0,0
BRDA:82,20,1,0
BRDA:82,20,2,0
BRDA:82,20,3,0
BRDA:82,20,4,0
BRDA:88,21,0,0
BRDA:88,21,1,0
BRDA:91,22,0,0
BRDA:91,22,1,0
BRDA:91,23,0,0
BRDA:91,23,1,0
BRDA:91,23,2,0
BRDA:93,24,0,0
BRDA:93,24,1,0
BRDA:93,25,0,0
BRDA:93,25,1,0
BRDA:98,26,0,0
BRDA:98,26,1,0
BRDA:104,27,0,0
BRDA:104,27,1,0
BRDA:105,28,0,0
BRDA:105,28,1,0
BRDA:112,29,0,0
BRDA:112,29,1,0
BRDA:112,30,0,0
BRDA:112,30,1,0
BRDA:112,30,2,0
BRDA:120,31,0,0
BRDA:120,31,1,0
BRDA:128,32,0,0
BRDA:128,32,1,0
BRDA:131,33,0,0
BRDA:131,33,1,0
BRDA:135,34,0,0
BRDA:135,34,1,0
BRDA:138,35,0,0
BRDA:138,35,1,0
BRDA:142,36,0,0
BRDA:142,36,1,0
BRDA:148,37,0,0
BRDA:148,37,1,0
BRDA:154,38,0,0
BRDA:154,38,1,0
BRDA:154,38,2,0
BRDA:157,39,0,0
BRDA:157,39,1,0
BRDA:162,40,0,0
BRDA:162,40,1,0
BRDA:162,40,2,0
BRDA:162,40,3,0
BRDA:172,41,0,0
BRDA:172,41,1,0
BRDA:172,42,0,0
BRDA:172,42,1,0
BRDA:175,43,0,0
BRDA:175,43,1,0
BRDA:187,44,0,0
BRDA:187,44,1,0
BRDA:187,45,0,0
BRDA:187,45,1,0
BRDA:187,45,2,0
BRDA:206,46,0,0
BRDA:206,46,1,0
BRDA:206,46,2,0
BRDA:206,46,3,0
BRDA:216,47,0,0
BRDA:216,47,1,0
BRDA:216,47,2,0
BRDA:220,48,0,0
BRDA:220,48,1,0
BRDA:220,49,0,0
BRDA:220,49,1,0
BRF:107
BRH:0
end_of_record
TN:
SF:components/shared/ValidatedInput.js
FN:12,(anonymous_0)
FN:119,(anonymous_1)
FN:123,(anonymous_2)
FN:128,(anonymous_3)
FN:132,(anonymous_4)
FNF:5
FNH:0
FNDA:0,(anonymous_0)
FNDA:0,(anonymous_1)
FNDA:0,(anonymous_2)
FNDA:0,(anonymous_3)
FNDA:0,(anonymous_4)
DA:12,0
DA:39,0
DA:40,0
DA:42,0
DA:44,0
DA:117,0
DA:119,0
DA:120,0
DA:123,0
DA:124,0
DA:125,0
DA:128,0
DA:129,0
DA:132,0
DA:133,0
DA:134,0
DA:145,0
DA:146,0
DA:155,0
DA:158,0
LF:20
LH:0
BRDA:20,0,0,0
BRDA:21,1,0,0
BRDA:22,2,0,0
BRDA:23,3,0,0
BRDA:24,4,0,0
BRDA:26,5,0,0
BRDA:29,6,0,0
BRDA:35,7,0,0
BRDA:36,8,0,0
BRDA:42,9,0,0
BRDA:42,9,1,0
BRDA:68,10,0,0
BRDA:68,10,1,0
BRDA:86,11,0,0
BRDA:86,11,1,0
BRDA:125,12,0,0
BRDA:125,12,1,0
BRDA:133,13,0,0
BRDA:133,13,1,0
BRDA:137,14,0,0
BRDA:137,14,1,0
BRDA:145,15,0,0
BRDA:145,15,1,0
BRDA:145,16,0,0
BRDA:145,16,1,0
BRDA:145,16,2,0
BRDA:160,17,0,0
BRDA:160,17,1,0
BRDA:163,18,0,0
BRDA:163,18,1,0
BRDA:169,19,0,0
BRDA:169,19,1,0
BRDA:170,20,0,0
BRDA:170,20,1,0
BRDA:172,21,0,0
BRDA:172,21,1,0
BRDA:186,22,0,0
BRDA:186,22,1,0
BRDA:196,23,0,0
BRDA:196,23,1,0
BRDA:203,24,0,0
BRDA:203,24,1,0
BRDA:215,25,0,0
BRDA:215,25,1,0
BRDA:215,25,2,0
BRDA:217,26,0,0
BRDA:217,26,1,0
BRF:47
BRH:0
end_of_record
TN:
SF:hooks/useAsyncState.js
FN:3,(anonymous_0)
FN:8,(anonymous_1)
FN:24,(anonymous_2)
FN:30,(anonymous_3)
FN:34,(anonymous_4)
FNF:5
FNH:0
FNDA:0,(anonymous_0)
FNDA:0,(anonymous_1)
FNDA:0,(anonymous_2)
FNDA:0,(anonymous_3)
FNDA:0,(anonymous_4)
DA:3,0
DA:4,0
DA:5,0
DA:6,0
DA:8,0
DA:9,0
DA:10,0
DA:11,0
DA:13,0
DA:14,0
DA:15,0
DA:17,0
DA:18,0
DA:20,0
DA:24,0
DA:25,0
DA:26,0
DA:27,0
DA:30,0
DA:31,0
DA:34,0
DA:35,0
DA:38,0
LF:23
LH:0
BRDA:3,0,0,0
BRF:1
BRH:0
end_of_record
TN:
SF:hooks/useDeliveryTracking.js
FN:6,(anonymous_0)
FN:13,(anonymous_1)
FN:18,(anonymous_2)
FN:30,(anonymous_3)
FN:51,(anonymous_4)
FN:92,(anonymous_5)
FN:96,(anonymous_6)
FN:119,(anonymous_7)
FN:151,(anonymous_8)
FN:155,(anonymous_9)
FN:163,(anonymous_10)
FN:164,(anonymous_11)
FNF:12
FNH:0
FNDA:0,(anonymous_0)
FNDA:0,(anonymous_1)
FNDA:0,(anonymous_2)
FNDA:0,(anonymous_3)
FNDA:0,(anonymous_4)
FNDA:0,(anonymous_5)
FNDA:0,(anonymous_6)
FNDA:0,(anonymous_7)
FNDA:0,(anonymous_8)
FNDA:0,(anonymous_9)
FNDA:0,(anonymous_10)
FNDA:0,(anonymous_11)
DA:6,0
DA:7,0
DA:8,0
DA:9,0
DA:10,0
DA:11,0
DA:13,0
DA:14,0
DA:16,0
DA:18,0
DA:19,0
DA:21,0
DA:27,0
DA:30,0
DA:31,0
DA:33,0
DA:43,0
DA:46,0
DA:47,0
DA:51,0
DA:52,0
DA:53,0
DA:54,0
DA:55,0
DA:58,0
DA:59,0
DA:60,0
DA:62,0
DA:64,0
DA:66,0
DA:67,0
DA:68,0
DA:70,0
DA:73,0
DA:74,0
DA:78,0
DA:79,0
DA:82,0
DA:85,0
DA:86,0
DA:88,0
DA:92,0
DA:93,0
DA:96,0
DA:97,0
DA:99,0
DA:100,0
DA:105,0
DA:107,0
DA:109,0
DA:110,0
DA:113,0
DA:114,0
DA:115,0
DA:119,0
DA:120,0
DA:122,0
DA:123,0
DA:131,0
DA:133,0
DA:140,0
DA:142,0
DA:143,0
DA:146,0
DA:147,0
DA:151,0
DA:152,0
DA:155,0
DA:156,0
DA:157,0
DA:163,0
DA:164,0
DA:165,0
DA:166,0
DA:171,0
LF:75
LH:0
BRDA:16,0,0,0
BRDA:16,0,1,0
BRDA:16,0,2,0
BRDA:19,1,0,0
BRDA:19,1,1,0
BRDA:24,2,0,0
BRDA:24,2,1,0
BRDA:31,3,0,0
BRDA:31,3,1,0
BRDA:36,4,0,0
BRDA:36,4,1,0
BRDA:38,5,0,0
BRDA:38,5,1,0
BRDA:52,6,0,0
BRDA:52,6,1,0
BRDA:66,7,0,0
BRDA:66,7,1,0
BRDA:73,8,0,0
BRDA:73,8,1,0
BRDA:82,9,0,0
BRDA:82,9,1,0
BRDA:86,10,0,0
BRDA:86,10,1,0
BRDA:86,10,2,0
BRDA:96,11,0,0
BRDA:97,12,0,0
BRDA:97,12,1,0
BRDA:105,13,0,0
BRDA:105,13,1,0
BRDA:109,14,0,0
BRDA:109,14,1,0
BRDA:114,15,0,0
BRDA:114,15,1,0
BRDA:114,15,2,0
BRDA:120,16,0,0
BRDA:120,16,1,0
BRDA:131,17,0,0
BRDA:131,17,1,0
BRDA:156,18,0,0
BRDA:156,18,1,0
BRDA:165,19,0,0
BRDA:165,19,1,0
BRF:42
BRH:0
end_of_record
TN:
SF:hooks/useFormValidation.js
FN:3,(anonymous_0)
FN:11,(anonymous_1)
FN:18,(anonymous_2)
FN:26,(anonymous_3)
FN:26,(anonymous_4)
FN:33,(anonymous_5)
FN:33,(anonymous_6)
FN:40,(anonymous_7)
FN:48,(anonymous_8)
FN:58,(anonymous_9)
FN:58,(anonymous_10)
FN:65,(anonymous_11)
FN:76,(anonymous_12)
FN:76,(anonymous_13)
FN:82,(anonymous_14)
FN:118,(anonymous_15)
FN:122,(anonymous_16)
FN:136,(anonymous_17)
FN:137,(anonymous_18)
FN:145,(anonymous_19)
FN:153,(anonymous_20)
FN:154,(anonymous_21)
FN:161,(anonymous_22)
FN:168,(anonymous_23)
FN:176,(anonymous_24)
FN:177,(anonymous_25)
FN:184,(anonymous_26)
FNF:27
FNH:0
FNDA:0,(anonymous_0)
FNDA:0,(anonymous_1)
FNDA:0,(anonymous_2)
FNDA:0,(anonymous_3)
FNDA:0,(anonymous_4)
FNDA:0,(anonymous_5)
FNDA:0,(anonymous_6)
FNDA:0,(anonymous_7)
FNDA:0,(anonymous_8)
FNDA:0,(anonymous_9)
FNDA:0,(anonymous_10)
FNDA:0,(anonymous_11)
FNDA:0,(anonymous_12)
FNDA:0,(anonymous_13)
FNDA:0,(anonymous_14)
FNDA:0,(anonymous_15)
FNDA:0,(anonymous_16)
FNDA:0,(anonymous_17)
FNDA:0,(anonymous_18)
FNDA:0,(anonymous_19)
FNDA:0,(anonymous_20)
FNDA:0,(anonymous_21)
FNDA:0,(anonymous_22)
FNDA:0,(anonymous_23)
FNDA:0,(anonymous_24)
FNDA:0,(anonymous_25)
FNDA:0,(anonymous_26)
DA:3,0
DA:4,0
DA:5,0
DA:6,0
DA:7,0
DA:10,0
DA:12,0
DA:13,0
DA:15,0
DA:19,0
DA:20,0
DA:21,0
DA:23,0
DA:26,0
DA:27,0
DA:28,0
DA:30,0
DA:33,0
DA:34,0
DA:35,0
DA:37,0
DA:41,0
DA:42,0
DA:43,0
DA:45,0
DA:49,0
DA:50,0
DA:52,0
DA:53,0
DA:55,0
DA:58,0
DA:59,0
DA:60,0
DA:62,0
DA:66,0
DA:67,0
DA:68,0
DA:70,0
DA:71,0
DA:73,0
DA:76,0
DA:77,0
DA:82,0
DA:83,0
DA:84,0
DA:86,0
DA:87,0
DA:89,0
DA:91,0
DA:92,0
DA:94,0
DA:95,0
DA:96,0
DA:97,0
DA:99,0
DA:101,0
DA:102,0
DA:105,0
DA:107,0
DA:110,0
DA:111,0
DA:114,0
DA:118,0
DA:119,0
DA:120,0
DA:122,0
DA:123,0
DA:124,0
DA:125,0
DA:126,0
DA:130,0
DA:131,0
DA:132,0
DA:136,0
DA:137,0
DA:143,0
DA:144,0
DA:145,0
DA:153,0
DA:154,0
DA:160,0
DA:161,0
DA:168,0
DA:169,0
DA:170,0
DA:171,0
DA:172,0
DA:176,0
DA:177,0
DA:184,0
DA:185,0
DA:186,0
DA:187,0
DA:191,0
LF:94
LH:0
BRDA:12,0,0,0
BRDA:12,0,1,0
BRDA:12,1,0,0
BRDA:12,1,1,0
BRDA:12,1,2,0
BRDA:20,2,0,0
BRDA:20,2,1,0
BRDA:20,3,0,0
BRDA:20,3,1,0
BRDA:27,4,0,0
BRDA:27,4,1,0
BRDA:27,5,0,0
BRDA:27,5,1,0
BRDA:34,6,0,0
BRDA:34,6,1,0
BRDA:34,7,0,0
BRDA:34,7,1,0
BRDA:42,8,0,0
BRDA:42,8,1,0
BRDA:42,9,0,0
BRDA:42,9,1,0
BRDA:49,10,0,0
BRDA:49,10,1,0
BRDA:49,11,0,0
BRDA:49,11,1,0
BRDA:52,12,0,0
BRDA:52,12,1,0
BRDA:52,13,0,0
BRDA:52,13,1,0
BRDA:59,14,0,0
BRDA:59,14,1,0
BRDA:59,15,0,0
BRDA:59,15,1,0
BRDA:67,16,0,0
BRDA:67,16,1,0
BRDA:67,17,0,0
BRDA:67,17,1,0
BRDA:70,18,0,0
BRDA:70,18,1,0
BRDA:70,19,0,0
BRDA:70,19,1,0
BRDA:84,20,0,0
BRDA:84,20,1,0
BRDA:89,21,0,0
BRDA:89,21,1,0
BRDA:92,22,0,0
BRDA:92,22,1,0
BRDA:95,23,0,0
BRDA:95,23,1,0
BRDA:96,24,0,0
BRDA:96,24,1,0
BRDA:101,25,0,0
BRDA:101,25,1,0
BRDA:101,26,0,0
BRDA:101,26,1,0
BRDA:105,27,0,0
BRDA:105,27,1,0
BRDA:110,28,0,0
BRDA:110,28,1,0
BRDA:124,29,0,0
BRDA:124,29,1,0
BRDA:143,30,0,0
BRDA:143,30,1,0
BRDA:186,31,0,0
BRDA:186,31,1,0
BRF:65
BRH:0
end_of_record
TN:
SF:services/LocationService.js
FN:6,(anonymous_0)
FN:13,(anonymous_1)
FN:47,(anonymous_2)
FN:58,(anonymous_3)
FN:71,(anonymous_4)
FN:87,(anonymous_5)
FN:89,(anonymous_6)
FN:101,(anonymous_7)
FN:124,(anonymous_8)
FN:141,(anonymous_9)
FN:156,(anonymous_10)
FN:169,(anonymous_11)
FN:178,(anonymous_12)
FN:195,(anonymous_13)
FN:206,(anonymous_14)
FN:211,(anonymous_15)
FN:223,(anonymous_16)
FN:262,(anonymous_17)
FN:274,(anonymous_18)
FN:295,(anonymous_19)
FN:318,(anonymous_20)
FN:323,(anonymous_21)
FNF:22
FNH:0
FNDA:0,(anonymous_0)
FNDA:0,(anonymous_1)
FNDA:0,(anonymous_2)
FNDA:0,(anonymous_3)
FNDA:0,(anonymous_4)
FNDA:0,(anonymous_5)
FNDA:0,(anonymous_6)
FNDA:0,(anonymous_7)
FNDA:0,(anonymous_8)
FNDA:0,(anonymous_9)
FNDA:0,(anonymous_10)
FNDA:0,(anonymous_11)
FNDA:0,(anonymous_12)
FNDA:0,(anonymous_13)
FNDA:0,(anonymous_14)
FNDA:0,(anonymous_15)
FNDA:0,(anonymous_16)
FNDA:0,(anonymous_17)
FNDA:0,(anonymous_18)
FNDA:0,(anonymous_19)
FNDA:0,(anonymous_20)
FNDA:0,(anonymous_21)
DA:7,0
DA:8,0
DA:9,0
DA:14,0
DA:15,0
DA:16,0
DA:27,0
DA:28,0
DA:29,0
DA:30,0
DA:32,0
DA:33,0
DA:36,0
DA:37,0
DA:41,0
DA:42,0
DA:48,0
DA:59,0
DA:60,0
DA:62,0
DA:72,0
DA:80,0
DA:81,0
DA:82,0
DA:83,0
DA:87,0
DA:88,0
DA:90,0
DA:97,0
DA:98,0
DA:99,0
DA:102,0
DA:104,0
DA:106,0
DA:107,0
DA:109,0
DA:110,0
DA:112,0
DA:113,0
DA:115,0
DA:125,0
DA:133,0
DA:134,0
DA:135,0
DA:136,0
DA:140,0
DA:142,0
DA:149,0
DA:150,0
DA:152,0
DA:153,0
DA:157,0
DA:158,0
DA:159,0
DA:165,0
DA:170,0
DA:171,0
DA:172,0
DA:173,0
DA:179,0
DA:180,0
DA:181,0
DA:184,0
DA:188,0
DA:189,0
DA:191,0
DA:196,0
DA:197,0
DA:198,0
DA:199,0
DA:201,0
DA:207,0
DA:212,0
DA:215,0
DA:217,0
DA:218,0
DA:224,0
DA:225,0
DA:226,0
DA:229,0
DA:232,0
DA:246,0
DA:248,0
DA:256,0
DA:257,0
DA:263,0
DA:264,0
DA:269,0
DA:275,0
DA:276,0
DA:277,0
DA:278,0
DA:279,0
DA:282,0
DA:283,0
DA:284,0
DA:287,0
DA:289,0
DA:290,0
DA:296,0
DA:298,0
DA:300,0
DA:303,0
DA:304,0
DA:305,0
DA:309,0
DA:310,0
DA:313,0
DA:319,0
DA:324,0
DA:325,0
DA:326,0
LF:112
LH:0
BRDA:14,0,0,0
BRDA:14,0,1,0
BRDA:27,1,0,0
BRDA:27,1,1,0
BRDA:59,2,0,0
BRDA:59,2,1,0
BRDA:71,3,0,0
BRDA:80,4,0,0
BRDA:80,4,1,0
BRDA:82,5,0,0
BRDA:82,5,1,0
BRDA:104,6,0,0
BRDA:104,6,1,0
BRDA:104,6,2,0
BRDA:104,6,3,0
BRDA:124,7,0,0
BRDA:133,8,0,0
BRDA:133,8,1,0
BRDA:135,9,0,0
BRDA:135,9,1,0
BRDA:152,10,0,0
BRDA:152,10,1,0
BRDA:158,11,0,0
BRDA:158,11,1,0
BRDA:170,12,0,0
BRDA:170,12,1,0
BRDA:196,13,0,0
BRDA:196,13,1,0
BRDA:198,14,0,0
BRDA:198,14,1,0
BRDA:223,15,0,0
BRDA:223,16,0,0
BRDA:225,17,0,0
BRDA:225,17,1,0
BRDA:240,18,0,0
BRDA:240,18,1,0
BRDA:277,19,0,0
BRDA:277,19,1,0
BRDA:282,20,0,0
BRDA:282,20,1,0
BRDA:304,21,0,0
BRDA:304,21,1,0
BRDA:309,22,0,0
BRDA:309,22,1,0
BRDA:319,23,0,0
BRDA:319,23,1,0
BRF:46
BRH:0
end_of_record
TN:
SF:services/NotificationService.js
FN:8,(anonymous_0)
FN:22,(anonymous_1)
FN:37,(anonymous_2)
FN:40,(anonymous_3)
FN:51,(anonymous_4)
FN:79,(anonymous_5)
FN:90,(anonymous_6)
FN:102,(anonymous_7)
FN:114,(anonymous_8)
FN:120,(anonymous_9)
FN:145,(anonymous_10)
FN:160,(anonymous_11)
FN:173,(anonymous_12)
FN:195,(anonymous_13)
FN:208,(anonymous_14)
FN:244,(anonymous_15)
FN:258,(anonymous_16)
FN:273,(anonymous_17)
FN:278,(anonymous_18)
FN:283,(anonymous_19)
FN:300,(anonymous_20)
FN:317,(anonymous_21)
FN:329,(anonymous_22)
FN:338,(anonymous_23)
FN:352,(anonymous_24)
FN:372,(anonymous_25)
FN:383,(anonymous_26)
FN:386,(anonymous_27)
FN:400,(anonymous_28)
FN:411,(anonymous_29)
FN:412,(anonymous_30)
FN:422,(anonymous_31)
FN:430,(anonymous_32)
FN:446,(anonymous_33)
FN:457,(anonymous_34)
FN:472,(anonymous_35)
FN:496,(anonymous_36)
FN:512,(anonymous_37)
FN:527,(anonymous_38)
FN:534,(anonymous_39)
FNF:40
FNH:0
FNDA:0,(anonymous_0)
FNDA:0,(anonymous_1)
FNDA:0,(anonymous_2)
FNDA:0,(anonymous_3)
FNDA:0,(anonymous_4)
FNDA:0,(anonymous_5)
FNDA:0,(anonymous_6)
FNDA:0,(anonymous_7)
FNDA:0,(anonymous_8)
FNDA:0,(anonymous_9)
FNDA:0,(anonymous_10)
FNDA:0,(anonymous_11)
FNDA:0,(anonymous_12)
FNDA:0,(anonymous_13)
FNDA:0,(anonymous_14)
FNDA:0,(anonymous_15)
FNDA:0,(anonymous_16)
FNDA:0,(anonymous_17)
FNDA:0,(anonymous_18)
FNDA:0,(anonymous_19)
FNDA:0,(anonymous_20)
FNDA:0,(anonymous_21)
FNDA:0,(anonymous_22)
FNDA:0,(anonymous_23)
FNDA:0,(anonymous_24)
FNDA:0,(anonymous_25)
FNDA:0,(anonymous_26)
FNDA:0,(anonymous_27)
FNDA:0,(anonymous_28)
FNDA:0,(anonymous_29)
FNDA:0,(anonymous_30)
FNDA:0,(anonymous_31)
FNDA:0,(anonymous_32)
FNDA:0,(anonymous_33)
FNDA:0,(anonymous_34)
FNDA:0,(anonymous_35)
FNDA:0,(anonymous_36)
FNDA:0,(anonymous_37)
FNDA:0,(anonymous_38)
FNDA:0,(anonymous_39)
DA:9,0
DA:10,0
DA:11,0
DA:12,0
DA:23,0
DA:25,0
DA:26,0
DA:27,0
DA:28,0
DA:29,0
DA:30,0
DA:32,0
DA:38,0
DA:41,0
DA:42,0
DA:45,0
DA:46,0
DA:52,0
DA:53,0
DA:54,0
DA:55,0
DA:75,0
DA:80,0
DA:82,0
DA:90,0
DA:94,0
DA:102,0
DA:106,0
DA:114,0
DA:121,0
DA:122,0
DA:124,0
DA:125,0
DA:128,0
DA:133,0
DA:134,0
DA:136,0
DA:139,0
DA:140,0
DA:146,0
DA:148,0
DA:150,0
DA:151,0
DA:152,0
DA:155,0
DA:159,0
DA:161,0
DA:162,0
DA:163,0
DA:168,0
DA:174,0
DA:175,0
DA:185,0
DA:186,0
DA:187,0
DA:190,0
DA:196,0
DA:199,0
DA:200,0
DA:204,0
DA:209,0
DA:211,0
DA:214,0
DA:216,0
DA:218,0
DA:222,0
DA:224,0
DA:226,0
DA:230,0
DA:232,0
DA:234,0
DA:239,0
DA:245,0
DA:254,0
DA:259,0
DA:269,0
DA:274,0
DA:279,0
DA:284,0
DA:285,0
DA:293,0
DA:295,0
DA:301,0
DA:302,0
DA:303,0
DA:306,0
DA:308,0
DA:309,0
DA:311,0
DA:312,0
DA:318,0
DA:319,0
DA:320,0
DA:321,0
DA:324,0
DA:330,0
DA:331,0
DA:333,0
DA:339,0
DA:340,0
DA:341,0
DA:342,0
DA:344,0
DA:346,0
DA:347,0
DA:353,0
DA:354,0
DA:355,0
DA:364,0
DA:365,0
DA:367,0
DA:373,0
DA:374,0
DA:375,0
DA:377,0
DA:378,0
DA:384,0
DA:385,0
DA:386,0
DA:387,0
DA:391,0
DA:392,0
DA:394,0
DA:395,0
DA:401,0
DA:402,0
DA:403,0
DA:405,0
DA:406,0
DA:412,0
DA:413,0
DA:414,0
DA:416,0
DA:423,0
DA:424,0
DA:431,0
DA:432,0
DA:433,0
DA:434,0
DA:437,0
DA:440,0
DA:441,0
DA:447,0
DA:458,0
DA:459,0
DA:461,0
DA:473,0
DA:475,0
DA:483,0
DA:497,0
DA:499,0
DA:513,0
DA:515,0
DA:528,0
DA:529,0
DA:530,0
DA:535,0
LF:157
LH:0
BRDA:23,0,0,0
BRDA:23,0,1,0
BRDA:45,1,0,0
BRDA:45,1,1,0
BRDA:80,2,0,0
BRDA:80,2,1,0
BRDA:90,3,0,0
BRDA:90,3,1,0
BRDA:102,4,0,0
BRDA:102,4,1,0
BRDA:114,5,0,0
BRDA:114,5,1,0
BRDA:122,6,0,0
BRDA:122,6,1,0
BRDA:133,7,0,0
BRDA:133,7,1,0
BRDA:133,8,0,0
BRDA:133,8,1,0
BRDA:133,8,2,0
BRDA:136,9,0,0
BRDA:136,9,1,0
BRDA:136,9,2,0
BRDA:148,10,0,0
BRDA:148,10,1,0
BRDA:151,11,0,0
BRDA:151,11,1,0
BRDA:179,12,0,0
BRDA:179,12,1,0
BRDA:180,13,0,0
BRDA:180,13,1,0
BRDA:185,14,0,0
BRDA:185,14,1,0
BRDA:199,15,0,0
BRDA:199,15,1,0
BRDA:211,16,0,0
BRDA:211,16,1,0
BRDA:211,16,2,0
BRDA:211,16,3,0
BRDA:214,17,0,0
BRDA:214,17,1,0
BRDA:222,18,0,0
BRDA:222,18,1,0
BRDA:230,19,0,0
BRDA:230,19,1,0
BRDA:289,20,0,0
BRDA:289,20,1,0
BRDA:320,21,0,0
BRDA:320,21,1,0
BRDA:341,22,0,0
BRDA:341,22,1,0
BRDA:375,23,0,0
BRDA:375,23,1,0
BRDA:387,24,0,0
BRDA:387,24,1,0
BRDA:413,25,0,0
BRDA:413,25,1,0
BRDA:423,26,0,0
BRDA:423,26,1,0
BRDA:432,27,0,0
BRDA:432,27,1,0
BRDA:434,28,0,0
BRDA:434,28,1,0
BRDA:434,28,2,0
BRDA:458,29,0,0
BRDA:458,29,1,0
BRDA:473,30,0,0
BRDA:473,30,1,0
BRDA:485,31,0,0
BRDA:485,31,1,0
BRDA:497,32,0,0
BRDA:497,32,1,0
BRF:71
BRH:0
end_of_record
TN:
SF:services/realTimeService.js
FN:16,(anonymous_0)
FN:25,(anonymous_1)
FN:33,(anonymous_2)
FN:63,(anonymous_3)
FN:64,(anonymous_4)
FN:65,(anonymous_5)
FN:81,(anonymous_6)
FN:90,(anonymous_7)
FN:98,(anonymous_8)
FN:113,(anonymous_9)
FN:118,(anonymous_10)
FN:122,(anonymous_11)
FN:127,(anonymous_12)
FN:132,(anonymous_13)
FN:137,(anonymous_14)
FN:142,(anonymous_15)
FN:146,(anonymous_16)
FN:153,(anonymous_17)
FN:182,(anonymous_18)
FN:193,(anonymous_19)
FN:194,(anonymous_20)
FN:200,(anonymous_21)
FN:204,(anonymous_22)
FN:206,(anonymous_23)
FN:224,(anonymous_24)
FN:245,(anonymous_25)
FN:263,(anonymous_26)
FN:274,(anonymous_27)
FN:280,(anonymous_28)
FN:291,(anonymous_29)
FN:301,(anonymous_30)
FN:309,(anonymous_31)
FN:317,(anonymous_32)
FN:331,(anonymous_33)
FNF:34
FNH:0
FNDA:0,(anonymous_0)
FNDA:0,(anonymous_1)
FNDA:0,(anonymous_2)
FNDA:0,(anonymous_3)
FNDA:0,(anonymous_4)
FNDA:0,(anonymous_5)
FNDA:0,(anonymous_6)
FNDA:0,(anonymous_7)
FNDA:0,(anonymous_8)
FNDA:0,(anonymous_9)
FNDA:0,(anonymous_10)
FNDA:0,(anonymous_11)
FNDA:0,(anonymous_12)
FNDA:0,(anonymous_13)
FNDA:0,(anonymous_14)
FNDA:0,(anonymous_15)
FNDA:0,(anonymous_16)
FNDA:0,(anonymous_17)
FNDA:0,(anonymous_18)
FNDA:0,(anonymous_19)
FNDA:0,(anonymous_20)
FNDA:0,(anonymous_21)
FNDA:0,(anonymous_22)
FNDA:0,(anonymous_23)
FNDA:0,(anonymous_24)
FNDA:0,(anonymous_25)
FNDA:0,(anonymous_26)
FNDA:0,(anonymous_27)
FNDA:0,(anonymous_28)
FNDA:0,(anonymous_29)
FNDA:0,(anonymous_30)
FNDA:0,(anonymous_31)
FNDA:0,(anonymous_32)
FNDA:0,(anonymous_33)
DA:6,0
DA:7,0
DA:9,0
DA:10,0
DA:12,0
DA:17,0
DA:18,0
DA:19,0
DA:20,0
DA:21,0
DA:22,0
DA:27,0
DA:28,0
DA:29,0
DA:30,0
DA:34,0
DA:35,0
DA:37,0
DA:38,0
DA:39,0
DA:43,0
DA:45,0
DA:47,0
DA:50,0
DA:51,0
DA:52,0
DA:56,0
DA:57,0
DA:58,0
DA:59,0
DA:64,0
DA:65,0
DA:66,0
DA:67,0
DA:68,0
DA:71,0
DA:72,0
DA:81,0
DA:82,0
DA:83,0
DA:84,0
DA:85,0
DA:86,0
DA:87,0
DA:90,0
DA:91,0
DA:92,0
DA:93,0
DA:94,0
DA:95,0
DA:98,0
DA:99,0
DA:100,0
DA:104,0
DA:105,0
DA:106,0
DA:107,0
DA:108,0
DA:115,0
DA:119,0
DA:122,0
DA:123,0
DA:124,0
DA:127,0
DA:128,0
DA:129,0
DA:132,0
DA:133,0
DA:134,0
DA:137,0
DA:138,0
DA:139,0
DA:142,0
DA:143,0
DA:146,0
DA:147,0
DA:148,0
DA:149,0
DA:154,0
DA:156,0
DA:158,0
DA:159,0
DA:160,0
DA:163,0
DA:164,0
DA:165,0
DA:168,0
DA:169,0
DA:170,0
DA:173,0
DA:174,0
DA:175,0
DA:178,0
DA:183,0
DA:184,0
DA:185,0
DA:188,0
DA:189,0
DA:191,0
DA:193,0
DA:194,0
DA:195,0
DA:201,0
DA:202,0
DA:204,0
DA:205,0
DA:207,0
DA:209,0
DA:212,0
DA:214,0
DA:215,0
DA:218,0
DA:219,0
DA:221,0
DA:225,0
DA:226,0
DA:227,0
DA:231,0
DA:232,0
DA:233,0
DA:234,0
DA:235,0
DA:238,0
DA:239,0
DA:246,0
DA:247,0
DA:248,0
DA:251,0
DA:253,0
DA:254,0
DA:257,0
DA:258,0
DA:260,0
DA:264,0
DA:265,0
DA:267,0
DA:270,0
DA:275,0
DA:276,0
DA:279,0
DA:280,0
DA:281,0
DA:282,0
DA:284,0
DA:290,0
DA:291,0
DA:292,0
DA:293,0
DA:295,0
DA:302,0
DA:303,0
DA:305,0
DA:310,0
DA:311,0
DA:313,0
DA:318,0
DA:319,0
DA:320,0
DA:321,0
DA:323,0
DA:325,0
DA:326,0
DA:327,0
DA:332,0
LF:164
LH:0
BRDA:10,0,0,0
BRDA:10,0,1,0
BRDA:33,1,0,0
BRDA:37,2,0,0
BRDA:37,2,1,0
BRDA:43,3,0,0
BRDA:43,3,1,0
BRDA:45,4,0,0
BRDA:45,4,1,0
BRDA:45,5,0,0
BRDA:45,5,1,0
BRDA:119,6,0,0
BRDA:119,6,1,0
BRDA:156,7,0,0
BRDA:156,7,1,0
BRDA:156,7,2,0
BRDA:156,7,3,0
BRDA:156,7,4,0
BRDA:183,8,0,0
BRDA:183,8,1,0
BRDA:201,9,0,0
BRDA:201,9,1,0
BRDA:201,10,0,0
BRDA:201,10,1,0
BRDA:214,11,0,0
BRDA:214,11,1,0
BRDA:218,12,0,0
BRDA:218,12,1,0
BRDA:225,13,0,0
BRDA:225,13,1,0
BRDA:225,14,0,0
BRDA:225,14,1,0
BRDA:226,15,0,0
BRDA:226,15,1,0
BRDA:231,16,0,0
BRDA:231,16,1,0
BRDA:234,17,0,0
BRDA:234,17,1,0
BRDA:238,18,0,0
BRDA:238,18,1,0
BRDA:246,19,0,0
BRDA:246,19,1,0
BRDA:246,20,0,0
BRDA:246,20,1,0
BRDA:253,21,0,0
BRDA:253,21,1,0
BRDA:257,22,0,0
BRDA:257,22,1,0
BRDA:264,23,0,0
BRDA:264,23,1,0
BRDA:264,24,0,0
BRDA:264,24,1,0
BRDA:265,25,0,0
BRDA:265,25,1,0
BRDA:279,26,0,0
BRDA:279,26,1,0
BRDA:279,27,0,0
BRDA:279,27,1,0
BRDA:290,28,0,0
BRDA:290,28,1,0
BRDA:290,29,0,0
BRDA:290,29,1,0
BRDA:302,30,0,0
BRDA:302,30,1,0
BRDA:302,31,0,0
BRDA:302,31,1,0
BRDA:302,31,2,0
BRDA:310,32,0,0
BRDA:310,32,1,0
BRDA:310,33,0,0
BRDA:310,33,1,0
BRDA:310,33,2,0
BRDA:318,34,0,0
BRDA:318,34,1,0
BRDA:320,35,0,0
BRDA:320,35,1,0
BRF:76
BRH:0
end_of_record
TN:
SF:utils/categories.js
FNF:0
FNH:0
DA:1,0
LF:1
LH:0
BRF:0
BRH:0
end_of_record
TN:
SF:utils/navigationStates.js
FN:22,(anonymous_0)
FN:45,(anonymous_1)
FN:95,(anonymous_2)
FN:109,(anonymous_3)
FN:121,(anonymous_4)
FN:130,(anonymous_5)
FN:143,(anonymous_6)
FNF:7
FNH:0
FNDA:0,(anonymous_0)
FNDA:0,(anonymous_1)
FNDA:0,(anonymous_2)
FNDA:0,(anonymous_3)
FNDA:0,(anonymous_4)
FNDA:0,(anonymous_5)
FNDA:0,(anonymous_6)
DA:2,0
DA:12,0
DA:22,0
DA:23,0
DA:26,0
DA:34,0
DA:41,0
DA:45,0
DA:46,0
DA:48,0
DA:55,0
DA:62,0
DA:69,0
DA:76,0
DA:83,0
DA:90,0
DA:95,0
DA:96,0
DA:97,0
DA:98,0
DA:100,0
DA:103,0
DA:104,0
DA:105,0
DA:109,0
DA:110,0
DA:117,0
DA:121,0
DA:122,0
DA:123,0
DA:125,0
DA:130,0
DA:131,0
DA:132,0
DA:133,0
DA:134,0
DA:136,0
DA:137,0
DA:138,0
DA:143,0
DA:145,0
DA:146,0
DA:147,0
DA:148,0
LF:44
LH:0
BRDA:23,0,0,0
BRDA:23,0,1,0
BRDA:23,0,2,0
BRDA:23,0,3,0
BRDA:23,0,4,0
BRDA:46,1,0,0
BRDA:46,1,1,0
BRDA:46,1,2,0
BRDA:46,1,3,0
BRDA:46,1,4,0
BRDA:46,1,5,0
BRDA:46,1,6,0
BRDA:109,2,0,0
BRDA:122,3,0,0
BRDA:122,3,1,0
BRDA:131,4,0,0
BRDA:131,4,1,0
BRDA:133,5,0,0
BRDA:133,5,1,0
BRDA:143,6,0,0
BRF:20
BRH:0
end_of_record
